mode: set
scanner_eth/fetch/cache_erc20.go:19.23,20.27 1 1
scanner_eth/fetch/cache_erc20.go:20.27,22.3 1 1
scanner_eth/fetch/cache_erc20.go:26.23,28.2 1 1
scanner_eth/fetch/cache_erc20.go:41.34,43.2 1 1
scanner_eth/fetch/cache_erc20.go:46.88,50.59 4 1
scanner_eth/fetch/cache_erc20.go:50.59,52.3 1 1
scanner_eth/fetch/cache_erc20.go:53.2,53.23 1 1
scanner_eth/fetch/cache_erc20.go:53.23,57.3 3 1
scanner_eth/fetch/cache_erc20.go:60.2,60.15 1 1
scanner_eth/fetch/cache_erc20.go:60.15,62.73 2 1
scanner_eth/fetch/cache_erc20.go:62.73,72.4 3 1
scanner_eth/fetch/cache_erc20.go:74.2,74.19 1 1
scanner_eth/fetch/cache_erc20.go:77.70,78.14 1 1
scanner_eth/fetch/cache_erc20.go:78.14,80.3 1 1
scanner_eth/fetch/cache_erc20.go:81.2,83.88 3 1
scanner_eth/fetch/cache_erc721.go:19.24,20.36 1 1
scanner_eth/fetch/cache_erc721.go:20.36,22.3 1 1
scanner_eth/fetch/cache_erc721.go:26.24,28.2 1 1
scanner_eth/fetch/cache_erc721.go:41.52,43.2 1 1
scanner_eth/fetch/cache_erc721.go:46.98,50.59 4 1
scanner_eth/fetch/cache_erc721.go:50.59,52.3 1 1
scanner_eth/fetch/cache_erc721.go:53.2,53.23 1 1
scanner_eth/fetch/cache_erc721.go:53.23,57.3 3 1
scanner_eth/fetch/cache_erc721.go:60.2,60.15 1 1
scanner_eth/fetch/cache_erc721.go:60.15,62.73 2 1
scanner_eth/fetch/cache_erc721.go:62.73,70.4 3 1
scanner_eth/fetch/cache_erc721.go:72.2,72.19 1 1
scanner_eth/fetch/cache_erc721.go:75.80,76.14 1 1
scanner_eth/fetch/cache_erc721.go:76.14,78.3 1 1
scanner_eth/fetch/cache_erc721.go:79.2,81.98 3 1
scanner_eth/fetch/convert.go:26.63,40.2 13 1
scanner_eth/fetch/convert.go:42.116,43.22 1 1
scanner_eth/fetch/convert.go:43.22,45.3 1 0
scanner_eth/fetch/convert.go:46.2,78.52 9 1
scanner_eth/fetch/convert.go:78.52,80.17 2 1
scanner_eth/fetch/convert.go:80.17,104.4 3 1
scanner_eth/fetch/convert.go:107.3,107.25 1 1
scanner_eth/fetch/convert.go:107.25,108.53 1 1
scanner_eth/fetch/convert.go:108.53,126.5 2 1
scanner_eth/fetch/convert.go:129.3,129.64 1 1
scanner_eth/fetch/convert.go:129.64,131.56 1 1
scanner_eth/fetch/convert.go:131.56,147.5 3 1
scanner_eth/fetch/convert.go:149.4,149.76 1 1
scanner_eth/fetch/convert.go:149.76,161.5 3 1
scanner_eth/fetch/convert.go:163.4,163.78 1 1
scanner_eth/fetch/convert.go:163.78,175.5 3 1
scanner_eth/fetch/convert.go:177.4,177.81 1 1
scanner_eth/fetch/convert.go:177.81,178.76 1 1
scanner_eth/fetch/convert.go:178.76,192.6 2 1
scanner_eth/fetch/convert.go:197.2,200.22 3 1
scanner_eth/fetch/convert.go:200.22,201.50 1 1
scanner_eth/fetch/convert.go:201.50,210.4 2 1
scanner_eth/fetch/convert.go:213.2,214.27 2 1
scanner_eth/fetch/convert.go:214.27,215.55 1 1
scanner_eth/fetch/convert.go:215.55,224.4 2 1
scanner_eth/fetch/convert.go:227.2,228.28 2 1
scanner_eth/fetch/convert.go:228.28,229.56 1 1
scanner_eth/fetch/convert.go:229.56,236.4 2 1
scanner_eth/fetch/convert.go:239.2,240.27 2 1
scanner_eth/fetch/convert.go:240.27,241.54 1 1
scanner_eth/fetch/convert.go:241.54,248.4 2 1
scanner_eth/fetch/convert.go:251.2,252.26 2 1
scanner_eth/fetch/convert.go:252.26,253.53 1 1
scanner_eth/fetch/convert.go:253.53,261.4 2 1
scanner_eth/fetch/convert.go:264.2,265.28 2 1
scanner_eth/fetch/convert.go:265.28,266.55 1 1
scanner_eth/fetch/convert.go:266.55,275.4 2 1
scanner_eth/fetch/convert.go:278.2,279.25 2 1
scanner_eth/fetch/convert.go:279.25,280.50 1 1
scanner_eth/fetch/convert.go:280.50,290.4 2 1
scanner_eth/fetch/convert.go:293.2,308.3 1 1
scanner_eth/fetch/convert.go:311.119,312.22 1 1
scanner_eth/fetch/convert.go:312.22,314.3 1 0
scanner_eth/fetch/convert.go:316.2,317.28 2 1
scanner_eth/fetch/convert.go:317.28,341.3 1 1
scanner_eth/fetch/convert.go:343.2,352.31 2 1
scanner_eth/fetch/convert.go:352.31,353.65 1 1
scanner_eth/fetch/convert.go:353.65,354.23 1 1
scanner_eth/fetch/convert.go:354.23,355.13 1 0
scanner_eth/fetch/convert.go:357.4,363.6 1 1
scanner_eth/fetch/convert.go:366.3,366.66 1 1
scanner_eth/fetch/convert.go:366.66,367.23 1 1
scanner_eth/fetch/convert.go:367.23,368.13 1 0
scanner_eth/fetch/convert.go:370.4,374.6 1 1
scanner_eth/fetch/convert.go:377.3,377.64 1 1
scanner_eth/fetch/convert.go:377.64,378.22 1 1
scanner_eth/fetch/convert.go:378.22,379.13 1 0
scanner_eth/fetch/convert.go:381.4,385.6 1 1
scanner_eth/fetch/convert.go:388.3,388.63 1 1
scanner_eth/fetch/convert.go:388.63,389.22 1 1
scanner_eth/fetch/convert.go:389.22,390.13 1 0
scanner_eth/fetch/convert.go:392.4,397.6 1 1
scanner_eth/fetch/convert.go:400.3,400.65 1 1
scanner_eth/fetch/convert.go:400.65,401.22 1 1
scanner_eth/fetch/convert.go:401.22,402.13 1 0
scanner_eth/fetch/convert.go:404.4,410.6 1 1
scanner_eth/fetch/convert.go:413.3,413.60 1 1
scanner_eth/fetch/convert.go:413.60,414.20 1 1
scanner_eth/fetch/convert.go:414.20,415.13 1 0
scanner_eth/fetch/convert.go:417.4,424.6 1 1
scanner_eth/fetch/convert.go:428.2,434.68 6 1
scanner_eth/fetch/convert.go:434.68,435.17 1 1
scanner_eth/fetch/convert.go:435.17,437.4 1 1
scanner_eth/fetch/convert.go:439.3,439.31 1 0
scanner_eth/fetch/convert.go:440.22,441.33 1 0
scanner_eth/fetch/convert.go:441.33,443.5 1 0
scanner_eth/fetch/convert.go:444.41,445.33 1 0
scanner_eth/fetch/convert.go:445.33,447.5 1 0
scanner_eth/fetch/convert.go:448.11,449.16 1 0
scanner_eth/fetch/convert.go:453.2,453.46 1 1
scanner_eth/fetch/convert.go:453.46,454.40 1 1
scanner_eth/fetch/convert.go:454.40,455.12 1 0
scanner_eth/fetch/convert.go:458.3,460.56 2 1
scanner_eth/fetch/convert.go:460.56,461.27 1 1
scanner_eth/fetch/convert.go:461.27,462.13 1 0
scanner_eth/fetch/convert.go:465.4,466.36 2 1
scanner_eth/fetch/convert.go:466.36,468.5 1 1
scanner_eth/fetch/convert.go:470.4,470.66 1 1
scanner_eth/fetch/convert.go:470.66,471.30 1 0
scanner_eth/fetch/convert.go:472.34,473.308 1 0
scanner_eth/fetch/convert.go:474.33,475.308 1 0
scanner_eth/fetch/convert.go:476.26,477.286 1 0
scanner_eth/fetch/convert.go:478.25,479.286 1 0
scanner_eth/fetch/convert.go:480.37,481.237 1 0
scanner_eth/fetch/convert.go:482.36,483.237 1 0
scanner_eth/fetch/convert.go:487.4,487.74 1 1
scanner_eth/fetch/convert.go:487.74,488.30 1 0
scanner_eth/fetch/convert.go:489.42,490.202 1 0
scanner_eth/fetch/convert.go:491.41,492.202 1 0
scanner_eth/fetch/convert.go:496.4,496.71 1 1
scanner_eth/fetch/convert.go:496.71,497.30 1 0
scanner_eth/fetch/convert.go:498.42,499.312 1 0
scanner_eth/fetch/convert.go:500.41,501.312 1 0
scanner_eth/fetch/convert.go:502.45,503.405 1 0
scanner_eth/fetch/convert.go:504.44,505.405 1 0
scanner_eth/fetch/convert.go:509.4,509.76 1 1
scanner_eth/fetch/convert.go:509.76,510.30 1 0
scanner_eth/fetch/convert.go:511.41,512.269 1 0
scanner_eth/fetch/convert.go:513.40,514.269 1 0
scanner_eth/fetch/convert.go:515.25,516.269 1 0
scanner_eth/fetch/convert.go:517.24,518.269 1 0
scanner_eth/fetch/convert.go:519.36,520.258 1 0
scanner_eth/fetch/convert.go:521.35,522.258 1 0
scanner_eth/fetch/convert.go:523.41,524.315 1 0
scanner_eth/fetch/convert.go:525.40,526.315 1 0
scanner_eth/fetch/convert.go:527.47,528.181 1 0
scanner_eth/fetch/convert.go:529.46,530.181 1 0
scanner_eth/fetch/convert.go:531.43,532.181 1 0
scanner_eth/fetch/convert.go:533.42,534.181 1 0
scanner_eth/fetch/convert.go:535.44,536.284 1 0
scanner_eth/fetch/convert.go:537.43,538.284 1 0
scanner_eth/fetch/convert.go:539.45,540.173 1 0
scanner_eth/fetch/convert.go:541.44,542.173 1 0
scanner_eth/fetch/convert.go:543.49,544.311 1 0
scanner_eth/fetch/convert.go:545.48,546.311 1 0
scanner_eth/fetch/convert.go:547.50,548.188 1 0
scanner_eth/fetch/convert.go:549.49,550.188 1 0
scanner_eth/fetch/convert.go:551.44,552.258 1 0
scanner_eth/fetch/convert.go:553.43,554.258 1 0
scanner_eth/fetch/convert.go:558.4,558.71 1 1
scanner_eth/fetch/convert.go:558.71,559.30 1 0
scanner_eth/fetch/convert.go:560.30,561.254 1 0
scanner_eth/fetch/convert.go:562.29,563.254 1 0
scanner_eth/fetch/convert.go:569.2,577.3 1 1
scanner_eth/fetch/db_operator.go:21.68,23.2 1 1
scanner_eth/fetch/db_operator.go:25.80,27.2 1 1
scanner_eth/fetch/db_operator.go:29.82,30.18 1 1
scanner_eth/fetch/db_operator.go:30.18,32.3 1 1
scanner_eth/fetch/db_operator.go:34.2,35.97 2 1
scanner_eth/fetch/db_operator.go:35.97,37.3 1 0
scanner_eth/fetch/db_operator.go:38.2,38.22 1 1
scanner_eth/fetch/db_operator.go:38.22,40.3 1 1
scanner_eth/fetch/db_operator.go:42.2,44.77 3 1
scanner_eth/fetch/db_operator.go:44.77,46.3 1 1
scanner_eth/fetch/db_operator.go:48.2,49.102 2 1
scanner_eth/fetch/db_operator.go:49.102,51.3 1 0
scanner_eth/fetch/db_operator.go:52.2,52.20 1 1
scanner_eth/fetch/db_operator.go:55.83,56.18 1 1
scanner_eth/fetch/db_operator.go:56.18,58.3 1 1
scanner_eth/fetch/db_operator.go:60.2,60.97 1 1
scanner_eth/fetch/db_operator.go:60.97,62.3 1 1
scanner_eth/fetch/db_operator.go:64.2,65.12 2 0
scanner_eth/fetch/fetch_manager.go:56.17,64.33 6 1
scanner_eth/fetch/fetch_manager.go:64.33,66.3 1 0
scanner_eth/fetch/fetch_manager.go:68.2,88.85 4 1
scanner_eth/fetch/fetch_manager.go:88.85,89.37 1 0
scanner_eth/fetch/fetch_manager.go:89.37,91.4 1 0
scanner_eth/fetch/fetch_manager.go:92.3,94.17 3 0
scanner_eth/fetch/fetch_manager.go:96.2,96.11 1 1
scanner_eth/fetch/fetch_manager.go:99.31,100.15 1 1
scanner_eth/fetch/fetch_manager.go:100.15,102.3 1 1
scanner_eth/fetch/fetch_manager.go:103.2,104.24 2 1
scanner_eth/fetch/fetch_manager.go:104.24,106.3 1 1
scanner_eth/fetch/fetch_manager.go:107.2,107.122 1 0
scanner_eth/fetch/fetch_manager.go:110.32,111.15 1 1
scanner_eth/fetch/fetch_manager.go:111.15,113.3 1 1
scanner_eth/fetch/fetch_manager.go:114.2,115.24 2 1
scanner_eth/fetch/fetch_manager.go:115.24,117.3 1 0
scanner_eth/fetch/fetch_manager.go:118.2,118.20 1 1
scanner_eth/fetch/fetch_manager.go:121.60,122.35 1 1
scanner_eth/fetch/fetch_manager.go:122.35,124.3 1 0
scanner_eth/fetch/fetch_manager.go:125.2,125.36 1 1
scanner_eth/fetch/fetch_manager.go:125.36,126.47 1 1
scanner_eth/fetch/fetch_manager.go:126.47,128.4 1 1
scanner_eth/fetch/fetch_manager.go:132.59,133.28 1 1
scanner_eth/fetch/fetch_manager.go:133.28,135.3 1 1
scanner_eth/fetch/fetch_manager.go:136.2,136.12 1 1
scanner_eth/fetch/fetch_manager.go:136.12,137.62 1 1
scanner_eth/fetch/fetch_manager.go:137.62,138.32 1 1
scanner_eth/fetch/fetch_manager.go:138.32,139.13 1 0
scanner_eth/fetch/fetch_manager.go:141.4,142.61 2 1
scanner_eth/fetch/fetch_manager.go:142.61,149.5 1 1
scanner_eth/fetch/fetch_manager.go:150.4,150.20 1 1
scanner_eth/fetch/fetch_manager.go:155.67,160.16 4 1
scanner_eth/fetch/fetch_manager.go:160.16,162.3 1 0
scanner_eth/fetch/fetch_manager.go:164.2,165.16 2 1
scanner_eth/fetch/fetch_manager.go:165.16,167.3 1 0
scanner_eth/fetch/fetch_manager.go:169.2,169.16 1 1
scanner_eth/fetch/fetch_manager.go:169.16,171.3 1 1
scanner_eth/fetch/fetch_manager.go:171.8,172.34 1 1
scanner_eth/fetch/fetch_manager.go:172.34,174.4 1 0
scanner_eth/fetch/fetch_manager.go:176.3,176.55 1 1
scanner_eth/fetch/fetch_manager.go:179.2,184.12 5 1
scanner_eth/fetch/fetch_manager.go:187.65,194.2 6 1
scanner_eth/fetch/fetch_manager.go:196.41,201.12 3 1
scanner_eth/fetch/fetch_manager.go:201.12,205.7 3 1
scanner_eth/fetch/fetch_manager.go:205.7,206.11 1 1
scanner_eth/fetch/fetch_manager.go:207.26,208.11 1 0
scanner_eth/fetch/fetch_manager.go:209.20,210.27 1 0
scanner_eth/fetch/fetch_manager.go:211.28,212.27 1 0
scanner_eth/fetch/fetch_manager.go:218.39,219.65 1 1
scanner_eth/fetch/fetch_manager.go:219.65,221.3 1 1
scanner_eth/fetch/fetch_manager.go:222.2,222.9 1 1
scanner_eth/fetch/fetch_manager.go:223.38,223.38 0 1
scanner_eth/fetch/fetch_manager.go:224.10,224.10 0 1
scanner_eth/fetch/fetch_manager.go:228.46,229.15 1 1
scanner_eth/fetch/fetch_manager.go:229.15,231.3 1 1
scanner_eth/fetch/fetch_manager.go:232.2,232.30 1 1
scanner_eth/fetch/fetch_manager.go:235.40,236.30 1 1
scanner_eth/fetch/fetch_manager.go:236.30,239.3 2 1
scanner_eth/fetch/fetch_manager.go:242.45,252.2 9 1
scanner_eth/fetch/fetcher.go:26.39,28.2 1 1
scanner_eth/fetch/fetcher.go:54.48,56.2 1 1
scanner_eth/fetch/fetcher.go:60.16,64.2 1 1
scanner_eth/fetch/fetcher.go:66.144,68.2 1 0
scanner_eth/fetch/fetcher.go:70.140,72.2 1 0
scanner_eth/fetch/fetcher.go:74.143,76.2 1 0
scanner_eth/fetch/fetcher.go:78.77,80.36 2 1
scanner_eth/fetch/fetcher.go:80.36,82.3 1 1
scanner_eth/fetch/fetcher.go:83.2,83.12 1 1
scanner_eth/fetch/fetcher.go:104.126,110.16 5 0
scanner_eth/fetch/fetcher.go:110.16,113.3 2 0
scanner_eth/fetch/fetcher.go:115.2,117.22 2 0
scanner_eth/fetch/fetcher.go:120.122,124.16 4 0
scanner_eth/fetch/fetcher.go:124.16,127.3 2 0
scanner_eth/fetch/fetcher.go:129.2,129.30 1 0
scanner_eth/fetch/fetcher.go:129.30,132.3 2 0
scanner_eth/fetch/fetcher.go:134.2,135.22 2 0
scanner_eth/fetch/fetcher.go:142.125,149.32 4 0
scanner_eth/fetch/fetcher.go:149.32,151.3 1 0
scanner_eth/fetch/fetcher.go:154.2,155.20 2 0
scanner_eth/fetch/fetcher.go:155.20,157.3 1 0
scanner_eth/fetch/fetcher.go:159.2,159.20 1 0
scanner_eth/fetch/fetcher.go:159.20,161.3 1 0
scanner_eth/fetch/fetcher.go:165.2,196.34 5 0
scanner_eth/fetch/fetcher.go:196.34,199.46 3 0
scanner_eth/fetch/fetcher.go:199.46,206.4 2 0
scanner_eth/fetch/fetcher.go:208.3,208.89 1 0
scanner_eth/fetch/fetcher.go:208.89,211.4 2 0
scanner_eth/fetch/fetcher.go:213.3,213.34 1 0
scanner_eth/fetch/fetcher.go:213.34,214.25 1 0
scanner_eth/fetch/fetcher.go:214.25,217.5 2 0
scanner_eth/fetch/fetcher.go:218.4,219.41 2 0
scanner_eth/fetch/fetcher.go:219.41,222.5 2 0
scanner_eth/fetch/fetcher.go:223.4,223.31 1 0
scanner_eth/fetch/fetcher.go:226.3,226.166 1 0
scanner_eth/fetch/fetcher.go:230.2,231.2 2 0
scanner_eth/fetch/fetcher.go:231.2,234.46 3 0
scanner_eth/fetch/fetcher.go:234.46,243.4 4 0
scanner_eth/fetch/fetcher.go:245.3,245.29 1 0
scanner_eth/fetch/fetcher.go:245.29,246.96 1 0
scanner_eth/fetch/fetcher.go:246.96,249.5 2 0
scanner_eth/fetch/fetcher.go:251.4,251.41 1 0
scanner_eth/fetch/fetcher.go:251.41,252.26 1 0
scanner_eth/fetch/fetcher.go:252.26,255.6 2 0
scanner_eth/fetch/fetcher.go:258.3,258.157 1 0
scanner_eth/fetch/fetcher.go:262.2,263.22 2 0
scanner_eth/fetch/fetcher.go:263.22,268.122 3 0
scanner_eth/fetch/fetcher.go:268.122,271.4 2 0
scanner_eth/fetch/fetcher.go:272.3,272.50 1 0
scanner_eth/fetch/fetcher.go:272.50,273.26 1 0
scanner_eth/fetch/fetcher.go:273.26,276.5 2 0
scanner_eth/fetch/fetcher.go:277.4,277.60 1 0
scanner_eth/fetch/fetcher.go:277.60,280.5 2 0
scanner_eth/fetch/fetcher.go:285.2,296.47 7 0
scanner_eth/fetch/fetcher.go:296.47,297.49 1 0
scanner_eth/fetch/fetcher.go:297.49,300.4 2 0
scanner_eth/fetch/fetcher.go:302.2,302.63 1 0
scanner_eth/fetch/fetcher.go:302.63,303.49 1 0
scanner_eth/fetch/fetcher.go:303.49,306.4 2 0
scanner_eth/fetch/fetcher.go:310.2,310.52 1 0
scanner_eth/fetch/fetcher.go:310.52,312.3 1 0
scanner_eth/fetch/fetcher.go:313.2,313.68 1 0
scanner_eth/fetch/fetcher.go:313.68,315.3 1 0
scanner_eth/fetch/fetcher.go:318.2,318.54 1 0
scanner_eth/fetch/fetcher.go:318.54,319.20 1 0
scanner_eth/fetch/fetcher.go:319.20,320.44 1 0
scanner_eth/fetch/fetcher.go:320.44,322.5 1 0
scanner_eth/fetch/fetcher.go:323.4,323.42 1 0
scanner_eth/fetch/fetcher.go:328.2,329.2 2 0
scanner_eth/fetch/fetcher.go:329.2,330.42 1 0
scanner_eth/fetch/fetcher.go:330.42,334.4 1 0
scanner_eth/fetch/fetcher.go:336.3,336.79 1 0
scanner_eth/fetch/fetcher.go:336.79,339.4 2 0
scanner_eth/fetch/fetcher.go:343.2,344.2 2 0
scanner_eth/fetch/fetcher.go:344.2,345.44 1 0
scanner_eth/fetch/fetcher.go:345.44,346.32 1 0
scanner_eth/fetch/fetcher.go:346.32,351.5 1 0
scanner_eth/fetch/fetcher.go:354.3,354.83 1 0
scanner_eth/fetch/fetcher.go:354.83,357.4 2 0
scanner_eth/fetch/fetcher.go:360.2,361.2 2 0
scanner_eth/fetch/fetcher.go:361.2,362.68 1 0
scanner_eth/fetch/fetcher.go:362.68,363.33 1 0
scanner_eth/fetch/fetcher.go:363.33,369.5 1 0
scanner_eth/fetch/fetcher.go:372.3,372.87 1 0
scanner_eth/fetch/fetcher.go:372.87,375.4 2 0
scanner_eth/fetch/fetcher.go:379.2,380.50 2 0
scanner_eth/fetch/fetcher.go:380.50,382.3 1 0
scanner_eth/fetch/fetcher.go:383.2,383.55 1 0
scanner_eth/fetch/fetcher.go:383.55,385.59 2 0
scanner_eth/fetch/fetcher.go:385.59,387.4 1 0
scanner_eth/fetch/fetcher.go:388.3,389.17 2 0
scanner_eth/fetch/fetcher.go:389.17,392.4 2 0
scanner_eth/fetch/fetcher.go:393.3,393.36 1 0
scanner_eth/fetch/fetcher.go:393.36,396.30 3 0
scanner_eth/fetch/fetcher.go:396.30,398.5 1 0
scanner_eth/fetch/fetcher.go:399.4,399.30 1 0
scanner_eth/fetch/fetcher.go:399.30,401.5 1 0
scanner_eth/fetch/fetcher.go:406.2,407.2 2 0
scanner_eth/fetch/fetcher.go:407.2,408.35 1 0
scanner_eth/fetch/fetcher.go:408.35,410.11 2 0
scanner_eth/fetch/fetcher.go:410.11,414.19 4 0
scanner_eth/fetch/fetcher.go:414.19,416.6 1 0
scanner_eth/fetch/fetcher.go:418.4,418.64 1 0
scanner_eth/fetch/fetcher.go:423.2,424.2 2 0
scanner_eth/fetch/fetcher.go:424.2,425.52 1 0
scanner_eth/fetch/fetcher.go:425.52,427.11 2 0
scanner_eth/fetch/fetcher.go:427.11,431.19 4 0
scanner_eth/fetch/fetcher.go:431.19,433.6 1 0
scanner_eth/fetch/fetcher.go:435.4,435.67 1 0
scanner_eth/fetch/fetcher.go:440.2,441.2 2 0
scanner_eth/fetch/fetcher.go:441.2,442.47 1 0
scanner_eth/fetch/fetcher.go:442.47,445.11 3 0
scanner_eth/fetch/fetcher.go:445.11,447.13 2 0
scanner_eth/fetch/fetcher.go:449.4,450.18 2 0
scanner_eth/fetch/fetcher.go:450.18,452.5 1 0
scanner_eth/fetch/fetcher.go:453.4,453.58 1 0
scanner_eth/fetch/fetcher.go:456.2,457.66 2 0
scanner_eth/fetch/fetcher.go:457.66,459.3 1 0
scanner_eth/fetch/fetcher.go:460.2,460.50 1 0
scanner_eth/fetch/fetcher.go:460.50,461.62 1 0
scanner_eth/fetch/fetcher.go:461.62,463.4 1 0
scanner_eth/fetch/fetcher.go:463.9,465.4 1 0
scanner_eth/fetch/fetcher.go:468.2,484.18 2 0
scanner_eth/fetch/fetcher.go:487.124,501.36 10 0
scanner_eth/fetch/fetcher.go:501.36,513.88 6 0
scanner_eth/fetch/fetcher.go:513.88,514.27 1 0
scanner_eth/fetch/fetcher.go:514.27,523.5 3 0
scanner_eth/fetch/fetcher.go:526.3,527.53 2 0
scanner_eth/fetch/fetcher.go:527.53,529.4 1 0
scanner_eth/fetch/fetcher.go:531.3,532.24 2 0
scanner_eth/fetch/fetcher.go:532.24,534.4 1 0
scanner_eth/fetch/fetcher.go:534.9,536.4 1 0
scanner_eth/fetch/fetcher.go:540.3,549.43 8 0
scanner_eth/fetch/fetcher.go:549.43,552.4 2 0
scanner_eth/fetch/fetcher.go:553.3,553.32 1 0
scanner_eth/fetch/fetcher.go:553.32,555.4 1 0
scanner_eth/fetch/fetcher.go:556.3,556.40 1 0
scanner_eth/fetch/fetcher.go:556.40,558.4 1 0
scanner_eth/fetch/fetcher.go:561.3,583.19 3 0
scanner_eth/fetch/fetcher.go:583.19,585.4 1 0
scanner_eth/fetch/fetcher.go:587.3,589.38 2 0
scanner_eth/fetch/fetcher.go:589.38,592.29 2 0
scanner_eth/fetch/fetcher.go:593.11,594.35 1 0
scanner_eth/fetch/fetcher.go:595.11,597.35 2 0
scanner_eth/fetch/fetcher.go:598.11,601.35 3 0
scanner_eth/fetch/fetcher.go:602.11,606.35 4 0
scanner_eth/fetch/fetcher.go:608.4,634.33 8 0
scanner_eth/fetch/fetcher.go:634.33,640.41 4 0
scanner_eth/fetch/fetcher.go:640.41,641.51 1 0
scanner_eth/fetch/fetcher.go:641.51,643.7 1 0
scanner_eth/fetch/fetcher.go:644.6,644.53 1 0
scanner_eth/fetch/fetcher.go:644.53,646.7 1 0
scanner_eth/fetch/fetcher.go:648.6,649.62 2 0
scanner_eth/fetch/fetcher.go:652.5,652.41 1 0
scanner_eth/fetch/fetcher.go:652.41,654.6 1 0
scanner_eth/fetch/fetcher.go:656.5,660.13 4 0
scanner_eth/fetch/fetcher.go:664.4,665.34 2 0
scanner_eth/fetch/fetcher.go:665.34,674.41 4 0
scanner_eth/fetch/fetcher.go:674.41,676.6 1 0
scanner_eth/fetch/fetcher.go:678.5,682.13 4 0
scanner_eth/fetch/fetcher.go:686.4,687.35 2 0
scanner_eth/fetch/fetcher.go:687.35,697.79 8 0
scanner_eth/fetch/fetcher.go:697.79,699.6 1 0
scanner_eth/fetch/fetcher.go:700.5,700.54 1 0
scanner_eth/fetch/fetcher.go:700.54,702.6 1 0
scanner_eth/fetch/fetcher.go:703.5,703.52 1 0
scanner_eth/fetch/fetcher.go:703.52,705.6 1 0
scanner_eth/fetch/fetcher.go:707.5,707.13 1 0
scanner_eth/fetch/fetcher.go:711.4,712.38 2 0
scanner_eth/fetch/fetcher.go:712.38,715.52 2 0
scanner_eth/fetch/fetcher.go:715.52,721.68 5 0
scanner_eth/fetch/fetcher.go:721.68,723.7 1 0
scanner_eth/fetch/fetcher.go:724.6,724.43 1 0
scanner_eth/fetch/fetcher.go:724.43,726.7 1 0
scanner_eth/fetch/fetcher.go:727.6,727.41 1 0
scanner_eth/fetch/fetcher.go:727.41,729.7 1 0
scanner_eth/fetch/fetcher.go:732.5,732.13 1 0
scanner_eth/fetch/fetcher.go:736.4,737.32 2 0
scanner_eth/fetch/fetcher.go:737.32,739.13 2 0
scanner_eth/fetch/fetcher.go:743.4,744.24 2 0
scanner_eth/fetch/fetcher.go:744.24,746.13 2 0
scanner_eth/fetch/fetcher.go:750.4,751.29 2 0
scanner_eth/fetch/fetcher.go:751.29,754.104 2 0
scanner_eth/fetch/fetcher.go:754.104,756.6 1 0
scanner_eth/fetch/fetcher.go:757.5,757.13 1 0
scanner_eth/fetch/fetcher.go:761.4,762.29 2 0
scanner_eth/fetch/fetcher.go:762.29,771.13 2 0
scanner_eth/fetch/fetcher.go:775.4,776.34 2 0
scanner_eth/fetch/fetcher.go:776.34,778.13 2 0
scanner_eth/fetch/fetcher.go:782.3,788.43 2 0
scanner_eth/fetch/fetcher.go:791.2,803.23 2 0
scanner_eth/fetch/fetcher.go:806.48,807.32 1 1
scanner_eth/fetch/fetcher.go:807.32,809.3 1 1
scanner_eth/fetch/fetcher.go:810.2,810.57 1 1
scanner_eth/fetch/fetcher.go:813.52,814.18 1 1
scanner_eth/fetch/fetcher.go:814.18,816.3 1 1
scanner_eth/fetch/fetcher.go:817.2,817.26 1 1
scanner_eth/fetch/fetcher.go:820.224,821.18 1 1
scanner_eth/fetch/fetcher.go:821.18,823.3 1 0
scanner_eth/fetch/fetcher.go:825.2,848.106 8 1
scanner_eth/fetch/fetcher.go:848.106,855.3 1 1
scanner_eth/fetch/fetcher.go:857.2,857.33 1 1
scanner_eth/fetch/fetcher.go:857.33,858.21 1 1
scanner_eth/fetch/fetcher.go:858.21,860.4 1 1
scanner_eth/fetch/fetcher.go:861.3,861.19 1 1
scanner_eth/fetch/fetcher.go:861.19,863.4 1 1
scanner_eth/fetch/fetcher.go:866.2,866.37 1 1
scanner_eth/fetch/fetcher.go:866.37,869.3 2 1
scanner_eth/fetch/fetcher.go:872.109,879.49 5 1
scanner_eth/fetch/fetcher.go:879.49,880.25 1 1
scanner_eth/fetch/fetcher.go:880.25,881.12 1 1
scanner_eth/fetch/fetcher.go:883.3,883.30 1 1
scanner_eth/fetch/fetcher.go:883.30,885.12 2 1
scanner_eth/fetch/fetcher.go:887.3,887.32 1 1
scanner_eth/fetch/fetcher.go:887.32,888.12 1 1
scanner_eth/fetch/fetcher.go:891.3,892.136 2 1
scanner_eth/fetch/fetcher.go:895.2,901.30 2 1
scanner_eth/fetch/hash_utils.go:5.40,6.16 1 1
scanner_eth/fetch/hash_utils.go:6.16,8.3 1 1
scanner_eth/fetch/hash_utils.go:9.2,9.30 1 1
scanner_eth/fetch/header_notifier.go:21.132,28.2 1 1
scanner_eth/fetch/header_notifier.go:30.33,31.35 1 1
scanner_eth/fetch/header_notifier.go:31.35,33.3 1 1
scanner_eth/fetch/header_notifier.go:35.2,35.12 1 0
scanner_eth/fetch/header_notifier.go:35.12,37.49 1 0
scanner_eth/fetch/header_notifier.go:37.49,40.4 2 0
scanner_eth/fetch/header_notifier.go:40.9,43.4 2 0
scanner_eth/fetch/header_notifier.go:47.42,52.1 3 0
scanner_eth/fetch/header_notifier.go:53.2,55.17 2 0
scanner_eth/fetch/header_notifier.go:55.17,58.18 3 0
scanner_eth/fetch/header_notifier.go:61.3,63.7 2 0
scanner_eth/fetch/header_notifier.go:63.7,64.11 1 0
scanner_eth/fetch/header_notifier.go:65.28,68.19 3 0
scanner_eth/fetch/header_notifier.go:69.36,70.22 1 0
scanner_eth/fetch/header_notifier.go:70.22,74.20 4 0
scanner_eth/fetch/header_notifier.go:77.5,90.6 6 0
scanner_eth/fetch/header_notifier.go:96.37,97.6 1 0
scanner_eth/fetch/header_notifier.go:97.6,99.17 2 0
scanner_eth/fetch/header_notifier.go:99.17,102.12 3 0
scanner_eth/fetch/header_notifier.go:104.3,104.20 1 0
scanner_eth/fetch/header_notifier.go:104.20,107.12 3 0
scanner_eth/fetch/header_notifier.go:110.3,127.38 6 0
scanner_eth/fetch/header_notifier.go:131.66,132.19 1 1
scanner_eth/fetch/header_notifier.go:132.19,134.3 1 1
scanner_eth/fetch/header_notifier.go:136.2,137.30 2 1
scanner_eth/fetch/header_notifier.go:137.30,139.3 1 1
scanner_eth/fetch/header_notifier.go:141.2,142.26 2 1
scanner_eth/fetch/header_notifier.go:142.26,144.3 1 1
scanner_eth/fetch/header_notifier.go:146.2,151.3 1 1
scanner_eth/fetch/node_manager.go:17.43,20.2 2 1
scanner_eth/fetch/node_manager.go:27.63,29.33 2 1
scanner_eth/fetch/node_manager.go:29.33,36.3 1 1
scanner_eth/fetch/node_manager.go:37.2,39.3 1 1
scanner_eth/fetch/node_manager.go:42.40,46.2 3 1
scanner_eth/fetch/node_manager.go:48.54,53.32 4 1
scanner_eth/fetch/node_manager.go:53.32,54.18 1 1
scanner_eth/fetch/node_manager.go:54.18,55.12 1 0
scanner_eth/fetch/node_manager.go:57.3,57.27 1 1
scanner_eth/fetch/node_manager.go:59.2,59.16 1 1
scanner_eth/fetch/node_manager.go:63.80,67.35 3 1
scanner_eth/fetch/node_manager.go:67.35,69.3 1 1
scanner_eth/fetch/node_manager.go:70.2,72.19 3 1
scanner_eth/fetch/node_manager.go:75.75,79.35 3 1
scanner_eth/fetch/node_manager.go:79.35,81.3 1 1
scanner_eth/fetch/node_manager.go:83.2,85.22 3 1
scanner_eth/fetch/node_manager.go:89.48,93.35 3 1
scanner_eth/fetch/node_manager.go:93.35,95.3 1 1
scanner_eth/fetch/node_manager.go:96.2,96.28 1 1
scanner_eth/fetch/node_manager.go:100.45,104.35 3 1
scanner_eth/fetch/node_manager.go:104.35,106.3 1 1
scanner_eth/fetch/node_manager.go:107.2,107.27 1 1
scanner_eth/fetch/node_manager.go:111.42,115.32 3 1
scanner_eth/fetch/node_manager.go:115.32,116.18 1 1
scanner_eth/fetch/node_manager.go:116.18,117.12 1 0
scanner_eth/fetch/node_manager.go:119.3,120.20 2 1
scanner_eth/fetch/node_manager.go:125.49,130.32 4 1
scanner_eth/fetch/node_manager.go:130.32,131.53 1 1
scanner_eth/fetch/node_manager.go:131.53,133.4 1 1
scanner_eth/fetch/node_manager.go:135.2,135.15 1 1
scanner_eth/fetch/node_manager.go:139.83,145.32 5 1
scanner_eth/fetch/node_manager.go:145.32,146.18 1 1
scanner_eth/fetch/node_manager.go:146.18,147.12 1 0
scanner_eth/fetch/node_manager.go:149.3,149.18 1 1
scanner_eth/fetch/node_manager.go:149.18,150.12 1 1
scanner_eth/fetch/node_manager.go:152.3,153.28 2 1
scanner_eth/fetch/node_manager.go:153.28,154.12 1 0
scanner_eth/fetch/node_manager.go:156.3,156.45 1 1
scanner_eth/fetch/node_manager.go:156.45,159.4 2 1
scanner_eth/fetch/node_manager.go:161.2,161.18 1 1
scanner_eth/fetch/node_manager.go:161.18,163.3 1 1
scanner_eth/fetch/node_manager.go:164.2,164.45 1 1
scanner_eth/fetch/node_operation.go:30.130,31.21 1 0
scanner_eth/fetch/node_operation.go:31.21,33.3 1 0
scanner_eth/fetch/node_operation.go:35.2,41.33 5 0
scanner_eth/fetch/node_operation.go:41.33,42.29 1 0
scanner_eth/fetch/node_operation.go:42.29,44.18 2 0
scanner_eth/fetch/node_operation.go:44.18,46.5 1 0
scanner_eth/fetch/node_operation.go:47.4,58.6 2 0
scanner_eth/fetch/node_operation.go:62.2,62.72 1 0
scanner_eth/fetch/node_operation.go:62.72,64.3 1 0
scanner_eth/fetch/node_operation.go:66.2,67.33 2 0
scanner_eth/fetch/node_operation.go:67.33,70.29 3 0
scanner_eth/fetch/node_operation.go:70.29,72.31 2 0
scanner_eth/fetch/node_operation.go:72.31,74.5 1 0
scanner_eth/fetch/node_operation.go:75.4,76.18 2 0
scanner_eth/fetch/node_operation.go:76.18,79.5 2 0
scanner_eth/fetch/node_operation.go:80.4,80.26 1 0
scanner_eth/fetch/node_operation.go:80.26,82.5 1 0
scanner_eth/fetch/node_operation.go:83.4,84.11 2 0
scanner_eth/fetch/node_operation.go:84.11,86.5 1 0
scanner_eth/fetch/node_operation.go:87.4,87.13 1 0
scanner_eth/fetch/node_operation.go:88.19,89.24 1 0
scanner_eth/fetch/node_operation.go:90.18,91.23 1 0
scanner_eth/fetch/node_operation.go:92.18,93.23 1 0
scanner_eth/fetch/node_operation.go:96.3,96.18 1 0
scanner_eth/fetch/node_operation.go:98.2,98.17 1 0
scanner_eth/fetch/node_operation.go:101.110,105.36 3 0
scanner_eth/fetch/node_operation.go:105.36,112.3 2 0
scanner_eth/fetch/node_operation.go:114.2,122.48 4 0
scanner_eth/fetch/node_operation.go:122.48,127.17 4 0
scanner_eth/fetch/node_operation.go:127.17,129.4 1 0
scanner_eth/fetch/node_operation.go:131.3,131.27 1 0
scanner_eth/fetch/node_operation.go:131.27,132.22 1 0
scanner_eth/fetch/node_operation.go:132.22,134.5 1 0
scanner_eth/fetch/node_operation.go:137.3,137.35 1 0
scanner_eth/fetch/node_operation.go:137.35,139.4 1 0
scanner_eth/fetch/node_operation.go:141.3,141.37 1 0
scanner_eth/fetch/node_operation.go:141.37,144.4 2 0
scanner_eth/fetch/node_operation.go:146.3,146.13 1 0
scanner_eth/fetch/node_operation.go:149.2,149.16 1 0
scanner_eth/fetch/node_operation.go:149.16,151.3 1 0
scanner_eth/fetch/node_operation.go:153.2,153.12 1 0
scanner_eth/fetch/node_operation.go:156.102,159.23 3 0
scanner_eth/fetch/node_operation.go:159.23,162.17 3 0
scanner_eth/fetch/node_operation.go:162.17,164.4 1 0
scanner_eth/fetch/node_operation.go:165.3,176.30 3 0
scanner_eth/fetch/node_operation.go:179.2,188.16 5 0
scanner_eth/fetch/node_operation.go:188.16,190.3 1 0
scanner_eth/fetch/node_operation.go:192.2,192.29 1 0
scanner_eth/fetch/node_operation.go:192.29,193.66 1 0
scanner_eth/fetch/node_operation.go:193.66,195.4 1 0
scanner_eth/fetch/node_operation.go:198.2,198.34 1 0
scanner_eth/fetch/node_operation.go:198.34,200.3 1 0
scanner_eth/fetch/node_operation.go:202.2,202.23 1 0
scanner_eth/fetch/node_operation.go:202.23,204.31 2 0
scanner_eth/fetch/node_operation.go:204.31,206.12 2 0
scanner_eth/fetch/node_operation.go:209.3,210.17 2 0
scanner_eth/fetch/node_operation.go:210.17,212.12 2 0
scanner_eth/fetch/node_operation.go:214.3,214.21 1 0
scanner_eth/fetch/node_operation.go:214.21,216.12 2 0
scanner_eth/fetch/node_operation.go:219.3,219.38 1 0
scanner_eth/fetch/node_operation.go:219.38,221.4 1 0
scanner_eth/fetch/node_operation.go:221.9,223.4 1 0
scanner_eth/fetch/node_operation.go:226.2,226.12 1 0
scanner_eth/fetch/node_operation.go:229.106,232.23 3 0
scanner_eth/fetch/node_operation.go:232.23,239.17 5 0
scanner_eth/fetch/node_operation.go:239.17,241.4 1 0
scanner_eth/fetch/node_operation.go:242.3,253.30 3 0
scanner_eth/fetch/node_operation.go:256.2,265.16 5 0
scanner_eth/fetch/node_operation.go:265.16,267.3 1 0
scanner_eth/fetch/node_operation.go:269.2,269.29 1 0
scanner_eth/fetch/node_operation.go:269.29,270.66 1 0
scanner_eth/fetch/node_operation.go:270.66,272.4 1 0
scanner_eth/fetch/node_operation.go:275.2,275.34 1 0
scanner_eth/fetch/node_operation.go:275.34,277.3 1 0
scanner_eth/fetch/node_operation.go:279.2,279.23 1 0
scanner_eth/fetch/node_operation.go:279.23,281.31 2 0
scanner_eth/fetch/node_operation.go:281.31,283.12 2 0
scanner_eth/fetch/node_operation.go:286.3,287.17 2 0
scanner_eth/fetch/node_operation.go:287.17,289.12 2 0
scanner_eth/fetch/node_operation.go:291.3,291.21 1 0
scanner_eth/fetch/node_operation.go:291.21,293.12 2 0
scanner_eth/fetch/node_operation.go:296.3,296.38 1 0
scanner_eth/fetch/node_operation.go:296.38,298.4 1 0
scanner_eth/fetch/node_operation.go:298.9,300.4 1 0
scanner_eth/fetch/node_operation.go:303.2,303.12 1 0
scanner_eth/fetch/node_operation.go:306.50,311.23 2 0
scanner_eth/fetch/node_operation.go:311.23,313.3 1 0
scanner_eth/fetch/node_operation.go:314.2,314.22 1 0
scanner_eth/fetch/node_operation.go:314.22,316.3 1 0
scanner_eth/fetch/node_operation.go:317.2,317.18 1 0
scanner_eth/fetch/node_operation.go:317.18,319.3 1 0
scanner_eth/fetch/node_operation.go:320.2,320.25 1 0
scanner_eth/fetch/node_operation.go:320.25,322.3 1 0
scanner_eth/fetch/node_operation.go:323.2,323.12 1 0
scanner_eth/fetch/node_operation.go:326.117,329.33 3 0
scanner_eth/fetch/node_operation.go:329.33,342.3 5 0
scanner_eth/fetch/node_operation.go:344.2,353.16 5 0
scanner_eth/fetch/node_operation.go:353.16,355.3 1 0
scanner_eth/fetch/node_operation.go:357.2,357.34 1 0
scanner_eth/fetch/node_operation.go:357.34,359.3 1 0
scanner_eth/fetch/node_operation.go:361.2,364.29 3 0
scanner_eth/fetch/node_operation.go:364.29,365.39 1 0
scanner_eth/fetch/node_operation.go:365.39,366.12 1 0
scanner_eth/fetch/node_operation.go:369.3,369.24 1 0
scanner_eth/fetch/node_operation.go:369.24,371.12 2 0
scanner_eth/fetch/node_operation.go:374.3,375.35 2 0
scanner_eth/fetch/node_operation.go:375.35,377.12 2 0
scanner_eth/fetch/node_operation.go:380.3,381.17 2 0
scanner_eth/fetch/node_operation.go:381.17,383.12 2 0
scanner_eth/fetch/node_operation.go:386.3,386.21 1 0
scanner_eth/fetch/node_operation.go:386.21,388.12 2 0
scanner_eth/fetch/node_operation.go:391.3,391.12 1 0
scanner_eth/fetch/node_operation.go:392.10,393.40 1 0
scanner_eth/fetch/node_operation.go:393.40,395.5 1 0
scanner_eth/fetch/node_operation.go:395.10,397.5 1 0
scanner_eth/fetch/node_operation.go:398.10,399.42 1 0
scanner_eth/fetch/node_operation.go:399.42,401.5 1 0
scanner_eth/fetch/node_operation.go:401.10,403.5 1 0
scanner_eth/fetch/node_operation.go:404.10,405.43 1 0
scanner_eth/fetch/node_operation.go:405.43,407.5 1 0
scanner_eth/fetch/node_operation.go:407.10,409.5 1 0
scanner_eth/fetch/node_operation.go:410.10,411.49 1 0
scanner_eth/fetch/node_operation.go:411.49,413.5 1 0
scanner_eth/fetch/node_operation.go:413.10,415.5 1 0
scanner_eth/fetch/node_operation.go:419.2,419.27 1 0
scanner_eth/fetch/node_operation.go:422.51,427.23 2 0
scanner_eth/fetch/node_operation.go:427.23,429.3 1 0
scanner_eth/fetch/node_operation.go:430.2,430.22 1 0
scanner_eth/fetch/node_operation.go:430.22,432.3 1 0
scanner_eth/fetch/node_operation.go:433.2,433.18 1 0
scanner_eth/fetch/node_operation.go:433.18,435.3 1 0
scanner_eth/fetch/node_operation.go:436.2,436.25 1 0
scanner_eth/fetch/node_operation.go:436.25,438.3 1 0
scanner_eth/fetch/node_operation.go:440.2,440.12 1 0
scanner_eth/fetch/node_operation.go:443.104,446.33 3 0
scanner_eth/fetch/node_operation.go:446.33,459.3 5 0
scanner_eth/fetch/node_operation.go:461.2,462.16 2 0
scanner_eth/fetch/node_operation.go:462.16,464.3 1 0
scanner_eth/fetch/node_operation.go:466.2,469.29 3 0
scanner_eth/fetch/node_operation.go:469.29,470.24 1 0
scanner_eth/fetch/node_operation.go:470.24,472.12 2 0
scanner_eth/fetch/node_operation.go:474.3,475.35 2 0
scanner_eth/fetch/node_operation.go:475.35,477.12 2 0
scanner_eth/fetch/node_operation.go:479.3,480.17 2 0
scanner_eth/fetch/node_operation.go:480.17,482.12 2 0
scanner_eth/fetch/node_operation.go:484.3,484.21 1 0
scanner_eth/fetch/node_operation.go:484.21,486.12 2 0
scanner_eth/fetch/node_operation.go:489.3,489.12 1 0
scanner_eth/fetch/node_operation.go:490.10,491.40 1 0
scanner_eth/fetch/node_operation.go:491.40,493.5 1 0
scanner_eth/fetch/node_operation.go:493.10,495.5 1 0
scanner_eth/fetch/node_operation.go:496.10,497.42 1 0
scanner_eth/fetch/node_operation.go:497.42,499.5 1 0
scanner_eth/fetch/node_operation.go:499.10,501.5 1 0
scanner_eth/fetch/node_operation.go:505.2,505.28 1 0
scanner_eth/fetch/node_operation.go:508.124,511.33 3 0
scanner_eth/fetch/node_operation.go:511.33,524.3 5 0
scanner_eth/fetch/node_operation.go:526.2,535.16 5 0
scanner_eth/fetch/node_operation.go:535.16,537.3 1 0
scanner_eth/fetch/node_operation.go:539.2,544.29 5 0
scanner_eth/fetch/node_operation.go:544.29,545.39 1 0
scanner_eth/fetch/node_operation.go:545.39,546.12 1 0
scanner_eth/fetch/node_operation.go:549.3,549.24 1 0
scanner_eth/fetch/node_operation.go:549.24,551.12 2 0
scanner_eth/fetch/node_operation.go:553.3,554.35 2 0
scanner_eth/fetch/node_operation.go:554.35,556.12 2 0
scanner_eth/fetch/node_operation.go:558.3,559.17 2 0
scanner_eth/fetch/node_operation.go:559.17,561.12 2 0
scanner_eth/fetch/node_operation.go:563.3,563.21 1 0
scanner_eth/fetch/node_operation.go:563.21,565.12 2 0
scanner_eth/fetch/node_operation.go:568.3,568.12 1 0
scanner_eth/fetch/node_operation.go:569.10,570.49 1 0
scanner_eth/fetch/node_operation.go:570.49,572.5 1 0
scanner_eth/fetch/node_operation.go:572.10,574.5 1 0
scanner_eth/fetch/node_operation.go:575.10,576.44 1 0
scanner_eth/fetch/node_operation.go:576.44,578.5 1 0
scanner_eth/fetch/node_operation.go:578.10,580.5 1 0
scanner_eth/fetch/node_operation.go:584.2,584.25 1 0
scanner_eth/fetch/prune_state.go:21.73,22.38 1 1
scanner_eth/fetch/prune_state.go:22.38,24.3 1 1
scanner_eth/fetch/prune_state.go:26.2,30.17 3 1
scanner_eth/fetch/prune_state.go:30.17,36.3 1 1
scanner_eth/fetch/prune_state.go:38.2,39.34 2 1
scanner_eth/fetch/prune_state.go:39.34,48.3 1 1
scanner_eth/fetch/prune_state.go:50.2,50.14 1 1
scanner_eth/fetch/prune_state.go:53.86,54.21 1 1
scanner_eth/fetch/prune_state.go:54.21,57.3 2 1
scanner_eth/fetch/prune_state.go:59.2,59.26 1 1
scanner_eth/fetch/prune_state.go:59.26,61.3 1 1
scanner_eth/fetch/prune_state.go:61.8,70.3 1 1
scanner_eth/fetch/prune_state.go:72.2,72.43 1 1
scanner_eth/fetch/prune_state.go:72.43,82.3 1 1
scanner_eth/fetch/prune_state.go:85.74,90.33 5 1
scanner_eth/fetch/prune_state.go:90.33,92.33 2 1
scanner_eth/fetch/prune_state.go:92.33,93.12 1 1
scanner_eth/fetch/prune_state.go:95.3,95.17 1 1
scanner_eth/fetch/prune_state.go:95.17,99.12 4 1
scanner_eth/fetch/prune_state.go:101.3,101.28 1 1
scanner_eth/fetch/prune_state.go:101.28,103.4 1 1
scanner_eth/fetch/prune_state.go:104.3,104.28 1 1
scanner_eth/fetch/prune_state.go:104.28,106.4 1 1
scanner_eth/fetch/prune_state.go:108.2,108.40 1 1
scanner_eth/fetch/prune_state.go:111.45,112.32 1 1
scanner_eth/fetch/prune_state.go:112.32,114.3 1 1
scanner_eth/fetch/prune_state.go:116.2,117.9 2 1
scanner_eth/fetch/prune_state.go:117.9,119.3 1 1
scanner_eth/fetch/prune_state.go:121.2,122.49 2 1
scanner_eth/fetch/prune_state.go:122.49,124.3 1 1
scanner_eth/fetch/prune_state.go:126.2,127.24 2 1
scanner_eth/fetch/prune_state.go:127.24,129.3 1 1
scanner_eth/fetch/prune_state.go:131.2,134.27 4 1
scanner_eth/fetch/prune_state.go:134.27,136.3 1 0
scanner_eth/fetch/prune_state.go:137.2,139.33 2 1
scanner_eth/fetch/prune_state.go:139.33,143.3 3 1
scanner_eth/fetch/prune_state.go:145.2,147.42 3 1
scanner_eth/fetch/remote_chain.go:8.36,10.2 1 1
scanner_eth/fetch/remote_chain.go:12.58,15.2 2 1
scanner_eth/fetch/remote_chain.go:17.55,19.2 1 1
scanner_eth/fetch/restore_tree.go:19.77,20.22 1 1
scanner_eth/fetch/restore_tree.go:20.22,22.3 1 1
scanner_eth/fetch/restore_tree.go:24.2,26.24 3 1
scanner_eth/fetch/restore_tree.go:26.24,29.17 3 1
scanner_eth/fetch/restore_tree.go:29.17,30.12 1 1
scanner_eth/fetch/restore_tree.go:32.3,34.75 3 1
scanner_eth/fetch/restore_tree.go:37.2,37.51 1 1
scanner_eth/fetch/restore_tree.go:37.51,38.40 1 1
scanner_eth/fetch/restore_tree.go:38.40,39.40 1 1
scanner_eth/fetch/restore_tree.go:39.40,41.5 1 0
scanner_eth/fetch/restore_tree.go:42.4,42.68 1 1
scanner_eth/fetch/restore_tree.go:45.2,45.39 1 1
scanner_eth/fetch/restore_tree.go:45.39,47.3 1 1
scanner_eth/fetch/restore_tree.go:49.2,50.24 2 1
scanner_eth/fetch/restore_tree.go:50.24,53.17 3 1
scanner_eth/fetch/restore_tree.go:53.17,54.12 1 1
scanner_eth/fetch/restore_tree.go:56.3,57.23 2 1
scanner_eth/fetch/restore_tree.go:57.23,59.12 2 1
scanner_eth/fetch/restore_tree.go:61.3,61.45 1 1
scanner_eth/fetch/restore_tree.go:61.45,63.4 1 1
scanner_eth/fetch/restore_tree.go:65.2,69.70 4 1
scanner_eth/fetch/restore_tree.go:69.70,74.25 4 1
scanner_eth/fetch/restore_tree.go:74.25,79.4 4 1
scanner_eth/fetch/restore_tree.go:81.3,81.34 1 1
scanner_eth/fetch/restore_tree.go:81.34,83.4 1 1
scanner_eth/fetch/restore_tree.go:86.2,86.31 1 1
scanner_eth/fetch/restore_tree.go:86.31,88.3 1 1
scanner_eth/fetch/restore_tree.go:90.2,90.43 1 1
scanner_eth/fetch/restore_tree.go:90.43,91.47 1 1
scanner_eth/fetch/restore_tree.go:91.47,93.4 1 0
scanner_eth/fetch/restore_tree.go:94.3,96.35 3 1
scanner_eth/fetch/restore_tree.go:96.35,98.4 1 0
scanner_eth/fetch/restore_tree.go:99.3,99.63 1 1
scanner_eth/fetch/restore_tree.go:102.2,102.34 1 1
scanner_eth/fetch/restore_tree.go:102.34,103.36 1 1
scanner_eth/fetch/restore_tree.go:103.36,105.51 2 1
scanner_eth/fetch/restore_tree.go:105.51,106.13 1 1
scanner_eth/fetch/restore_tree.go:109.4,111.51 3 1
scanner_eth/fetch/restore_tree.go:111.51,113.5 1 1
scanner_eth/fetch/restore_tree.go:115.4,117.30 3 1
scanner_eth/fetch/restore_tree.go:117.30,119.5 1 1
scanner_eth/fetch/restore_tree.go:120.4,129.20 3 1
scanner_eth/fetch/restore_tree.go:129.20,131.5 1 1
scanner_eth/fetch/restore_tree.go:135.2,135.25 1 1
scanner_eth/fetch/restore_tree.go:138.55,139.41 1 1
scanner_eth/fetch/restore_tree.go:139.41,141.3 1 1
scanner_eth/fetch/restore_tree.go:142.2,143.16 2 1
scanner_eth/fetch/restore_tree.go:143.16,145.3 1 1
scanner_eth/fetch/restore_tree.go:146.2,146.10 1 1
scanner_eth/fetch/scan_flow.go:29.44,30.15 1 1
scanner_eth/fetch/scan_flow.go:31.35,32.28 1 1
scanner_eth/fetch/scan_flow.go:33.33,34.26 1 1
scanner_eth/fetch/scan_flow.go:35.25,36.16 1 1
scanner_eth/fetch/scan_flow.go:37.10,38.19 1 1
scanner_eth/fetch/scan_flow.go:47.57,48.33 1 1
scanner_eth/fetch/scan_flow.go:48.33,50.3 1 1
scanner_eth/fetch/scan_flow.go:51.2,51.24 1 1
scanner_eth/fetch/scan_flow.go:54.70,55.22 1 1
scanner_eth/fetch/scan_flow.go:55.22,57.3 1 1
scanner_eth/fetch/scan_flow.go:59.2,61.39 3 1
scanner_eth/fetch/scan_flow.go:61.39,63.117 2 1
scanner_eth/fetch/scan_flow.go:63.117,65.22 2 1
scanner_eth/fetch/scan_flow.go:65.22,67.5 1 1
scanner_eth/fetch/scan_flow.go:68.4,69.20 2 1
scanner_eth/fetch/scan_flow.go:73.2,74.36 2 1
scanner_eth/fetch/scan_flow.go:74.36,76.113 2 1
scanner_eth/fetch/scan_flow.go:76.113,78.22 2 1
scanner_eth/fetch/scan_flow.go:78.22,80.5 1 0
scanner_eth/fetch/scan_flow.go:81.4,82.20 2 1
scanner_eth/fetch/scan_flow.go:86.2,87.26 2 1
scanner_eth/fetch/scan_flow.go:87.26,88.121 1 1
scanner_eth/fetch/scan_flow.go:88.121,90.21 2 1
scanner_eth/fetch/scan_flow.go:90.21,92.5 1 1
scanner_eth/fetch/scan_flow.go:96.2,96.13 1 1
scanner_eth/fetch/scan_flow.go:99.140,100.12 1 1
scanner_eth/fetch/scan_flow.go:100.12,104.19 4 1
scanner_eth/fetch/scan_flow.go:104.19,106.4 1 1
scanner_eth/fetch/scan_flow.go:109.2,109.13 1 1
scanner_eth/fetch/scan_flow.go:112.65,114.15 2 1
scanner_eth/fetch/scan_flow.go:114.15,115.47 1 1
scanner_eth/fetch/scan_flow.go:115.47,117.4 1 0
scanner_eth/fetch/scan_flow.go:118.3,118.34 1 1
scanner_eth/fetch/scan_flow.go:121.2,122.66 2 1
scanner_eth/fetch/scan_flow.go:122.66,124.3 1 1
scanner_eth/fetch/scan_flow.go:126.2,127.26 2 1
scanner_eth/fetch/scan_flow.go:127.26,129.3 1 0
scanner_eth/fetch/scan_flow.go:131.2,133.23 3 1
scanner_eth/fetch/scan_flow.go:133.23,135.3 1 0
scanner_eth/fetch/scan_flow.go:136.2,136.27 1 1
scanner_eth/fetch/scan_flow.go:136.27,138.3 1 1
scanner_eth/fetch/scan_flow.go:140.2,140.19 1 1
scanner_eth/fetch/scan_flow.go:140.19,142.3 1 0
scanner_eth/fetch/scan_flow.go:144.2,145.37 2 1
scanner_eth/fetch/scan_flow.go:145.37,146.34 1 1
scanner_eth/fetch/scan_flow.go:146.34,147.12 1 0
scanner_eth/fetch/scan_flow.go:149.3,149.31 1 1
scanner_eth/fetch/scan_flow.go:151.2,151.16 1 1
scanner_eth/fetch/scan_flow.go:154.63,156.61 2 1
scanner_eth/fetch/scan_flow.go:156.61,158.71 2 1
scanner_eth/fetch/scan_flow.go:158.71,160.4 1 1
scanner_eth/fetch/scan_flow.go:162.2,162.15 1 1
scanner_eth/fetch/scan_flow.go:165.55,169.34 4 1
scanner_eth/fetch/scan_flow.go:169.34,170.47 1 1
scanner_eth/fetch/scan_flow.go:170.47,172.19 2 1
scanner_eth/fetch/scan_flow.go:172.19,173.13 1 0
scanner_eth/fetch/scan_flow.go:175.4,176.11 2 1
scanner_eth/fetch/scan_flow.go:176.11,177.13 1 1
scanner_eth/fetch/scan_flow.go:179.4,179.24 1 1
scanner_eth/fetch/scan_flow.go:179.24,180.47 1 1
scanner_eth/fetch/scan_flow.go:180.47,183.6 2 1
scanner_eth/fetch/scan_flow.go:184.5,184.13 1 1
scanner_eth/fetch/scan_flow.go:186.4,186.36 1 1
scanner_eth/fetch/scan_flow.go:186.36,187.47 1 1
scanner_eth/fetch/scan_flow.go:187.47,190.6 2 1
scanner_eth/fetch/scan_flow.go:194.2,194.16 1 1
scanner_eth/fetch/scan_flow.go:197.80,199.16 2 1
scanner_eth/fetch/scan_flow.go:199.16,201.3 1 1
scanner_eth/fetch/scan_flow.go:202.2,203.19 2 1
scanner_eth/fetch/scan_flow.go:203.19,205.3 1 1
scanner_eth/fetch/scan_flow.go:206.2,206.17 1 1
scanner_eth/fetch/scan_flow.go:209.78,211.16 2 1
scanner_eth/fetch/scan_flow.go:211.16,213.3 1 0
scanner_eth/fetch/scan_flow.go:214.2,214.42 1 1
scanner_eth/fetch/scan_flow.go:214.42,216.3 1 1
scanner_eth/fetch/scan_flow.go:217.2,217.17 1 1
scanner_eth/fetch/scan_flow.go:220.70,221.37 1 1
scanner_eth/fetch/scan_flow.go:221.37,223.3 1 1
scanner_eth/fetch/scan_flow.go:224.2,225.29 2 1
scanner_eth/fetch/scan_flow.go:225.29,227.17 2 1
scanner_eth/fetch/scan_flow.go:227.17,228.12 1 0
scanner_eth/fetch/scan_flow.go:230.3,231.18 2 1
scanner_eth/fetch/scan_flow.go:231.18,232.12 1 0
scanner_eth/fetch/scan_flow.go:234.3,235.10 2 1
scanner_eth/fetch/scan_flow.go:235.10,236.12 1 1
scanner_eth/fetch/scan_flow.go:238.3,238.23 1 1
scanner_eth/fetch/scan_flow.go:238.23,240.12 2 1
scanner_eth/fetch/scan_flow.go:242.3,242.58 1 1
scanner_eth/fetch/scan_flow.go:242.58,243.12 1 0
scanner_eth/fetch/scan_flow.go:245.3,245.36 1 1
scanner_eth/fetch/scan_flow.go:247.2,247.17 1 1
scanner_eth/fetch/scan_flow.go:250.56,253.34 3 1
scanner_eth/fetch/scan_flow.go:253.34,254.47 1 1
scanner_eth/fetch/scan_flow.go:254.47,256.19 2 1
scanner_eth/fetch/scan_flow.go:256.19,257.13 1 0
scanner_eth/fetch/scan_flow.go:260.4,261.11 2 1
scanner_eth/fetch/scan_flow.go:261.11,262.13 1 0
scanner_eth/fetch/scan_flow.go:265.4,265.24 1 1
scanner_eth/fetch/scan_flow.go:265.24,267.13 2 1
scanner_eth/fetch/scan_flow.go:270.4,270.26 1 1
scanner_eth/fetch/scan_flow.go:270.26,271.13 1 0
scanner_eth/fetch/scan_flow.go:274.4,274.36 1 1
scanner_eth/fetch/scan_flow.go:274.36,276.5 1 1
scanner_eth/fetch/scan_flow.go:279.2,279.14 1 1
scanner_eth/fetch/scan_flow.go:282.54,285.35 3 1
scanner_eth/fetch/scan_flow.go:285.35,286.18 1 1
scanner_eth/fetch/scan_flow.go:286.18,287.12 1 0
scanner_eth/fetch/scan_flow.go:289.3,289.36 1 1
scanner_eth/fetch/scan_flow.go:289.36,291.4 1 1
scanner_eth/fetch/scan_flow.go:293.2,293.14 1 1
scanner_eth/fetch/scan_flow.go:296.65,297.19 1 1
scanner_eth/fetch/scan_flow.go:297.19,300.3 2 1
scanner_eth/fetch/scan_flow.go:301.2,301.155 1 1
scanner_eth/fetch/scan_flow.go:304.61,306.9 2 1
scanner_eth/fetch/scan_flow.go:306.9,309.3 2 1
scanner_eth/fetch/scan_flow.go:311.2,312.96 2 1
scanner_eth/fetch/scan_flow.go:315.54,317.8 2 1
scanner_eth/fetch/scan_flow.go:317.8,319.3 1 0
scanner_eth/fetch/scan_flow.go:321.2,324.33 4 1
scanner_eth/fetch/scan_flow.go:324.33,326.20 2 1
scanner_eth/fetch/scan_flow.go:326.20,327.12 1 0
scanner_eth/fetch/scan_flow.go:329.3,331.17 3 1
scanner_eth/fetch/scan_flow.go:333.2,333.14 1 1
scanner_eth/fetch/scan_flow.go:333.14,335.3 1 0
scanner_eth/fetch/scan_flow.go:336.2,336.16 1 1
scanner_eth/fetch/scan_flow.go:339.44,341.9 2 1
scanner_eth/fetch/scan_flow.go:341.9,343.3 1 0
scanner_eth/fetch/scan_flow.go:345.2,345.6 1 1
scanner_eth/fetch/scan_flow.go:345.6,347.16 2 1
scanner_eth/fetch/scan_flow.go:347.16,350.21 3 1
scanner_eth/fetch/scan_flow.go:350.21,352.5 1 0
scanner_eth/fetch/scan_flow.go:353.4,354.12 2 1
scanner_eth/fetch/scan_flow.go:356.3,356.60 1 1
scanner_eth/fetch/scan_flow.go:356.60,358.4 1 1
scanner_eth/fetch/scan_flow.go:360.3,361.57 2 1
scanner_eth/fetch/scan_flow.go:361.57,363.4 1 0
scanner_eth/fetch/scan_flow.go:367.65,368.32 1 1
scanner_eth/fetch/scan_flow.go:368.32,370.3 1 1
scanner_eth/fetch/scan_flow.go:372.2,373.21 2 1
scanner_eth/fetch/scan_flow.go:373.21,375.3 1 0
scanner_eth/fetch/scan_flow.go:377.2,377.25 1 1
scanner_eth/fetch/scan_flow.go:380.102,382.26 2 1
scanner_eth/fetch/scan_flow.go:382.26,384.3 1 1
scanner_eth/fetch/scan_flow.go:386.2,387.49 2 1
scanner_eth/fetch/scan_flow.go:390.86,391.42 1 1
scanner_eth/fetch/scan_flow.go:391.42,393.3 1 1
scanner_eth/fetch/scan_flow.go:394.2,397.16 3 1
scanner_eth/fetch/scan_flow.go:397.16,399.3 1 0
scanner_eth/fetch/scan_flow.go:401.2,402.19 2 1
scanner_eth/fetch/scan_flow.go:402.19,404.3 1 1
scanner_eth/fetch/scan_flow.go:406.2,407.15 2 1
scanner_eth/fetch/scan_flow.go:410.45,411.61 1 1
scanner_eth/fetch/scan_flow.go:411.61,413.39 2 1
scanner_eth/fetch/scan_flow.go:413.39,414.12 1 0
scanner_eth/fetch/scan_flow.go:416.3,416.38 1 1
scanner_eth/fetch/scan_flow.go:420.66,421.16 1 1
scanner_eth/fetch/scan_flow.go:421.16,423.3 1 1
scanner_eth/fetch/scan_flow.go:424.2,424.38 1 1
scanner_eth/fetch/scan_flow.go:427.70,429.16 2 1
scanner_eth/fetch/scan_flow.go:429.16,431.3 1 0
scanner_eth/fetch/scan_flow.go:432.2,432.38 1 1
scanner_eth/fetch/scan_flow.go:432.38,434.3 1 1
scanner_eth/fetch/scan_flow.go:435.2,438.16 3 1
scanner_eth/fetch/scan_flow.go:438.16,440.3 1 0
scanner_eth/fetch/scan_flow.go:442.2,443.19 2 1
scanner_eth/fetch/scan_flow.go:443.19,445.3 1 1
scanner_eth/fetch/scan_flow.go:447.2,448.13 2 1
scanner_eth/fetch/scan_flow.go:451.70,454.36 3 1
scanner_eth/fetch/scan_flow.go:454.36,456.3 1 1
scanner_eth/fetch/scan_flow.go:457.2,457.58 1 1
scanner_eth/fetch/scan_flow.go:457.58,459.3 1 1
scanner_eth/fetch/scan_flow.go:460.2,461.13 2 1
scanner_eth/fetch/scan_flow.go:464.63,468.2 3 1
scanner_eth/fetch/scan_flow.go:470.67,475.2 4 1
scanner_eth/fetch/scan_flow.go:477.66,480.35 3 1
scanner_eth/fetch/scan_flow.go:480.35,482.3 1 1
scanner_eth/fetch/scan_flow.go:483.2,483.55 1 1
scanner_eth/fetch/scan_flow.go:483.55,485.3 1 1
scanner_eth/fetch/scan_flow.go:486.2,487.13 2 1
scanner_eth/fetch/scan_flow.go:490.59,494.2 3 1
scanner_eth/fetch/scan_flow.go:496.63,501.2 4 1
scanner_eth/fetch/scan_flow.go:503.52,505.34 2 1
scanner_eth/fetch/scan_flow.go:505.34,506.47 1 1
scanner_eth/fetch/scan_flow.go:506.47,508.4 1 1
scanner_eth/fetch/scan_flow.go:512.71,513.17 1 1
scanner_eth/fetch/scan_flow.go:513.17,515.3 1 1
scanner_eth/fetch/scan_flow.go:517.2,518.9 2 1
scanner_eth/fetch/scan_flow.go:518.9,520.3 1 1
scanner_eth/fetch/scan_flow.go:522.2,522.22 1 1
scanner_eth/fetch/scan_flow.go:522.22,525.3 2 1
scanner_eth/fetch/scan_flow.go:527.2,527.35 1 1
scanner_eth/fetch/scan_flow.go:530.104,532.45 2 1
scanner_eth/fetch/scan_flow.go:532.45,534.3 1 1
scanner_eth/fetch/scan_flow.go:536.2,541.9 3 1
scanner_eth/fetch/scan_flow.go:544.71,546.23 2 1
scanner_eth/fetch/scan_flow.go:546.23,548.3 1 1
scanner_eth/fetch/scan_flow.go:549.2,549.59 1 1
scanner_eth/fetch/scan_flow.go:552.97,553.35 1 1
scanner_eth/fetch/scan_flow.go:553.35,555.3 1 0
scanner_eth/fetch/scan_flow.go:556.2,558.24 2 1
scanner_eth/fetch/scan_flow.go:558.24,560.3 1 1
scanner_eth/fetch/scan_flow.go:562.2,562.64 1 1
scanner_eth/fetch/scan_flow.go:562.64,565.3 2 1
scanner_eth/fetch/scan_flow.go:566.2,566.33 1 1
scanner_eth/fetch/scan_flow.go:569.78,570.17 1 1
scanner_eth/fetch/scan_flow.go:570.17,572.3 1 0
scanner_eth/fetch/scan_flow.go:573.2,574.29 2 1
scanner_eth/fetch/scan_flow.go:574.29,576.3 1 0
scanner_eth/fetch/scan_flow.go:577.2,577.80 1 1
scanner_eth/fetch/store_worker.go:22.63,24.21 2 1
scanner_eth/fetch/store_worker.go:24.21,26.3 1 1
scanner_eth/fetch/store_worker.go:28.2,29.22 2 1
scanner_eth/fetch/store_worker.go:29.22,31.3 1 1
scanner_eth/fetch/store_worker.go:33.2,35.35 3 1
scanner_eth/fetch/store_worker.go:35.35,37.3 1 1
scanner_eth/fetch/store_worker.go:40.72,41.34 1 1
scanner_eth/fetch/store_worker.go:41.34,43.3 1 1
scanner_eth/fetch/store_worker.go:44.2,44.42 1 1
scanner_eth/fetch/store_worker.go:44.42,46.3 1 1
scanner_eth/fetch/store_worker.go:47.2,47.40 1 1
scanner_eth/fetch/store_worker.go:47.40,49.3 1 1
scanner_eth/fetch/store_worker.go:50.2,50.50 1 1
scanner_eth/fetch/store_worker.go:50.50,52.3 1 1
scanner_eth/fetch/store_worker.go:53.2,53.51 1 1
scanner_eth/fetch/store_worker.go:53.51,55.3 1 1
scanner_eth/fetch/store_worker.go:56.2,56.52 1 1
scanner_eth/fetch/store_worker.go:56.52,58.3 1 1
scanner_eth/fetch/store_worker.go:59.2,59.40 1 1
scanner_eth/fetch/store_worker.go:59.40,61.3 1 1
scanner_eth/fetch/store_worker.go:64.114,69.89 3 1
scanner_eth/fetch/store_worker.go:69.89,71.3 1 0
scanner_eth/fetch/store_worker.go:73.2,76.16 3 1
scanner_eth/fetch/store_worker.go:76.16,78.3 1 0
scanner_eth/fetch/store_worker.go:80.2,82.102 3 1
scanner_eth/fetch/store_worker.go:82.102,86.3 3 0
scanner_eth/fetch/store_worker.go:88.2,89.81 2 1
scanner_eth/fetch/store_worker.go:89.81,92.3 2 0
scanner_eth/fetch/store_worker.go:93.2,93.26 1 1
scanner_eth/fetch/store_worker.go:93.26,96.3 2 1
scanner_eth/fetch/store_worker.go:97.2,100.18 3 1
scanner_eth/fetch/store_worker.go:100.18,103.3 2 0
scanner_eth/fetch/store_worker.go:104.2,122.29 17 1
scanner_eth/fetch/store_worker.go:122.29,124.3 1 0
scanner_eth/fetch/store_worker.go:126.2,126.12 1 1
scanner_eth/fetch/store_worker.go:126.12,127.30 1 1
scanner_eth/fetch/store_worker.go:127.30,129.4 1 0
scanner_eth/fetch/store_worker.go:132.2,134.12 2 1
scanner_eth/fetch/store_worker.go:134.12,136.7 1 1
scanner_eth/fetch/store_worker.go:136.7,137.11 1 1
scanner_eth/fetch/store_worker.go:138.37,139.21 1 0
scanner_eth/fetch/store_worker.go:139.21,141.6 1 0
scanner_eth/fetch/store_worker.go:143.5,144.26 2 0
scanner_eth/fetch/store_worker.go:144.26,145.16 1 0
scanner_eth/fetch/store_worker.go:151.2,151.17 1 1
scanner_eth/fetch/store_worker.go:151.17,154.3 2 0
scanner_eth/fetch/store_worker.go:156.2,166.51 3 1
scanner_eth/fetch/store_worker.go:166.51,167.58 1 1
scanner_eth/fetch/store_worker.go:167.58,170.4 2 0
scanner_eth/fetch/store_worker.go:172.3,172.155 1 1
scanner_eth/fetch/store_worker.go:172.155,175.4 2 0
scanner_eth/fetch/store_worker.go:177.3,178.32 2 1
scanner_eth/fetch/store_worker.go:178.32,181.4 2 0
scanner_eth/fetch/store_worker.go:182.3,182.37 1 1
scanner_eth/fetch/store_worker.go:182.37,185.4 2 0
scanner_eth/fetch/store_worker.go:187.3,187.13 1 1
scanner_eth/fetch/store_worker.go:188.17,191.3 2 0
scanner_eth/fetch/store_worker.go:193.2,195.32 2 1
scanner_eth/fetch/store_worker.go:198.108,204.29 5 1
scanner_eth/fetch/store_worker.go:204.29,213.3 3 1
scanner_eth/fetch/store_worker.go:214.2,214.14 1 1
scanner_eth/fetch/store_worker.go:214.14,223.3 3 1
scanner_eth/fetch/store_worker.go:224.2,224.14 1 1
scanner_eth/fetch/store_worker.go:227.51,229.22 2 1
scanner_eth/fetch/store_worker.go:229.22,231.3 1 1
scanner_eth/fetch/store_worker.go:232.2,232.10 1 1
scanner_eth/fetch/store_worker.go:272.131,279.2 1 1
scanner_eth/fetch/store_worker.go:281.30,282.12 1 1
scanner_eth/fetch/store_worker.go:282.12,283.7 1 1
scanner_eth/fetch/store_worker.go:283.7,284.41 1 1
scanner_eth/fetch/store_worker.go:284.41,286.4 2 0
scanner_eth/fetch/store_worker.go:287.5,295.21 7 0
scanner_eth/fetch/store_worker.go:296.13,298.33 2 0
scanner_eth/fetch/store_worker.go:298.33,300.7 1 0
scanner_eth/fetch/store_worker.go:301.6,301.80 1 0
scanner_eth/fetch/store_worker.go:302.24,304.33 2 0
scanner_eth/fetch/store_worker.go:304.33,306.7 1 0
scanner_eth/fetch/store_worker.go:307.6,307.36 1 0
scanner_eth/fetch/store_worker.go:308.19,310.33 2 0
scanner_eth/fetch/store_worker.go:310.33,312.7 1 0
scanner_eth/fetch/store_worker.go:313.6,313.80 1 0
scanner_eth/fetch/store_worker.go:314.29,316.33 2 0
scanner_eth/fetch/store_worker.go:316.33,318.7 1 0
scanner_eth/fetch/store_worker.go:319.6,319.80 1 0
scanner_eth/fetch/store_worker.go:320.30,322.33 2 0
scanner_eth/fetch/store_worker.go:322.33,324.7 1 0
scanner_eth/fetch/store_worker.go:325.6,325.80 1 0
scanner_eth/fetch/store_worker.go:326.31,328.33 2 0
scanner_eth/fetch/store_worker.go:328.33,330.7 1 0
scanner_eth/fetch/store_worker.go:331.6,331.80 1 0
scanner_eth/fetch/store_worker.go:332.24,334.33 2 0
scanner_eth/fetch/store_worker.go:334.33,336.7 1 0
scanner_eth/fetch/store_worker.go:338.6,338.138 1 0
scanner_eth/fetch/store_worker.go:339.23,341.33 2 0
scanner_eth/fetch/store_worker.go:341.33,343.7 1 0
scanner_eth/fetch/store_worker.go:345.6,345.138 1 0
scanner_eth/fetch/store_worker.go:346.25,348.33 2 0
scanner_eth/fetch/store_worker.go:348.33,350.7 1 0
scanner_eth/fetch/store_worker.go:352.6,352.146 1 0
scanner_eth/fetch/store_worker.go:353.22,355.33 2 0
scanner_eth/fetch/store_worker.go:355.33,357.7 1 0
scanner_eth/fetch/store_worker.go:359.6,359.173 1 0
scanner_eth/fetch/store_worker.go:360.19,362.33 2 0
scanner_eth/fetch/store_worker.go:362.33,364.7 1 0
scanner_eth/fetch/store_worker.go:365.6,365.80 1 0
scanner_eth/fetch/store_worker.go:366.24,368.33 2 0
scanner_eth/fetch/store_worker.go:368.33,370.7 1 0
scanner_eth/fetch/store_worker.go:371.6,371.80 1 0
scanner_eth/fetch/store_worker.go:372.25,374.33 2 0
scanner_eth/fetch/store_worker.go:374.33,376.7 1 0
scanner_eth/fetch/store_worker.go:377.6,377.80 1 0
scanner_eth/fetch/store_worker.go:378.13,379.32 1 0
scanner_eth/fetch/store_worker.go:382.5,382.19 1 0
scanner_eth/fetch/store_worker.go:382.19,385.23 2 0
scanner_eth/fetch/store_worker.go:385.23,387.17 2 0
scanner_eth/fetch/store_worker.go:391.5,391.72 1 0
scanner_eth/fetch/stored_block_state.go:10.45,14.2 1 1
scanner_eth/fetch/stored_block_state.go:16.36,20.2 3 1
scanner_eth/fetch/stored_block_state.go:22.50,24.16 2 1
scanner_eth/fetch/stored_block_state.go:24.16,26.3 1 0
scanner_eth/fetch/stored_block_state.go:28.2,31.15 4 1
scanner_eth/fetch/stored_block_state.go:34.45,36.16 2 1
scanner_eth/fetch/stored_block_state.go:36.16,38.3 1 0
scanner_eth/fetch/stored_block_state.go:40.2,42.15 3 1
scanner_eth/fetch/stored_block_state.go:45.45,47.16 2 1
scanner_eth/fetch/stored_block_state.go:47.16,49.3 1 0
scanner_eth/fetch/stored_block_state.go:51.2,53.15 3 1
scanner_eth/fetch/sync_block_data.go:9.62,11.16 2 1
scanner_eth/fetch/sync_block_data.go:11.16,13.3 1 1
scanner_eth/fetch/sync_block_data.go:15.2,16.17 2 1
scanner_eth/fetch/sync_block_data.go:16.17,18.3 1 1
scanner_eth/fetch/sync_block_data.go:20.2,21.49 2 1
scanner_eth/fetch/sync_block_data.go:21.49,23.3 1 1
scanner_eth/fetch/sync_block_data.go:24.2,24.19 1 1
scanner_eth/fetch/sync_block_data.go:24.19,26.17 2 1
scanner_eth/fetch/sync_block_data.go:26.17,28.4 1 1
scanner_eth/fetch/sync_block_data.go:29.3,30.20 2 1
scanner_eth/fetch/sync_block_data.go:30.20,32.4 1 1
scanner_eth/fetch/sync_block_data.go:33.3,33.39 1 1
scanner_eth/fetch/sync_block_data.go:36.2,37.16 2 1
scanner_eth/fetch/sync_block_data.go:37.16,39.3 1 1
scanner_eth/fetch/sync_block_data.go:41.2,42.16 2 1
scanner_eth/fetch/sync_block_data.go:42.16,44.3 1 1
scanner_eth/fetch/sync_block_data.go:46.2,49.22 4 1
scanner_eth/fetch/sync_block_data.go:49.22,52.3 2 1
scanner_eth/fetch/sync_block_data.go:54.2,60.13 4 1
scanner_eth/fetch/sync_block_data.go:63.63,64.19 1 1
scanner_eth/fetch/sync_block_data.go:64.19,66.3 1 1
scanner_eth/fetch/sync_block_data.go:68.2,69.16 2 1
scanner_eth/fetch/sync_block_data.go:69.16,71.3 1 1
scanner_eth/fetch/sync_block_data.go:73.2,76.66 4 1
scanner_eth/fetch/sync_block_data.go:79.51,80.46 1 1
scanner_eth/fetch/sync_block_data.go:80.46,82.3 1 1
scanner_eth/fetch/sync_block_data.go:83.2,84.45 2 1
scanner_eth/fetch/sync_block_data.go:84.45,86.3 1 1
scanner_eth/fetch/sync_block_data.go:87.2,87.19 1 1
scanner_eth/fetch/sync_block_data.go:87.19,89.3 1 1
scanner_eth/fetch/sync_block_data.go:90.2,90.19 1 1
scanner_eth/fetch/task_pool.go:46.89,47.30 1 1
scanner_eth/fetch/task_pool.go:47.30,49.3 1 1
scanner_eth/fetch/task_pool.go:50.2,50.30 1 1
scanner_eth/fetch/task_pool.go:50.30,52.3 1 1
scanner_eth/fetch/task_pool.go:53.2,53.32 1 1
scanner_eth/fetch/task_pool.go:53.32,55.3 1 1
scanner_eth/fetch/task_pool.go:56.2,56.34 1 1
scanner_eth/fetch/task_pool.go:56.34,58.3 1 1
scanner_eth/fetch/task_pool.go:59.2,59.26 1 1
scanner_eth/fetch/task_pool.go:59.26,61.3 1 0
scanner_eth/fetch/task_pool.go:62.2,62.27 1 1
scanner_eth/fetch/task_pool.go:62.27,64.3 1 1
scanner_eth/fetch/task_pool.go:65.2,65.34 1 1
scanner_eth/fetch/task_pool.go:65.34,67.3 1 0
scanner_eth/fetch/task_pool.go:68.2,68.16 1 1
scanner_eth/fetch/task_pool.go:94.109,106.2 2 1
scanner_eth/fetch/task_pool.go:108.50,109.16 1 1
scanner_eth/fetch/task_pool.go:109.16,111.3 1 0
scanner_eth/fetch/task_pool.go:112.2,115.11 4 1
scanner_eth/fetch/task_pool.go:118.45,119.16 1 1
scanner_eth/fetch/task_pool.go:119.16,121.3 1 0
scanner_eth/fetch/task_pool.go:122.2,123.23 2 1
scanner_eth/fetch/task_pool.go:123.23,125.3 1 0
scanner_eth/fetch/task_pool.go:126.2,127.16 2 1
scanner_eth/fetch/task_pool.go:130.45,131.16 1 1
scanner_eth/fetch/task_pool.go:131.16,133.3 1 0
scanner_eth/fetch/task_pool.go:134.2,136.16 3 1
scanner_eth/fetch/task_pool.go:139.36,143.2 3 1
scanner_eth/fetch/task_pool.go:145.40,150.2 4 1
scanner_eth/fetch/task_pool.go:152.47,154.2 1 1
scanner_eth/fetch/task_pool.go:156.42,158.2 1 1
scanner_eth/fetch/task_pool.go:160.42,162.2 1 1
scanner_eth/fetch/task_pool.go:164.46,166.2 1 1
scanner_eth/fetch/task_pool.go:168.72,171.36 3 1
scanner_eth/fetch/task_pool.go:171.36,173.3 1 1
scanner_eth/fetch/task_pool.go:174.2,175.72 2 1
scanner_eth/fetch/task_pool.go:178.69,179.36 1 1
scanner_eth/fetch/task_pool.go:179.36,181.3 1 0
scanner_eth/fetch/task_pool.go:182.2,182.39 1 1
scanner_eth/fetch/task_pool.go:182.39,184.3 1 1
scanner_eth/fetch/task_pool.go:186.2,187.39 2 1
scanner_eth/fetch/task_pool.go:187.39,188.10 1 1
scanner_eth/fetch/task_pool.go:189.29,190.15 1 1
scanner_eth/fetch/task_pool.go:191.11,191.11 0 0
scanner_eth/fetch/task_pool.go:194.2,194.11 1 1
scanner_eth/fetch/task_pool.go:194.11,195.10 1 1
scanner_eth/fetch/task_pool.go:196.31,197.15 1 1
scanner_eth/fetch/task_pool.go:198.11,198.11 0 0
scanner_eth/fetch/task_pool.go:202.2,202.10 1 1
scanner_eth/fetch/task_pool.go:202.10,205.3 2 1
scanner_eth/fetch/task_pool.go:207.2,208.17 2 0
scanner_eth/fetch/task_pool.go:208.17,210.3 1 0
scanner_eth/fetch/task_pool.go:211.2,212.14 2 0
scanner_eth/fetch/task_pool.go:215.29,216.20 1 1
scanner_eth/fetch/task_pool.go:216.20,218.26 2 1
scanner_eth/fetch/task_pool.go:218.26,220.4 1 0
scanner_eth/fetch/task_pool.go:221.3,221.26 1 1
scanner_eth/fetch/task_pool.go:221.26,223.4 1 0
scanner_eth/fetch/task_pool.go:224.3,224.28 1 1
scanner_eth/fetch/task_pool.go:224.28,226.4 1 0
scanner_eth/fetch/task_pool.go:227.3,227.23 1 1
scanner_eth/fetch/task_pool.go:227.23,229.4 1 0
scanner_eth/fetch/task_pool.go:230.3,230.30 1 1
scanner_eth/fetch/task_pool.go:230.30,232.4 1 0
scanner_eth/fetch/task_pool.go:233.3,233.39 1 1
scanner_eth/fetch/task_pool.go:233.39,236.4 2 1
scanner_eth/fetch/task_pool.go:240.44,244.6 3 0
scanner_eth/fetch/task_pool.go:244.6,245.10 1 0
scanner_eth/fetch/task_pool.go:246.20,247.10 1 0
scanner_eth/fetch/task_pool.go:248.19,262.5 2 0
scanner_eth/fetch/task_pool.go:267.37,269.6 2 1
scanner_eth/fetch/task_pool.go:269.6,272.10 2 1
scanner_eth/fetch/task_pool.go:273.20,274.10 1 0
scanner_eth/fetch/task_pool.go:275.30,275.30 0 1
scanner_eth/fetch/task_pool.go:276.11,277.11 1 1
scanner_eth/fetch/task_pool.go:278.21,279.11 1 1
scanner_eth/fetch/task_pool.go:280.31,280.31 0 1
scanner_eth/fetch/task_pool.go:281.33,281.33 0 1
scanner_eth/fetch/task_pool.go:285.3,285.18 1 1
scanner_eth/fetch/task_pool.go:285.18,286.12 1 0
scanner_eth/fetch/task_pool.go:288.3,291.14 3 1
scanner_eth/fetch/task_pool.go:291.14,294.12 3 1
scanner_eth/fetch/task_pool.go:297.3,297.31 1 1
scanner_eth/fetch/task_pool.go:297.31,300.32 3 1
scanner_eth/fetch/task_pool.go:300.32,301.13 1 1
scanner_eth/fetch/task_pool.go:305.3,306.24 2 1
scanner_eth/fetch/task_pool.go:310.53,311.36 1 1
scanner_eth/fetch/task_pool.go:311.36,313.3 1 0
scanner_eth/fetch/task_pool.go:314.2,317.20 4 1
scanner_eth/fetch/task_pool.go:317.20,319.3 1 0
scanner_eth/fetch/task_pool.go:320.2,320.22 1 1
scanner_eth/fetch/task_pool.go:323.28,324.17 1 1
scanner_eth/fetch/task_pool.go:324.17,326.3 1 1
scanner_eth/fetch/task_pool.go:327.2,327.24 1 1
scanner_eth/fetch/task_pool.go:327.24,328.23 1 1
scanner_eth/fetch/task_pool.go:328.23,330.4 1 1
scanner_eth/fetch/task_pool.go:331.3,332.21 2 1
scanner_eth/fetch/task_pool.go:336.36,339.50 3 1
scanner_eth/fetch/task_pool.go:339.50,341.3 1 1
scanner_eth/fetch/task_pool.go:342.2,342.54 1 1
scanner_eth/fetch/task_pool.go:342.54,344.3 1 1
scanner_eth/fetch/task_pool.go:346.2,361.16 16 1
scanner_eth/fetch/task_pool.go:364.43,382.2 2 1
