mode: set
scanner_eth/util/util.go:18.44,19.19 1 1
scanner_eth/util/util.go:19.19,21.3 1 1
scanner_eth/util/util.go:22.2,23.30 2 1
scanner_eth/util/util.go:23.30,25.3 1 1
scanner_eth/util/util.go:27.2,27.34 1 1
scanner_eth/util/util.go:30.94,33.19 3 1
scanner_eth/util/util.go:33.19,34.76 1 1
scanner_eth/util/util.go:34.76,36.4 1 1
scanner_eth/util/util.go:38.2,38.6 1 1
scanner_eth/util/util.go:38.6,39.20 1 1
scanner_eth/util/util.go:39.20,41.4 1 1
scanner_eth/util/util.go:42.3,43.17 2 1
scanner_eth/util/util.go:43.17,45.4 1 1
scanner_eth/util/util.go:46.3,46.24 1 1
scanner_eth/util/util.go:46.24,48.4 1 1
scanner_eth/util/util.go:49.3,52.8 3 1
scanner_eth/util/util.go:65.43,66.16 1 1
scanner_eth/util/util.go:66.16,68.3 1 1
scanner_eth/util/util.go:70.2,70.40 1 1
scanner_eth/util/util.go:70.40,71.41 1 1
scanner_eth/util/util.go:71.41,73.4 1 1
scanner_eth/util/util.go:76.2,76.14 1 1
