mode: set
scanner_eth/blocktree/block_tree.go:41.49,42.14 1 1
scanner_eth/blocktree/block_tree.go:42.14,44.3 1 1
scanner_eth/blocktree/block_tree.go:45.2,46.11 2 1
scanner_eth/blocktree/block_tree.go:81.53,90.2 1 1
scanner_eth/blocktree/block_tree.go:100.144,104.42 3 1
scanner_eth/blocktree/block_tree.go:104.42,106.3 1 1
scanner_eth/blocktree/block_tree.go:107.2,107.46 1 1
scanner_eth/blocktree/block_tree.go:107.46,109.3 1 1
scanner_eth/blocktree/block_tree.go:111.2,113.35 2 1
scanner_eth/blocktree/block_tree.go:113.35,114.20 1 1
scanner_eth/blocktree/block_tree.go:114.20,116.4 1 1
scanner_eth/blocktree/block_tree.go:117.3,119.31 3 1
scanner_eth/blocktree/block_tree.go:119.31,121.4 1 1
scanner_eth/blocktree/block_tree.go:122.3,122.16 1 1
scanner_eth/blocktree/block_tree.go:126.2,126.45 1 1
scanner_eth/blocktree/block_tree.go:126.45,128.3 1 1
scanner_eth/blocktree/block_tree.go:129.2,131.12 3 1
scanner_eth/blocktree/block_tree.go:136.152,145.39 4 1
scanner_eth/blocktree/block_tree.go:145.39,147.3 1 1
scanner_eth/blocktree/block_tree.go:148.2,157.15 6 1
scanner_eth/blocktree/block_tree.go:168.105,169.21 1 1
scanner_eth/blocktree/block_tree.go:169.21,170.20 1 1
scanner_eth/blocktree/block_tree.go:170.20,172.4 1 1
scanner_eth/blocktree/block_tree.go:173.3,173.26 1 1
scanner_eth/blocktree/block_tree.go:173.26,175.4 1 1
scanner_eth/blocktree/block_tree.go:176.3,176.28 1 1
scanner_eth/blocktree/block_tree.go:179.2,179.45 1 1
scanner_eth/blocktree/block_tree.go:179.45,182.44 3 1
scanner_eth/blocktree/block_tree.go:182.44,183.31 1 1
scanner_eth/blocktree/block_tree.go:183.31,185.5 1 1
scanner_eth/blocktree/block_tree.go:186.4,187.11 2 1
scanner_eth/blocktree/block_tree.go:187.11,189.5 1 1
scanner_eth/blocktree/block_tree.go:190.4,191.19 2 1
scanner_eth/blocktree/block_tree.go:193.3,193.64 1 1
scanner_eth/blocktree/block_tree.go:196.2,196.25 1 1
scanner_eth/blocktree/block_tree.go:196.25,198.3 1 1
scanner_eth/blocktree/block_tree.go:200.2,200.19 1 1
scanner_eth/blocktree/block_tree.go:200.19,202.3 1 1
scanner_eth/blocktree/block_tree.go:204.2,204.27 1 1
scanner_eth/blocktree/block_tree.go:209.56,211.9 2 1
scanner_eth/blocktree/block_tree.go:211.9,213.3 1 1
scanner_eth/blocktree/block_tree.go:214.2,217.29 3 1
scanner_eth/blocktree/block_tree.go:217.29,220.3 2 1
scanner_eth/blocktree/block_tree.go:221.2,221.15 1 1
scanner_eth/blocktree/block_tree.go:227.55,231.56 3 1
scanner_eth/blocktree/block_tree.go:231.56,233.3 1 1
scanner_eth/blocktree/block_tree.go:236.2,237.27 2 1
scanner_eth/blocktree/block_tree.go:237.27,239.16 2 1
scanner_eth/blocktree/block_tree.go:239.16,240.12 1 1
scanner_eth/blocktree/block_tree.go:242.3,244.62 1 1
scanner_eth/blocktree/block_tree.go:244.62,246.4 1 1
scanner_eth/blocktree/block_tree.go:248.2,248.19 1 1
scanner_eth/blocktree/block_tree.go:248.19,250.3 1 1
scanner_eth/blocktree/block_tree.go:253.2,254.43 2 1
scanner_eth/blocktree/block_tree.go:254.43,256.3 1 1
scanner_eth/blocktree/block_tree.go:261.2,265.41 3 1
scanner_eth/blocktree/block_tree.go:265.41,267.3 1 1
scanner_eth/blocktree/block_tree.go:270.2,277.21 5 1
scanner_eth/blocktree/block_tree.go:277.21,279.30 2 1
scanner_eth/blocktree/block_tree.go:279.30,280.9 1 1
scanner_eth/blocktree/block_tree.go:282.3,282.54 1 1
scanner_eth/blocktree/block_tree.go:282.54,284.4 1 1
scanner_eth/blocktree/block_tree.go:284.9,285.9 1 1
scanner_eth/blocktree/block_tree.go:292.2,295.32 2 1
scanner_eth/blocktree/block_tree.go:295.32,296.44 1 1
scanner_eth/blocktree/block_tree.go:296.44,298.4 1 1
scanner_eth/blocktree/block_tree.go:302.2,303.14 2 1
scanner_eth/blocktree/block_tree.go:303.14,305.33 2 1
scanner_eth/blocktree/block_tree.go:305.33,306.55 1 1
scanner_eth/blocktree/block_tree.go:306.55,307.52 1 1
scanner_eth/blocktree/block_tree.go:307.52,310.6 2 1
scanner_eth/blocktree/block_tree.go:316.2,316.26 1 1
scanner_eth/blocktree/block_tree.go:316.26,317.47 1 1
scanner_eth/blocktree/block_tree.go:317.47,319.4 1 1
scanner_eth/blocktree/block_tree.go:320.3,322.29 3 1
scanner_eth/blocktree/block_tree.go:326.2,326.41 1 1
scanner_eth/blocktree/block_tree.go:326.41,327.52 1 1
scanner_eth/blocktree/block_tree.go:327.52,328.26 1 1
scanner_eth/blocktree/block_tree.go:328.26,330.5 1 1
scanner_eth/blocktree/block_tree.go:335.2,336.32 2 1
scanner_eth/blocktree/block_tree.go:336.32,337.66 1 1
scanner_eth/blocktree/block_tree.go:337.66,339.4 1 1
scanner_eth/blocktree/block_tree.go:342.2,342.20 1 1
scanner_eth/blocktree/block_tree.go:342.20,345.3 2 1
scanner_eth/blocktree/block_tree.go:347.2,347.20 1 1
scanner_eth/blocktree/block_tree.go:351.34,352.45 1 1
scanner_eth/blocktree/block_tree.go:352.45,354.3 1 1
scanner_eth/blocktree/block_tree.go:356.2,358.30 3 1
scanner_eth/blocktree/block_tree.go:362.34,366.19 3 1
scanner_eth/blocktree/block_tree.go:366.19,368.3 1 1
scanner_eth/blocktree/block_tree.go:369.2,370.11 2 1
scanner_eth/blocktree/block_tree.go:374.46,379.2 3 1
scanner_eth/blocktree/block_tree.go:383.65,388.17 4 1
scanner_eth/blocktree/block_tree.go:388.17,390.3 1 1
scanner_eth/blocktree/block_tree.go:391.2,392.13 2 1
scanner_eth/blocktree/block_tree.go:401.61,406.17 4 1
scanner_eth/blocktree/block_tree.go:406.17,408.3 1 1
scanner_eth/blocktree/block_tree.go:409.2,410.13 2 1
scanner_eth/blocktree/block_tree.go:416.64,420.43 3 1
scanner_eth/blocktree/block_tree.go:420.43,422.3 1 1
scanner_eth/blocktree/block_tree.go:424.2,426.27 3 1
scanner_eth/blocktree/block_tree.go:426.27,428.35 2 1
scanner_eth/blocktree/block_tree.go:428.35,430.4 1 1
scanner_eth/blocktree/block_tree.go:432.2,432.25 1 1
scanner_eth/blocktree/block_tree.go:438.43,443.57 4 1
scanner_eth/blocktree/block_tree.go:443.57,444.25 1 1
scanner_eth/blocktree/block_tree.go:444.25,445.12 1 1
scanner_eth/blocktree/block_tree.go:447.3,447.45 1 1
scanner_eth/blocktree/block_tree.go:447.45,448.12 1 1
scanner_eth/blocktree/block_tree.go:450.3,450.37 1 1
scanner_eth/blocktree/block_tree.go:452.2,452.15 1 1
scanner_eth/blocktree/block_tree.go:456.49,461.32 4 1
scanner_eth/blocktree/block_tree.go:461.32,462.16 1 1
scanner_eth/blocktree/block_tree.go:462.16,464.4 1 1
scanner_eth/blocktree/block_tree.go:466.2,466.15 1 1
scanner_eth/blocktree/block_tree.go:475.41,479.25 3 1
scanner_eth/blocktree/block_tree.go:479.25,481.3 1 1
scanner_eth/blocktree/block_tree.go:483.2,484.27 2 1
scanner_eth/blocktree/block_tree.go:484.27,486.16 2 1
scanner_eth/blocktree/block_tree.go:486.16,488.4 1 1
scanner_eth/blocktree/block_tree.go:491.2,491.45 1 1
scanner_eth/blocktree/block_tree.go:491.45,492.51 1 1
scanner_eth/blocktree/block_tree.go:492.51,494.4 1 1
scanner_eth/blocktree/block_tree.go:495.3,495.51 1 1
scanner_eth/blocktree/block_tree.go:495.51,497.4 1 1
scanner_eth/blocktree/block_tree.go:498.3,498.47 1 1
scanner_eth/blocktree/block_tree.go:501.2,502.36 2 1
scanner_eth/blocktree/block_tree.go:502.36,504.34 2 1
scanner_eth/blocktree/block_tree.go:504.34,507.11 3 1
scanner_eth/blocktree/block_tree.go:507.11,508.10 1 1
scanner_eth/blocktree/block_tree.go:510.4,510.33 1 1
scanner_eth/blocktree/block_tree.go:513.3,513.81 1 1
scanner_eth/blocktree/block_tree.go:516.2,516.15 1 1
scanner_eth/blocktree/block_tree.go:520.31,525.2 3 1
