mode: atomic
scanner_eth/config/config.go:116.56,118.16 2 0
scanner_eth/config/config.go:118.16,120.3 1 0
scanner_eth/config/config.go:122.2,125.41 3 0
scanner_eth/config/config.go:125.41,127.3 1 0
scanner_eth/config/config.go:129.2,129.12 1 0
scanner_eth/config/config.go:132.58,133.17 1 0
scanner_eth/config/config.go:133.17,135.3 1 0
scanner_eth/config/config.go:137.2,137.56 1 0
scanner_eth/config/config.go:137.56,139.3 1 0
scanner_eth/config/config.go:141.2,169.47 5 0
scanner_eth/config/config.go:169.47,171.3 1 0
scanner_eth/config/config.go:173.2,174.16 2 0
scanner_eth/config/config.go:174.16,176.3 1 0
scanner_eth/config/config.go:178.2,178.18 1 0
scanner_eth/main.go:30.13,33.2 2 0
scanner_eth/main.go:35.13,39.16 3 0
scanner_eth/main.go:39.16,42.3 2 0
scanner_eth/main.go:44.2,51.16 5 0
scanner_eth/main.go:51.16,54.3 2 0
scanner_eth/main.go:56.2,59.16 3 0
scanner_eth/main.go:59.16,62.3 2 0
scanner_eth/main.go:64.2,64.37 1 0
scanner_eth/main.go:64.37,67.3 2 0
scanner_eth/main.go:69.2,71.39 2 0
scanner_eth/main.go:71.39,90.17 1 0
scanner_eth/main.go:90.17,93.4 2 0
scanner_eth/main.go:95.3,95.67 1 0
scanner_eth/main.go:95.67,96.88 1 0
scanner_eth/main.go:96.88,99.5 2 0
scanner_eth/main.go:102.3,102.48 1 0
scanner_eth/main.go:105.2,108.16 4 0
scanner_eth/main.go:108.16,111.3 2 0
scanner_eth/main.go:112.2,132.50 18 0
scanner_eth/main.go:132.50,133.51 1 0
scanner_eth/main.go:133.51,136.4 2 0
scanner_eth/main.go:137.3,137.37 1 0
scanner_eth/main.go:140.2,145.23 4 0
scanner_eth/main.go:145.23,148.3 2 0
scanner_eth/main.go:150.2,151.42 2 0
scanner_eth/main.go:151.42,161.17 3 0
scanner_eth/main.go:161.17,164.4 2 0
scanner_eth/main.go:165.3,165.46 1 0
scanner_eth/main.go:168.2,197.26 13 0
scanner_eth/main.go:197.26,201.3 3 0
scanner_eth/main.go:202.2,202.34 1 0
scanner_eth/main.go:205.75,207.53 2 0
scanner_eth/main.go:207.53,210.3 2 0
scanner_eth/main.go:211.2,211.28 1 0
scanner_eth/main.go:211.28,218.98 2 0
scanner_eth/main.go:218.98,221.4 2 0
scanner_eth/main.go:222.3,222.100 1 0
scanner_eth/main.go:223.8,223.34 1 0
scanner_eth/main.go:223.34,226.3 2 0
scanner_eth/main.go:226.8,227.97 1 0
scanner_eth/main.go:227.97,231.4 2 0
scanner_eth/main.go:235.66,237.53 2 0
scanner_eth/main.go:237.53,240.3 2 0
scanner_eth/main.go:242.2,242.113 1 0
scanner_eth/metrics_server.go:17.61,18.18 1 0
scanner_eth/metrics_server.go:18.18,20.3 1 0
scanner_eth/metrics_server.go:22.2,23.16 2 0
scanner_eth/metrics_server.go:23.16,25.3 1 0
scanner_eth/metrics_server.go:26.2,27.16 2 0
scanner_eth/metrics_server.go:27.16,29.3 1 0
scanner_eth/metrics_server.go:31.2,40.12 4 0
scanner_eth/metrics_server.go:40.12,42.77 2 0
scanner_eth/metrics_server.go:42.77,44.4 1 0
scanner_eth/metrics_server.go:47.2,47.36 1 0
scanner_eth/metrics_server.go:50.56,51.35 1 0
scanner_eth/metrics_server.go:51.35,53.3 1 0
scanner_eth/metrics_server.go:54.2,54.48 1 0
scanner_eth/metrics_server.go:54.48,56.3 1 0
scanner_eth/syncer.go:25.252,33.29 5 0
scanner_eth/syncer.go:33.29,36.3 2 0
scanner_eth/syncer.go:38.2,86.25 17 0
scanner_eth/syncer.go:86.25,88.3 1 0
scanner_eth/syncer.go:90.2,93.3 1 0
scanner_eth/syncer.go:96.24,100.2 2 0
scanner_eth/syncer.go:102.25,103.14 1 0
scanner_eth/syncer.go:103.14,105.3 1 0
scanner_eth/syncer.go:106.2,106.17 1 0
scanner_eth/syncer.go:106.17,108.3 1 0
scanner_eth/syncer.go:109.2,109.17 1 0
scanner_eth/syncer.go:109.17,111.3 1 0
scanner_eth/syncer.go:114.98,117.33 1 0
scanner_eth/syncer.go:117.33,119.17 2 0
scanner_eth/syncer.go:119.17,122.4 2 0
scanner_eth/syncer.go:124.3,124.44 1 0
scanner_eth/syncer.go:124.44,127.4 2 0
scanner_eth/syncer.go:129.3,130.17 2 0
scanner_eth/syncer.go:130.17,133.4 2 0
scanner_eth/syncer.go:135.3,135.48 1 0
scanner_eth/syncer.go:135.48,138.4 2 0
scanner_eth/middleware/database.go:27.48,58.16 9 0
scanner_eth/middleware/database.go:58.16,60.3 1 0
scanner_eth/middleware/database.go:62.2,64.16 2 0
scanner_eth/middleware/redis_config.go:24.52,36.2 1 0
scanner_eth/model/balance_erc1155.go:12.42,14.2 1 0
scanner_eth/model/balance_erc20.go:11.40,13.2 1 0
scanner_eth/model/balance_native.go:10.41,12.2 1 0
scanner_eth/model/block.go:37.33,39.2 1 0
scanner_eth/model/chain_binlog.go:12.39,14.2 1 0
scanner_eth/model/contract.go:13.36,15.2 1 0
scanner_eth/model/contract_erc20.go:13.41,15.2 1 0
scanner_eth/model/contract_erc721.go:11.42,13.2 1 0
scanner_eth/model/eveng_log.go:21.36,23.2 1 0
scanner_eth/model/event_erc1155_transfer.go:18.48,20.2 1 0
scanner_eth/model/event_erc20_transfer.go:15.46,17.2 1 0
scanner_eth/model/event_erc721_transfer.go:15.47,17.2 1 0
scanner_eth/model/scanner_info.go:11.39,13.2 1 0
scanner_eth/model/token_erc721.go:13.39,15.2 1 0
scanner_eth/model/tx.go:28.30,30.2 1 0
scanner_eth/model/tx_internal.go:22.38,24.2 1 0
scanner_eth/log/console.go:11.34,13.2 1 0
scanner_eth/log/console.go:15.48,22.2 2 0
scanner_eth/log/console.go:29.55,30.27 1 0
scanner_eth/log/console.go:30.27,31.43 1 0
scanner_eth/log/console.go:31.43,32.43 1 0
scanner_eth/log/console.go:32.43,34.5 1 0
scanner_eth/log/console.go:38.2,39.16 2 0
scanner_eth/log/console.go:39.16,42.3 2 0
scanner_eth/log/console.go:44.2,45.12 2 0
scanner_eth/log/console.go:48.47,50.2 1 0
scanner_eth/log/file.go:12.85,14.2 1 0
scanner_eth/log/file.go:16.96,32.2 3 0
scanner_eth/log/file.go:40.52,41.27 1 0
scanner_eth/log/file.go:41.27,42.43 1 0
scanner_eth/log/file.go:42.43,43.43 1 0
scanner_eth/log/file.go:43.43,45.5 1 0
scanner_eth/log/file.go:49.2,50.16 2 0
scanner_eth/log/file.go:50.16,53.3 2 0
scanner_eth/log/file.go:55.2,56.12 2 0
scanner_eth/log/file.go:59.44,61.2 1 0
scanner_eth/log/log.go:18.58,22.19 4 0
scanner_eth/log/log.go:22.19,24.3 1 0
scanner_eth/log/log.go:25.2,25.27 1 0
scanner_eth/log/log.go:28.47,31.2 2 0
scanner_eth/log/log.go:33.34,34.19 1 0
scanner_eth/log/log.go:34.19,36.3 1 0
scanner_eth/log/log.go:37.2,37.21 1 0
scanner_eth/log/log.go:37.21,39.3 1 0
scanner_eth/log/log.go:40.2,41.30 2 0
scanner_eth/log/log.go:44.51,46.16 2 0
scanner_eth/log/log.go:46.16,48.3 1 0
scanner_eth/log/log.go:50.2,50.35 1 0
scanner_eth/log/log.go:53.67,55.27 1 0
scanner_eth/log/log.go:55.27,57.3 1 0
scanner_eth/log/log.go:59.2,59.24 1 0
scanner_eth/log/log.go:59.24,61.3 1 0
scanner_eth/log/log.go:63.2,74.12 7 0
scanner_eth/filter/filter_base.go:28.23,34.16 5 0
scanner_eth/filter/filter_base.go:34.16,36.3 1 0
scanner_eth/filter/filter_base.go:38.2,40.16 3 0
scanner_eth/filter/filter_base.go:40.16,42.3 1 0
scanner_eth/filter/filter_base.go:44.2,46.16 3 0
scanner_eth/filter/filter_base.go:46.16,48.3 1 0
scanner_eth/filter/filter_base.go:51.71,53.2 1 0
scanner_eth/filter/filter_base.go:55.72,57.2 1 0
scanner_eth/filter/filter_base.go:59.79,61.2 1 0
scanner_eth/filter/filter_base.go:63.78,65.2 1 0
scanner_eth/filter/filter_base.go:67.171,69.59 1 0
scanner_eth/filter/filter_base.go:69.59,71.3 1 0
scanner_eth/filter/filter_base.go:72.2,97.27 5 0
scanner_eth/filter/filter_base.go:111.173,112.60 1 0
scanner_eth/filter/filter_base.go:112.60,114.3 1 0
scanner_eth/filter/filter_base.go:116.2,145.28 5 0
scanner_eth/filter/filter_base.go:148.181,149.67 1 0
scanner_eth/filter/filter_base.go:149.67,151.3 1 0
scanner_eth/filter/filter_base.go:153.2,158.110 2 0
scanner_eth/filter/filter_base.go:158.110,161.3 2 0
scanner_eth/filter/filter_base.go:163.2,193.29 8 0
scanner_eth/filter/filter_base.go:204.182,206.66 1 0
scanner_eth/filter/filter_base.go:206.66,208.3 1 0
scanner_eth/filter/filter_base.go:210.2,215.109 2 0
scanner_eth/filter/filter_base.go:215.109,218.3 2 0
scanner_eth/filter/filter_base.go:220.2,222.29 3 0
scanner_eth/filter/filter_base.go:222.29,225.3 2 0
scanner_eth/filter/filter_base.go:227.2,233.29 5 0
scanner_eth/filter/filter_base.go:233.29,249.3 4 0
scanner_eth/filter/filter_base.go:251.2,251.30 1 0
scanner_eth/filter/filter_erc20payment.go:23.66,27.16 3 0
scanner_eth/filter/filter_erc20payment.go:27.16,30.3 2 0
scanner_eth/filter/filter_erc20payment.go:32.2,32.67 1 0
scanner_eth/filter/filter_erc20payment.go:35.173,37.139 1 0
scanner_eth/filter/filter_erc20payment.go:37.139,39.3 1 0
scanner_eth/filter/filter_erc20payment.go:41.2,41.12 1 0
scanner_eth/filter/filter_erc20payment.go:44.178,48.122 2 0
scanner_eth/filter/filter_erc20payment.go:48.122,50.3 1 0
scanner_eth/filter/filter_erc20payment.go:52.2,61.116 5 0
scanner_eth/filter/filter_erc20payment.go:61.116,64.3 2 0
scanner_eth/filter/filter_erc20payment.go:66.2,74.29 2 0
scanner_eth/filter/filter_hybridnft.go:23.65,27.16 3 0
scanner_eth/filter/filter_hybridnft.go:27.16,30.3 2 0
scanner_eth/filter/filter_hybridnft.go:31.2,32.16 2 0
scanner_eth/filter/filter_hybridnft.go:32.16,35.3 2 0
scanner_eth/filter/filter_hybridnft.go:37.2,37.71 1 0
scanner_eth/filter/filter_hybridnft.go:40.170,42.131 1 0
scanner_eth/filter/filter_hybridnft.go:42.131,44.3 1 0
scanner_eth/filter/filter_hybridnft.go:46.2,46.134 1 0
scanner_eth/filter/filter_hybridnft.go:46.134,48.3 1 0
scanner_eth/filter/filter_hybridnft.go:50.2,50.12 1 0
scanner_eth/filter/filter_hybridnft.go:53.188,57.80 2 0
scanner_eth/filter/filter_hybridnft.go:57.80,59.3 1 0
scanner_eth/filter/filter_hybridnft.go:61.2,70.116 2 0
scanner_eth/filter/filter_hybridnft.go:70.116,73.3 2 0
scanner_eth/filter/filter_hybridnft.go:75.2,84.14 2 0
scanner_eth/filter/filter_hybridnft.go:87.194,91.83 2 0
scanner_eth/filter/filter_hybridnft.go:91.83,93.3 1 0
scanner_eth/filter/filter_hybridnft.go:95.2,106.119 2 0
scanner_eth/filter/filter_hybridnft.go:106.119,109.3 2 0
scanner_eth/filter/filter_hybridnft.go:111.2,122.14 2 0
scanner_eth/filter/filter_meme.go:22.55,26.16 3 0
scanner_eth/filter/filter_meme.go:26.16,29.3 2 0
scanner_eth/filter/filter_meme.go:31.2,31.61 1 0
scanner_eth/filter/filter_meme.go:34.165,35.132 1 0
scanner_eth/filter/filter_meme.go:35.132,37.3 1 0
scanner_eth/filter/filter_meme.go:38.2,38.124 1 0
scanner_eth/filter/filter_meme.go:38.124,40.3 1 0
scanner_eth/filter/filter_meme.go:41.2,41.135 1 0
scanner_eth/filter/filter_meme.go:41.135,43.3 1 0
scanner_eth/filter/filter_meme.go:45.2,45.12 1 0
scanner_eth/filter/filter_meme.go:48.181,53.72 2 0
scanner_eth/filter/filter_meme.go:53.72,55.3 1 0
scanner_eth/filter/filter_meme.go:57.2,70.108 4 0
scanner_eth/filter/filter_meme.go:70.108,73.3 2 0
scanner_eth/filter/filter_meme.go:75.2,87.14 2 0
scanner_eth/filter/filter_meme.go:90.165,96.72 2 0
scanner_eth/filter/filter_meme.go:96.72,98.3 1 0
scanner_eth/filter/filter_meme.go:100.2,112.108 4 0
scanner_eth/filter/filter_meme.go:112.108,115.3 2 0
scanner_eth/filter/filter_meme.go:117.2,127.14 2 0
scanner_eth/filter/filter_meme.go:130.187,134.72 2 0
scanner_eth/filter/filter_meme.go:134.72,136.3 1 0
scanner_eth/filter/filter_meme.go:138.2,147.108 3 0
scanner_eth/filter/filter_meme.go:147.108,150.3 2 0
scanner_eth/filter/filter_meme.go:152.2,159.14 2 0
scanner_eth/filter/filter_nftmarketplace.go:22.83,26.16 3 0
scanner_eth/filter/filter_nftmarketplace.go:26.16,29.3 2 0
scanner_eth/filter/filter_nftmarketplace.go:31.2,31.66 1 0
scanner_eth/filter/filter_nftmarketplace.go:34.177,35.131 1 0
scanner_eth/filter/filter_nftmarketplace.go:35.131,37.3 1 0
scanner_eth/filter/filter_nftmarketplace.go:38.2,38.129 1 0
scanner_eth/filter/filter_nftmarketplace.go:38.129,40.3 1 0
scanner_eth/filter/filter_nftmarketplace.go:41.2,41.137 1 0
scanner_eth/filter/filter_nftmarketplace.go:41.137,43.3 1 0
scanner_eth/filter/filter_nftmarketplace.go:44.2,44.133 1 0
scanner_eth/filter/filter_nftmarketplace.go:44.133,46.3 1 0
scanner_eth/filter/filter_nftmarketplace.go:47.2,47.130 1 0
scanner_eth/filter/filter_nftmarketplace.go:47.130,49.3 1 0
scanner_eth/filter/filter_nftmarketplace.go:50.2,50.134 1 0
scanner_eth/filter/filter_nftmarketplace.go:50.134,52.3 1 0
scanner_eth/filter/filter_nftmarketplace.go:53.2,53.135 1 0
scanner_eth/filter/filter_nftmarketplace.go:53.135,55.3 1 0
scanner_eth/filter/filter_nftmarketplace.go:56.2,56.135 1 0
scanner_eth/filter/filter_nftmarketplace.go:56.135,58.3 1 0
scanner_eth/filter/filter_nftmarketplace.go:59.2,59.139 1 0
scanner_eth/filter/filter_nftmarketplace.go:59.139,61.3 1 0
scanner_eth/filter/filter_nftmarketplace.go:62.2,62.140 1 0
scanner_eth/filter/filter_nftmarketplace.go:62.140,64.3 1 0
scanner_eth/filter/filter_nftmarketplace.go:65.2,65.134 1 0
scanner_eth/filter/filter_nftmarketplace.go:65.134,67.3 1 0
scanner_eth/filter/filter_nftmarketplace.go:69.2,69.12 1 0
scanner_eth/filter/filter_nftmarketplace.go:72.43,74.2 1 0
scanner_eth/filter/filter_nftmarketplace.go:76.168,80.82 2 0
scanner_eth/filter/filter_nftmarketplace.go:80.82,82.3 1 0
scanner_eth/filter/filter_nftmarketplace.go:84.2,94.118 5 0
scanner_eth/filter/filter_nftmarketplace.go:94.118,97.3 2 0
scanner_eth/filter/filter_nftmarketplace.go:99.2,108.29 2 0
scanner_eth/filter/filter_nftmarketplace.go:111.166,114.82 2 0
scanner_eth/filter/filter_nftmarketplace.go:114.82,116.3 1 0
scanner_eth/filter/filter_nftmarketplace.go:118.2,129.118 5 0
scanner_eth/filter/filter_nftmarketplace.go:129.118,132.3 2 0
scanner_eth/filter/filter_nftmarketplace.go:134.2,144.27 2 0
scanner_eth/filter/filter_nftmarketplace.go:147.174,150.82 2 0
scanner_eth/filter/filter_nftmarketplace.go:150.82,152.3 1 0
scanner_eth/filter/filter_nftmarketplace.go:154.2,161.27 3 0
scanner_eth/filter/filter_nftmarketplace.go:164.170,167.82 2 0
scanner_eth/filter/filter_nftmarketplace.go:167.82,169.3 1 0
scanner_eth/filter/filter_nftmarketplace.go:171.2,177.118 3 0
scanner_eth/filter/filter_nftmarketplace.go:177.118,180.3 2 0
scanner_eth/filter/filter_nftmarketplace.go:182.2,187.27 2 0
scanner_eth/filter/filter_nftmarketplace.go:190.167,193.82 2 0
scanner_eth/filter/filter_nftmarketplace.go:193.82,195.3 1 0
scanner_eth/filter/filter_nftmarketplace.go:197.2,205.118 3 0
scanner_eth/filter/filter_nftmarketplace.go:205.118,208.3 2 0
scanner_eth/filter/filter_nftmarketplace.go:210.2,219.27 2 0
scanner_eth/filter/filter_nftmarketplace.go:222.171,225.82 2 0
scanner_eth/filter/filter_nftmarketplace.go:225.82,227.3 1 0
scanner_eth/filter/filter_nftmarketplace.go:229.2,238.118 3 0
scanner_eth/filter/filter_nftmarketplace.go:238.118,241.3 2 0
scanner_eth/filter/filter_nftmarketplace.go:243.2,253.27 2 0
scanner_eth/filter/filter_nftmarketplace.go:256.172,259.82 2 0
scanner_eth/filter/filter_nftmarketplace.go:259.82,261.3 1 0
scanner_eth/filter/filter_nftmarketplace.go:263.2,271.27 4 0
scanner_eth/filter/filter_nftmarketplace.go:274.172,277.82 2 0
scanner_eth/filter/filter_nftmarketplace.go:277.82,279.3 1 0
scanner_eth/filter/filter_nftmarketplace.go:281.2,292.118 5 0
scanner_eth/filter/filter_nftmarketplace.go:292.118,295.3 2 0
scanner_eth/filter/filter_nftmarketplace.go:297.2,307.27 2 0
scanner_eth/filter/filter_nftmarketplace.go:310.176,313.82 2 0
scanner_eth/filter/filter_nftmarketplace.go:313.82,315.3 1 0
scanner_eth/filter/filter_nftmarketplace.go:317.2,328.118 5 0
scanner_eth/filter/filter_nftmarketplace.go:328.118,331.3 2 0
scanner_eth/filter/filter_nftmarketplace.go:333.2,334.55 2 0
scanner_eth/filter/filter_nftmarketplace.go:334.55,336.3 1 0
scanner_eth/filter/filter_nftmarketplace.go:338.2,348.27 2 0
scanner_eth/filter/filter_nftmarketplace.go:351.177,354.82 2 0
scanner_eth/filter/filter_nftmarketplace.go:354.82,356.3 1 0
scanner_eth/filter/filter_nftmarketplace.go:358.2,366.27 4 0
scanner_eth/filter/filter_nftmarketplace.go:369.171,372.82 2 0
scanner_eth/filter/filter_nftmarketplace.go:372.82,374.3 1 0
scanner_eth/filter/filter_nftmarketplace.go:376.2,385.118 4 0
scanner_eth/filter/filter_nftmarketplace.go:385.118,388.3 2 0
scanner_eth/filter/filter_nftmarketplace.go:390.2,391.55 2 0
scanner_eth/filter/filter_nftmarketplace.go:391.55,393.3 1 0
scanner_eth/filter/filter_nftmarketplace.go:395.2,403.27 2 0
scanner_eth/filter/filter_uniswapv2.go:22.65,26.16 3 0
scanner_eth/filter/filter_uniswapv2.go:26.16,29.3 2 0
scanner_eth/filter/filter_uniswapv2.go:31.2,31.52 1 0
scanner_eth/filter/filter_uniswapv2.go:34.185,35.131 1 0
scanner_eth/filter/filter_uniswapv2.go:35.131,37.3 1 0
scanner_eth/filter/filter_uniswapv2.go:39.2,39.12 1 0
scanner_eth/filter/filter_uniswapv2.go:42.183,45.38 2 0
scanner_eth/filter/filter_uniswapv2.go:45.38,47.3 1 0
scanner_eth/filter/filter_uniswapv2.go:49.2,49.81 1 0
scanner_eth/filter/filter_uniswapv2.go:49.81,51.3 1 0
scanner_eth/filter/filter_uniswapv2.go:53.2,63.117 4 0
scanner_eth/filter/filter_uniswapv2.go:63.117,66.3 2 0
scanner_eth/filter/filter_uniswapv2.go:68.2,78.14 2 0
scanner_eth/blocktree/block_tree.go:41.49,42.14 1 110
scanner_eth/blocktree/block_tree.go:42.14,44.3 1 12
scanner_eth/blocktree/block_tree.go:45.2,46.11 2 98
scanner_eth/blocktree/block_tree.go:81.53,90.2 1 24
scanner_eth/blocktree/block_tree.go:100.144,104.42 3 58
scanner_eth/blocktree/block_tree.go:104.42,106.3 1 1
scanner_eth/blocktree/block_tree.go:107.2,107.46 1 57
scanner_eth/blocktree/block_tree.go:107.46,109.3 1 1
scanner_eth/blocktree/block_tree.go:111.2,113.35 2 56
scanner_eth/blocktree/block_tree.go:113.35,114.20 1 48
scanner_eth/blocktree/block_tree.go:114.20,116.4 1 17
scanner_eth/blocktree/block_tree.go:117.3,119.31 3 48
scanner_eth/blocktree/block_tree.go:119.31,121.4 1 50
scanner_eth/blocktree/block_tree.go:122.3,122.16 1 48
scanner_eth/blocktree/block_tree.go:126.2,126.45 1 8
scanner_eth/blocktree/block_tree.go:126.45,128.3 1 8
scanner_eth/blocktree/block_tree.go:129.2,131.12 3 8
scanner_eth/blocktree/block_tree.go:136.152,145.39 4 65
scanner_eth/blocktree/block_tree.go:145.39,147.3 1 62
scanner_eth/blocktree/block_tree.go:148.2,157.15 6 65
scanner_eth/blocktree/block_tree.go:168.105,169.21 1 69
scanner_eth/blocktree/block_tree.go:169.21,170.20 1 20
scanner_eth/blocktree/block_tree.go:170.20,172.4 1 20
scanner_eth/blocktree/block_tree.go:173.3,173.26 1 0
scanner_eth/blocktree/block_tree.go:173.26,175.4 1 0
scanner_eth/blocktree/block_tree.go:176.3,176.28 1 0
scanner_eth/blocktree/block_tree.go:179.2,179.45 1 49
scanner_eth/blocktree/block_tree.go:179.45,182.44 3 48
scanner_eth/blocktree/block_tree.go:182.44,183.31 1 58
scanner_eth/blocktree/block_tree.go:183.31,185.5 1 25
scanner_eth/blocktree/block_tree.go:186.4,187.11 2 33
scanner_eth/blocktree/block_tree.go:187.11,189.5 1 0
scanner_eth/blocktree/block_tree.go:190.4,191.19 2 33
scanner_eth/blocktree/block_tree.go:193.3,193.64 1 23
scanner_eth/blocktree/block_tree.go:196.2,196.25 1 1
scanner_eth/blocktree/block_tree.go:196.25,198.3 1 0
scanner_eth/blocktree/block_tree.go:200.2,200.19 1 1
scanner_eth/blocktree/block_tree.go:200.19,202.3 1 1
scanner_eth/blocktree/block_tree.go:204.2,204.27 1 0
scanner_eth/blocktree/block_tree.go:209.56,211.9 2 65
scanner_eth/blocktree/block_tree.go:211.9,213.3 1 63
scanner_eth/blocktree/block_tree.go:214.2,217.29 3 2
scanner_eth/blocktree/block_tree.go:217.29,220.3 2 2
scanner_eth/blocktree/block_tree.go:221.2,221.15 1 2
scanner_eth/blocktree/block_tree.go:227.55,231.56 3 7
scanner_eth/blocktree/block_tree.go:231.56,233.3 1 0
scanner_eth/blocktree/block_tree.go:236.2,237.27 2 7
scanner_eth/blocktree/block_tree.go:237.27,239.16 2 9
scanner_eth/blocktree/block_tree.go:239.16,240.12 1 0
scanner_eth/blocktree/block_tree.go:242.3,244.62 1 9
scanner_eth/blocktree/block_tree.go:244.62,246.4 1 8
scanner_eth/blocktree/block_tree.go:248.2,248.19 1 7
scanner_eth/blocktree/block_tree.go:248.19,250.3 1 0
scanner_eth/blocktree/block_tree.go:253.2,254.43 2 7
scanner_eth/blocktree/block_tree.go:254.43,256.3 1 1
scanner_eth/blocktree/block_tree.go:261.2,265.41 3 6
scanner_eth/blocktree/block_tree.go:265.41,267.3 1 0
scanner_eth/blocktree/block_tree.go:270.2,277.21 5 6
scanner_eth/blocktree/block_tree.go:277.21,279.30 2 25
scanner_eth/blocktree/block_tree.go:279.30,280.9 1 6
scanner_eth/blocktree/block_tree.go:282.3,282.54 1 19
scanner_eth/blocktree/block_tree.go:282.54,284.4 1 19
scanner_eth/blocktree/block_tree.go:284.9,285.9 1 0
scanner_eth/blocktree/block_tree.go:292.2,295.32 2 6
scanner_eth/blocktree/block_tree.go:295.32,296.44 1 30
scanner_eth/blocktree/block_tree.go:296.44,298.4 1 7
scanner_eth/blocktree/block_tree.go:302.2,303.14 2 6
scanner_eth/blocktree/block_tree.go:303.14,305.33 2 9
scanner_eth/blocktree/block_tree.go:305.33,306.55 1 50
scanner_eth/blocktree/block_tree.go:306.55,307.52 1 33
scanner_eth/blocktree/block_tree.go:307.52,310.6 2 5
scanner_eth/blocktree/block_tree.go:316.2,316.26 1 6
scanner_eth/blocktree/block_tree.go:316.26,317.47 1 12
scanner_eth/blocktree/block_tree.go:317.47,319.4 1 12
scanner_eth/blocktree/block_tree.go:320.3,322.29 3 12
scanner_eth/blocktree/block_tree.go:326.2,326.41 1 6
scanner_eth/blocktree/block_tree.go:326.41,327.26 1 18
scanner_eth/blocktree/block_tree.go:327.26,328.12 1 0
scanner_eth/blocktree/block_tree.go:330.3,330.52 1 18
scanner_eth/blocktree/block_tree.go:330.52,331.26 1 18
scanner_eth/blocktree/block_tree.go:331.26,333.5 1 6
scanner_eth/blocktree/block_tree.go:338.2,339.32 2 6
scanner_eth/blocktree/block_tree.go:339.32,340.66 1 18
scanner_eth/blocktree/block_tree.go:340.66,342.4 1 7
scanner_eth/blocktree/block_tree.go:345.2,345.20 1 6
scanner_eth/blocktree/block_tree.go:345.20,348.3 2 6
scanner_eth/blocktree/block_tree.go:350.2,350.20 1 6
scanner_eth/blocktree/block_tree.go:354.34,355.45 1 0
scanner_eth/blocktree/block_tree.go:355.45,357.3 1 0
scanner_eth/blocktree/block_tree.go:359.2,361.30 3 0
scanner_eth/blocktree/block_tree.go:365.34,369.19 3 1
scanner_eth/blocktree/block_tree.go:369.19,371.3 1 0
scanner_eth/blocktree/block_tree.go:372.2,373.11 2 1
scanner_eth/blocktree/block_tree.go:377.46,382.2 3 30
scanner_eth/blocktree/block_tree.go:386.65,391.17 4 0
scanner_eth/blocktree/block_tree.go:391.17,393.3 1 0
scanner_eth/blocktree/block_tree.go:394.2,395.13 2 0
scanner_eth/blocktree/block_tree.go:404.61,409.17 4 2
scanner_eth/blocktree/block_tree.go:409.17,411.3 1 1
scanner_eth/blocktree/block_tree.go:412.2,413.13 2 1
scanner_eth/blocktree/block_tree.go:419.64,423.43 3 2
scanner_eth/blocktree/block_tree.go:423.43,425.3 1 1
scanner_eth/blocktree/block_tree.go:427.2,429.27 3 1
scanner_eth/blocktree/block_tree.go:429.27,431.35 2 1
scanner_eth/blocktree/block_tree.go:431.35,433.4 1 1
scanner_eth/blocktree/block_tree.go:435.2,435.25 1 1
scanner_eth/blocktree/block_tree.go:441.43,446.57 4 1
scanner_eth/blocktree/block_tree.go:446.57,447.25 1 4
scanner_eth/blocktree/block_tree.go:447.25,448.12 1 0
scanner_eth/blocktree/block_tree.go:450.3,450.45 1 4
scanner_eth/blocktree/block_tree.go:450.45,451.12 1 2
scanner_eth/blocktree/block_tree.go:453.3,453.37 1 2
scanner_eth/blocktree/block_tree.go:455.2,455.15 1 1
scanner_eth/blocktree/block_tree.go:459.49,464.32 4 1
scanner_eth/blocktree/block_tree.go:464.32,465.16 1 2
scanner_eth/blocktree/block_tree.go:465.16,467.4 1 2
scanner_eth/blocktree/block_tree.go:469.2,469.15 1 1
scanner_eth/blocktree/block_tree.go:478.41,482.25 3 2
scanner_eth/blocktree/block_tree.go:482.25,484.3 1 1
scanner_eth/blocktree/block_tree.go:486.2,487.27 2 1
scanner_eth/blocktree/block_tree.go:487.27,489.16 2 2
scanner_eth/blocktree/block_tree.go:489.16,491.4 1 2
scanner_eth/blocktree/block_tree.go:494.2,494.45 1 1
scanner_eth/blocktree/block_tree.go:494.45,495.51 1 1
scanner_eth/blocktree/block_tree.go:495.51,497.4 1 1
scanner_eth/blocktree/block_tree.go:498.3,498.51 1 0
scanner_eth/blocktree/block_tree.go:498.51,500.4 1 0
scanner_eth/blocktree/block_tree.go:501.3,501.47 1 0
scanner_eth/blocktree/block_tree.go:504.2,505.36 2 1
scanner_eth/blocktree/block_tree.go:505.36,507.34 2 2
scanner_eth/blocktree/block_tree.go:507.34,510.11 3 7
scanner_eth/blocktree/block_tree.go:510.11,511.10 1 2
scanner_eth/blocktree/block_tree.go:513.4,513.33 1 5
scanner_eth/blocktree/block_tree.go:516.3,516.81 1 2
scanner_eth/blocktree/block_tree.go:519.2,519.15 1 1
scanner_eth/blocktree/block_tree.go:523.31,528.2 3 5
scanner_eth/publish/publish_manager.go:27.115,36.2 2 0
scanner_eth/publish/publish_manager.go:38.33,40.2 1 0
scanner_eth/publish/publish_manager.go:42.34,43.15 1 1
scanner_eth/publish/publish_manager.go:43.15,45.3 1 1
scanner_eth/publish/publish_manager.go:46.2,47.24 2 0
scanner_eth/publish/publish_manager.go:47.24,49.3 1 0
scanner_eth/publish/publish_manager.go:52.69,56.2 3 1
scanner_eth/publish/publish_manager.go:58.67,62.2 3 1
scanner_eth/publish/publish_manager.go:64.46,71.12 5 1
scanner_eth/publish/publish_manager.go:71.12,75.7 3 1
scanner_eth/publish/publish_manager.go:75.7,76.11 1 1
scanner_eth/publish/publish_manager.go:77.26,78.11 1 1
scanner_eth/publish/publish_manager.go:79.20,80.4 1 0
scanner_eth/publish/publish_manager.go:81.5,82.19 2 0
scanner_eth/publish/publish_manager.go:82.19,84.14 2 0
scanner_eth/publish/publish_manager.go:86.5,86.14 1 0
scanner_eth/publish/publish_manager.go:86.14,87.19 1 0
scanner_eth/publish/publish_manager.go:94.45,95.26 1 2
scanner_eth/publish/publish_manager.go:95.26,98.3 2 1
scanner_eth/publish/publish_manager.go:101.75,104.56 2 6
scanner_eth/publish/publish_manager.go:104.56,107.3 2 1
scanner_eth/publish/publish_manager.go:108.2,112.90 3 5
scanner_eth/publish/publish_manager.go:112.90,113.36 1 1
scanner_eth/publish/publish_manager.go:113.36,115.4 1 1
scanner_eth/publish/publish_manager.go:116.3,117.19 2 0
scanner_eth/publish/publish_manager.go:121.2,121.17 1 4
scanner_eth/publish/publish_manager.go:121.17,123.3 1 1
scanner_eth/publish/publish_manager.go:124.2,124.83 1 3
scanner_eth/publish/publish_manager.go:124.83,127.3 2 1
scanner_eth/publish/publish_manager.go:130.2,130.51 1 2
scanner_eth/publish/publish_manager.go:130.51,131.74 1 2
scanner_eth/publish/publish_manager.go:131.74,134.4 2 0
scanner_eth/publish/publish_manager.go:135.3,138.26 2 2
scanner_eth/publish/publish_manager.go:138.26,141.4 2 0
scanner_eth/publish/publish_manager.go:142.3,142.31 1 2
scanner_eth/publish/publish_manager.go:142.31,145.4 2 1
scanner_eth/publish/publish_manager.go:146.3,146.13 1 1
scanner_eth/publish/publish_manager.go:148.2,148.16 1 2
scanner_eth/publish/publish_manager.go:148.16,150.3 1 1
scanner_eth/publish/publish_manager.go:151.2,152.18 2 1
scanner_eth/util/util.go:18.44,19.19 1 3
scanner_eth/util/util.go:19.19,21.3 1 1
scanner_eth/util/util.go:22.2,23.30 2 2
scanner_eth/util/util.go:23.30,25.3 1 1
scanner_eth/util/util.go:27.2,27.34 1 1
scanner_eth/util/util.go:30.94,33.19 3 3
scanner_eth/util/util.go:33.19,34.76 1 2
scanner_eth/util/util.go:34.76,36.4 1 2
scanner_eth/util/util.go:38.2,38.6 1 3
scanner_eth/util/util.go:38.6,39.20 1 7
scanner_eth/util/util.go:39.20,41.4 1 1
scanner_eth/util/util.go:42.3,43.17 2 6
scanner_eth/util/util.go:43.17,45.4 1 1
scanner_eth/util/util.go:46.3,46.24 1 5
scanner_eth/util/util.go:46.24,48.4 1 1
scanner_eth/util/util.go:49.3,52.8 3 4
scanner_eth/util/util.go:65.43,66.16 1 3
scanner_eth/util/util.go:66.16,68.3 1 1
scanner_eth/util/util.go:70.2,70.40 1 2
scanner_eth/util/util.go:70.40,71.41 1 5
scanner_eth/util/util.go:71.41,73.4 1 1
scanner_eth/util/util.go:76.2,76.14 1 1
scanner_eth/fetch/cache_erc20.go:19.23,20.27 1 2
scanner_eth/fetch/cache_erc20.go:20.27,22.3 1 1
scanner_eth/fetch/cache_erc20.go:26.23,28.2 1 2
scanner_eth/fetch/cache_erc20.go:41.34,43.2 1 1
scanner_eth/fetch/cache_erc20.go:46.88,50.59 4 0
scanner_eth/fetch/cache_erc20.go:50.59,52.3 1 0
scanner_eth/fetch/cache_erc20.go:53.2,53.23 1 0
scanner_eth/fetch/cache_erc20.go:53.23,57.3 3 0
scanner_eth/fetch/cache_erc20.go:60.2,60.15 1 0
scanner_eth/fetch/cache_erc20.go:60.15,62.73 2 0
scanner_eth/fetch/cache_erc20.go:62.73,72.4 3 0
scanner_eth/fetch/cache_erc20.go:74.2,74.19 1 0
scanner_eth/fetch/cache_erc20.go:77.70,78.14 1 0
scanner_eth/fetch/cache_erc20.go:78.14,80.3 1 0
scanner_eth/fetch/cache_erc20.go:81.2,83.88 3 0
scanner_eth/fetch/cache_erc721.go:19.24,20.36 1 2
scanner_eth/fetch/cache_erc721.go:20.36,22.3 1 1
scanner_eth/fetch/cache_erc721.go:26.24,28.2 1 2
scanner_eth/fetch/cache_erc721.go:41.52,43.2 1 1
scanner_eth/fetch/cache_erc721.go:46.98,50.59 4 0
scanner_eth/fetch/cache_erc721.go:50.59,52.3 1 0
scanner_eth/fetch/cache_erc721.go:53.2,53.23 1 0
scanner_eth/fetch/cache_erc721.go:53.23,57.3 3 0
scanner_eth/fetch/cache_erc721.go:60.2,60.15 1 0
scanner_eth/fetch/cache_erc721.go:60.15,62.73 2 0
scanner_eth/fetch/cache_erc721.go:62.73,70.4 3 0
scanner_eth/fetch/cache_erc721.go:72.2,72.19 1 0
scanner_eth/fetch/cache_erc721.go:75.80,76.14 1 0
scanner_eth/fetch/cache_erc721.go:76.14,78.3 1 0
scanner_eth/fetch/cache_erc721.go:79.2,81.98 3 0
scanner_eth/fetch/convert.go:26.63,40.2 13 0
scanner_eth/fetch/convert.go:42.116,43.22 1 27
scanner_eth/fetch/convert.go:43.22,45.3 1 0
scanner_eth/fetch/convert.go:46.2,78.52 9 27
scanner_eth/fetch/convert.go:78.52,80.17 2 0
scanner_eth/fetch/convert.go:80.17,104.4 3 0
scanner_eth/fetch/convert.go:107.3,107.25 1 0
scanner_eth/fetch/convert.go:107.25,108.53 1 0
scanner_eth/fetch/convert.go:108.53,126.5 2 0
scanner_eth/fetch/convert.go:129.3,129.64 1 0
scanner_eth/fetch/convert.go:129.64,131.56 1 0
scanner_eth/fetch/convert.go:131.56,147.5 3 0
scanner_eth/fetch/convert.go:149.4,149.76 1 0
scanner_eth/fetch/convert.go:149.76,161.5 3 0
scanner_eth/fetch/convert.go:163.4,163.78 1 0
scanner_eth/fetch/convert.go:163.78,175.5 3 0
scanner_eth/fetch/convert.go:177.4,177.81 1 0
scanner_eth/fetch/convert.go:177.81,178.76 1 0
scanner_eth/fetch/convert.go:178.76,192.6 2 0
scanner_eth/fetch/convert.go:197.2,200.22 3 27
scanner_eth/fetch/convert.go:200.22,201.50 1 0
scanner_eth/fetch/convert.go:201.50,210.4 2 0
scanner_eth/fetch/convert.go:213.2,214.27 2 27
scanner_eth/fetch/convert.go:214.27,215.55 1 0
scanner_eth/fetch/convert.go:215.55,224.4 2 0
scanner_eth/fetch/convert.go:227.2,228.28 2 27
scanner_eth/fetch/convert.go:228.28,229.56 1 0
scanner_eth/fetch/convert.go:229.56,236.4 2 0
scanner_eth/fetch/convert.go:239.2,240.27 2 27
scanner_eth/fetch/convert.go:240.27,241.54 1 0
scanner_eth/fetch/convert.go:241.54,248.4 2 0
scanner_eth/fetch/convert.go:251.2,252.26 2 27
scanner_eth/fetch/convert.go:252.26,253.53 1 0
scanner_eth/fetch/convert.go:253.53,261.4 2 0
scanner_eth/fetch/convert.go:264.2,265.28 2 27
scanner_eth/fetch/convert.go:265.28,266.55 1 0
scanner_eth/fetch/convert.go:266.55,275.4 2 0
scanner_eth/fetch/convert.go:278.2,279.25 2 27
scanner_eth/fetch/convert.go:279.25,280.50 1 0
scanner_eth/fetch/convert.go:280.50,290.4 2 0
scanner_eth/fetch/convert.go:293.2,308.3 1 27
scanner_eth/fetch/convert.go:311.119,312.22 1 27
scanner_eth/fetch/convert.go:312.22,314.3 1 0
scanner_eth/fetch/convert.go:316.2,317.28 2 27
scanner_eth/fetch/convert.go:317.28,341.3 1 27
scanner_eth/fetch/convert.go:343.2,352.31 2 27
scanner_eth/fetch/convert.go:352.31,353.65 1 27
scanner_eth/fetch/convert.go:353.65,354.23 1 0
scanner_eth/fetch/convert.go:354.23,355.13 1 0
scanner_eth/fetch/convert.go:357.4,363.6 1 0
scanner_eth/fetch/convert.go:366.3,366.66 1 27
scanner_eth/fetch/convert.go:366.66,367.23 1 0
scanner_eth/fetch/convert.go:367.23,368.13 1 0
scanner_eth/fetch/convert.go:370.4,374.6 1 0
scanner_eth/fetch/convert.go:377.3,377.64 1 27
scanner_eth/fetch/convert.go:377.64,378.22 1 0
scanner_eth/fetch/convert.go:378.22,379.13 1 0
scanner_eth/fetch/convert.go:381.4,385.6 1 0
scanner_eth/fetch/convert.go:388.3,388.63 1 27
scanner_eth/fetch/convert.go:388.63,389.22 1 0
scanner_eth/fetch/convert.go:389.22,390.13 1 0
scanner_eth/fetch/convert.go:392.4,397.6 1 0
scanner_eth/fetch/convert.go:400.3,400.65 1 27
scanner_eth/fetch/convert.go:400.65,401.22 1 0
scanner_eth/fetch/convert.go:401.22,402.13 1 0
scanner_eth/fetch/convert.go:404.4,410.6 1 0
scanner_eth/fetch/convert.go:413.3,413.60 1 27
scanner_eth/fetch/convert.go:413.60,414.20 1 0
scanner_eth/fetch/convert.go:414.20,415.13 1 0
scanner_eth/fetch/convert.go:417.4,424.6 1 0
scanner_eth/fetch/convert.go:428.2,434.68 6 27
scanner_eth/fetch/convert.go:434.68,435.17 1 0
scanner_eth/fetch/convert.go:435.17,437.4 1 0
scanner_eth/fetch/convert.go:439.3,439.31 1 0
scanner_eth/fetch/convert.go:440.22,441.33 1 0
scanner_eth/fetch/convert.go:441.33,443.5 1 0
scanner_eth/fetch/convert.go:444.41,445.33 1 0
scanner_eth/fetch/convert.go:445.33,447.5 1 0
scanner_eth/fetch/convert.go:448.11,449.16 1 0
scanner_eth/fetch/convert.go:453.2,453.46 1 27
scanner_eth/fetch/convert.go:453.46,454.40 1 0
scanner_eth/fetch/convert.go:454.40,455.12 1 0
scanner_eth/fetch/convert.go:458.3,460.56 2 0
scanner_eth/fetch/convert.go:460.56,461.27 1 0
scanner_eth/fetch/convert.go:461.27,462.13 1 0
scanner_eth/fetch/convert.go:465.4,466.36 2 0
scanner_eth/fetch/convert.go:466.36,468.5 1 0
scanner_eth/fetch/convert.go:470.4,470.66 1 0
scanner_eth/fetch/convert.go:470.66,471.30 1 0
scanner_eth/fetch/convert.go:472.34,473.308 1 0
scanner_eth/fetch/convert.go:474.33,475.308 1 0
scanner_eth/fetch/convert.go:476.26,477.286 1 0
scanner_eth/fetch/convert.go:478.25,479.286 1 0
scanner_eth/fetch/convert.go:480.37,481.237 1 0
scanner_eth/fetch/convert.go:482.36,483.237 1 0
scanner_eth/fetch/convert.go:487.4,487.74 1 0
scanner_eth/fetch/convert.go:487.74,488.30 1 0
scanner_eth/fetch/convert.go:489.42,490.202 1 0
scanner_eth/fetch/convert.go:491.41,492.202 1 0
scanner_eth/fetch/convert.go:496.4,496.71 1 0
scanner_eth/fetch/convert.go:496.71,497.30 1 0
scanner_eth/fetch/convert.go:498.42,499.312 1 0
scanner_eth/fetch/convert.go:500.41,501.312 1 0
scanner_eth/fetch/convert.go:502.45,503.405 1 0
scanner_eth/fetch/convert.go:504.44,505.405 1 0
scanner_eth/fetch/convert.go:509.4,509.76 1 0
scanner_eth/fetch/convert.go:509.76,510.30 1 0
scanner_eth/fetch/convert.go:511.41,512.269 1 0
scanner_eth/fetch/convert.go:513.40,514.269 1 0
scanner_eth/fetch/convert.go:515.25,516.269 1 0
scanner_eth/fetch/convert.go:517.24,518.269 1 0
scanner_eth/fetch/convert.go:519.36,520.258 1 0
scanner_eth/fetch/convert.go:521.35,522.258 1 0
scanner_eth/fetch/convert.go:523.41,524.315 1 0
scanner_eth/fetch/convert.go:525.40,526.315 1 0
scanner_eth/fetch/convert.go:527.47,528.181 1 0
scanner_eth/fetch/convert.go:529.46,530.181 1 0
scanner_eth/fetch/convert.go:531.43,532.181 1 0
scanner_eth/fetch/convert.go:533.42,534.181 1 0
scanner_eth/fetch/convert.go:535.44,536.284 1 0
scanner_eth/fetch/convert.go:537.43,538.284 1 0
scanner_eth/fetch/convert.go:539.45,540.173 1 0
scanner_eth/fetch/convert.go:541.44,542.173 1 0
scanner_eth/fetch/convert.go:543.49,544.311 1 0
scanner_eth/fetch/convert.go:545.48,546.311 1 0
scanner_eth/fetch/convert.go:547.50,548.188 1 0
scanner_eth/fetch/convert.go:549.49,550.188 1 0
scanner_eth/fetch/convert.go:551.44,552.258 1 0
scanner_eth/fetch/convert.go:553.43,554.258 1 0
scanner_eth/fetch/convert.go:558.4,558.71 1 0
scanner_eth/fetch/convert.go:558.71,559.30 1 0
scanner_eth/fetch/convert.go:560.30,561.254 1 0
scanner_eth/fetch/convert.go:562.29,563.254 1 0
scanner_eth/fetch/convert.go:569.2,577.3 1 27
scanner_eth/fetch/db_operator.go:21.68,23.2 1 0
scanner_eth/fetch/db_operator.go:25.80,27.2 1 5
scanner_eth/fetch/db_operator.go:29.82,30.18 1 6
scanner_eth/fetch/db_operator.go:30.18,32.3 1 0
scanner_eth/fetch/db_operator.go:34.2,35.97 2 6
scanner_eth/fetch/db_operator.go:35.97,37.3 1 0
scanner_eth/fetch/db_operator.go:38.2,38.22 1 6
scanner_eth/fetch/db_operator.go:38.22,40.3 1 2
scanner_eth/fetch/db_operator.go:42.2,44.77 3 4
scanner_eth/fetch/db_operator.go:44.77,46.3 1 3
scanner_eth/fetch/db_operator.go:48.2,49.102 2 4
scanner_eth/fetch/db_operator.go:49.102,51.3 1 0
scanner_eth/fetch/db_operator.go:52.2,52.20 1 4
scanner_eth/fetch/db_operator.go:55.83,56.18 1 0
scanner_eth/fetch/db_operator.go:56.18,58.3 1 0
scanner_eth/fetch/db_operator.go:60.2,60.97 1 0
scanner_eth/fetch/db_operator.go:60.97,62.3 1 0
scanner_eth/fetch/db_operator.go:64.2,65.12 2 0
scanner_eth/fetch/fetch_manager.go:56.17,64.33 6 2
scanner_eth/fetch/fetch_manager.go:64.33,66.3 1 0
scanner_eth/fetch/fetch_manager.go:68.2,88.85 4 2
scanner_eth/fetch/fetch_manager.go:88.85,89.37 1 0
scanner_eth/fetch/fetch_manager.go:89.37,91.4 1 0
scanner_eth/fetch/fetch_manager.go:92.3,94.17 3 0
scanner_eth/fetch/fetch_manager.go:96.2,96.11 1 2
scanner_eth/fetch/fetch_manager.go:99.31,102.2 2 0
scanner_eth/fetch/fetch_manager.go:104.32,108.2 3 0
scanner_eth/fetch/fetch_manager.go:110.60,111.35 1 1
scanner_eth/fetch/fetch_manager.go:111.35,113.3 1 0
scanner_eth/fetch/fetch_manager.go:114.2,114.36 1 1
scanner_eth/fetch/fetch_manager.go:114.36,115.47 1 1
scanner_eth/fetch/fetch_manager.go:115.47,117.4 1 1
scanner_eth/fetch/fetch_manager.go:121.59,122.28 1 0
scanner_eth/fetch/fetch_manager.go:122.28,124.3 1 0
scanner_eth/fetch/fetch_manager.go:125.2,125.12 1 0
scanner_eth/fetch/fetch_manager.go:125.12,126.62 1 0
scanner_eth/fetch/fetch_manager.go:126.62,127.32 1 0
scanner_eth/fetch/fetch_manager.go:127.32,128.13 1 0
scanner_eth/fetch/fetch_manager.go:130.4,131.61 2 0
scanner_eth/fetch/fetch_manager.go:131.61,138.5 1 0
scanner_eth/fetch/fetch_manager.go:139.4,139.20 1 0
scanner_eth/fetch/fetch_manager.go:144.67,149.16 4 2
scanner_eth/fetch/fetch_manager.go:149.16,151.3 1 0
scanner_eth/fetch/fetch_manager.go:153.2,154.16 2 2
scanner_eth/fetch/fetch_manager.go:154.16,156.3 1 0
scanner_eth/fetch/fetch_manager.go:158.2,158.16 1 2
scanner_eth/fetch/fetch_manager.go:158.16,160.3 1 1
scanner_eth/fetch/fetch_manager.go:160.8,161.34 1 1
scanner_eth/fetch/fetch_manager.go:161.34,163.4 1 0
scanner_eth/fetch/fetch_manager.go:165.3,165.55 1 1
scanner_eth/fetch/fetch_manager.go:168.2,173.12 5 2
scanner_eth/fetch/fetch_manager.go:176.65,183.2 6 0
scanner_eth/fetch/fetch_manager.go:185.41,190.12 3 2
scanner_eth/fetch/fetch_manager.go:190.12,194.7 3 2
scanner_eth/fetch/fetch_manager.go:194.7,195.11 1 2
scanner_eth/fetch/fetch_manager.go:196.26,197.11 1 0
scanner_eth/fetch/fetch_manager.go:198.20,199.27 1 0
scanner_eth/fetch/fetch_manager.go:200.28,201.27 1 0
scanner_eth/fetch/fetch_manager.go:207.39,208.65 1 32
scanner_eth/fetch/fetch_manager.go:208.65,210.3 1 0
scanner_eth/fetch/fetch_manager.go:211.2,211.9 1 32
scanner_eth/fetch/fetch_manager.go:212.38,212.38 0 28
scanner_eth/fetch/fetch_manager.go:213.10,213.10 0 4
scanner_eth/fetch/fetch_manager.go:217.46,218.15 1 32
scanner_eth/fetch/fetch_manager.go:218.15,220.3 1 0
scanner_eth/fetch/fetch_manager.go:221.2,221.30 1 32
scanner_eth/fetch/fetch_manager.go:224.40,225.30 1 2
scanner_eth/fetch/fetch_manager.go:225.30,228.3 2 0
scanner_eth/fetch/fetch_manager.go:231.45,241.2 9 3
scanner_eth/fetch/fetcher.go:26.39,28.2 1 0
scanner_eth/fetch/fetcher.go:54.48,56.2 1 0
scanner_eth/fetch/fetcher.go:60.16,64.2 1 0
scanner_eth/fetch/fetcher.go:66.144,68.2 1 0
scanner_eth/fetch/fetcher.go:70.140,72.2 1 0
scanner_eth/fetch/fetcher.go:74.143,76.2 1 0
scanner_eth/fetch/fetcher.go:78.77,80.36 2 0
scanner_eth/fetch/fetcher.go:80.36,82.3 1 0
scanner_eth/fetch/fetcher.go:83.2,83.12 1 0
scanner_eth/fetch/fetcher.go:104.126,110.16 5 0
scanner_eth/fetch/fetcher.go:110.16,113.3 2 0
scanner_eth/fetch/fetcher.go:115.2,117.22 2 0
scanner_eth/fetch/fetcher.go:120.122,124.16 4 0
scanner_eth/fetch/fetcher.go:124.16,127.3 2 0
scanner_eth/fetch/fetcher.go:129.2,129.30 1 0
scanner_eth/fetch/fetcher.go:129.30,132.3 2 0
scanner_eth/fetch/fetcher.go:134.2,135.22 2 0
scanner_eth/fetch/fetcher.go:142.125,149.32 4 0
scanner_eth/fetch/fetcher.go:149.32,151.3 1 0
scanner_eth/fetch/fetcher.go:154.2,155.20 2 0
scanner_eth/fetch/fetcher.go:155.20,157.3 1 0
scanner_eth/fetch/fetcher.go:159.2,159.20 1 0
scanner_eth/fetch/fetcher.go:159.20,161.3 1 0
scanner_eth/fetch/fetcher.go:165.2,196.34 5 0
scanner_eth/fetch/fetcher.go:196.34,199.46 3 0
scanner_eth/fetch/fetcher.go:199.46,206.4 2 0
scanner_eth/fetch/fetcher.go:208.3,208.89 1 0
scanner_eth/fetch/fetcher.go:208.89,211.4 2 0
scanner_eth/fetch/fetcher.go:213.3,213.34 1 0
scanner_eth/fetch/fetcher.go:213.34,214.25 1 0
scanner_eth/fetch/fetcher.go:214.25,217.5 2 0
scanner_eth/fetch/fetcher.go:218.4,219.41 2 0
scanner_eth/fetch/fetcher.go:219.41,222.5 2 0
scanner_eth/fetch/fetcher.go:223.4,223.31 1 0
scanner_eth/fetch/fetcher.go:226.3,226.166 1 0
scanner_eth/fetch/fetcher.go:230.2,231.2 2 0
scanner_eth/fetch/fetcher.go:231.2,234.46 3 0
scanner_eth/fetch/fetcher.go:234.46,243.4 4 0
scanner_eth/fetch/fetcher.go:245.3,245.29 1 0
scanner_eth/fetch/fetcher.go:245.29,246.96 1 0
scanner_eth/fetch/fetcher.go:246.96,249.5 2 0
scanner_eth/fetch/fetcher.go:251.4,251.41 1 0
scanner_eth/fetch/fetcher.go:251.41,252.26 1 0
scanner_eth/fetch/fetcher.go:252.26,255.6 2 0
scanner_eth/fetch/fetcher.go:258.3,258.157 1 0
scanner_eth/fetch/fetcher.go:262.2,263.22 2 0
scanner_eth/fetch/fetcher.go:263.22,268.122 3 0
scanner_eth/fetch/fetcher.go:268.122,271.4 2 0
scanner_eth/fetch/fetcher.go:272.3,272.50 1 0
scanner_eth/fetch/fetcher.go:272.50,273.26 1 0
scanner_eth/fetch/fetcher.go:273.26,276.5 2 0
scanner_eth/fetch/fetcher.go:277.4,277.60 1 0
scanner_eth/fetch/fetcher.go:277.60,280.5 2 0
scanner_eth/fetch/fetcher.go:285.2,296.47 7 0
scanner_eth/fetch/fetcher.go:296.47,297.49 1 0
scanner_eth/fetch/fetcher.go:297.49,300.4 2 0
scanner_eth/fetch/fetcher.go:302.2,302.63 1 0
scanner_eth/fetch/fetcher.go:302.63,303.49 1 0
scanner_eth/fetch/fetcher.go:303.49,306.4 2 0
scanner_eth/fetch/fetcher.go:310.2,310.52 1 0
scanner_eth/fetch/fetcher.go:310.52,312.3 1 0
scanner_eth/fetch/fetcher.go:313.2,313.68 1 0
scanner_eth/fetch/fetcher.go:313.68,315.3 1 0
scanner_eth/fetch/fetcher.go:318.2,318.54 1 0
scanner_eth/fetch/fetcher.go:318.54,319.20 1 0
scanner_eth/fetch/fetcher.go:319.20,320.44 1 0
scanner_eth/fetch/fetcher.go:320.44,322.5 1 0
scanner_eth/fetch/fetcher.go:323.4,323.42 1 0
scanner_eth/fetch/fetcher.go:328.2,329.2 2 0
scanner_eth/fetch/fetcher.go:329.2,330.42 1 0
scanner_eth/fetch/fetcher.go:330.42,334.4 1 0
scanner_eth/fetch/fetcher.go:336.3,336.79 1 0
scanner_eth/fetch/fetcher.go:336.79,339.4 2 0
scanner_eth/fetch/fetcher.go:343.2,344.2 2 0
scanner_eth/fetch/fetcher.go:344.2,345.44 1 0
scanner_eth/fetch/fetcher.go:345.44,346.32 1 0
scanner_eth/fetch/fetcher.go:346.32,351.5 1 0
scanner_eth/fetch/fetcher.go:354.3,354.83 1 0
scanner_eth/fetch/fetcher.go:354.83,357.4 2 0
scanner_eth/fetch/fetcher.go:360.2,361.2 2 0
scanner_eth/fetch/fetcher.go:361.2,362.68 1 0
scanner_eth/fetch/fetcher.go:362.68,363.33 1 0
scanner_eth/fetch/fetcher.go:363.33,369.5 1 0
scanner_eth/fetch/fetcher.go:372.3,372.87 1 0
scanner_eth/fetch/fetcher.go:372.87,375.4 2 0
scanner_eth/fetch/fetcher.go:379.2,380.50 2 0
scanner_eth/fetch/fetcher.go:380.50,382.3 1 0
scanner_eth/fetch/fetcher.go:383.2,383.55 1 0
scanner_eth/fetch/fetcher.go:383.55,385.59 2 0
scanner_eth/fetch/fetcher.go:385.59,387.4 1 0
scanner_eth/fetch/fetcher.go:388.3,389.17 2 0
scanner_eth/fetch/fetcher.go:389.17,392.4 2 0
scanner_eth/fetch/fetcher.go:393.3,393.36 1 0
scanner_eth/fetch/fetcher.go:393.36,396.30 3 0
scanner_eth/fetch/fetcher.go:396.30,398.5 1 0
scanner_eth/fetch/fetcher.go:399.4,399.30 1 0
scanner_eth/fetch/fetcher.go:399.30,401.5 1 0
scanner_eth/fetch/fetcher.go:406.2,407.2 2 0
scanner_eth/fetch/fetcher.go:407.2,408.35 1 0
scanner_eth/fetch/fetcher.go:408.35,410.11 2 0
scanner_eth/fetch/fetcher.go:410.11,414.19 4 0
scanner_eth/fetch/fetcher.go:414.19,416.6 1 0
scanner_eth/fetch/fetcher.go:418.4,418.64 1 0
scanner_eth/fetch/fetcher.go:423.2,424.2 2 0
scanner_eth/fetch/fetcher.go:424.2,425.52 1 0
scanner_eth/fetch/fetcher.go:425.52,427.11 2 0
scanner_eth/fetch/fetcher.go:427.11,431.19 4 0
scanner_eth/fetch/fetcher.go:431.19,433.6 1 0
scanner_eth/fetch/fetcher.go:435.4,435.67 1 0
scanner_eth/fetch/fetcher.go:440.2,441.2 2 0
scanner_eth/fetch/fetcher.go:441.2,442.47 1 0
scanner_eth/fetch/fetcher.go:442.47,445.11 3 0
scanner_eth/fetch/fetcher.go:445.11,447.13 2 0
scanner_eth/fetch/fetcher.go:449.4,450.18 2 0
scanner_eth/fetch/fetcher.go:450.18,452.5 1 0
scanner_eth/fetch/fetcher.go:453.4,453.58 1 0
scanner_eth/fetch/fetcher.go:456.2,457.66 2 0
scanner_eth/fetch/fetcher.go:457.66,459.3 1 0
scanner_eth/fetch/fetcher.go:460.2,460.50 1 0
scanner_eth/fetch/fetcher.go:460.50,461.62 1 0
scanner_eth/fetch/fetcher.go:461.62,463.4 1 0
scanner_eth/fetch/fetcher.go:463.9,465.4 1 0
scanner_eth/fetch/fetcher.go:468.2,484.18 2 0
scanner_eth/fetch/fetcher.go:487.124,501.36 10 0
scanner_eth/fetch/fetcher.go:501.36,513.88 6 0
scanner_eth/fetch/fetcher.go:513.88,514.27 1 0
scanner_eth/fetch/fetcher.go:514.27,523.5 3 0
scanner_eth/fetch/fetcher.go:526.3,527.53 2 0
scanner_eth/fetch/fetcher.go:527.53,529.4 1 0
scanner_eth/fetch/fetcher.go:531.3,532.24 2 0
scanner_eth/fetch/fetcher.go:532.24,534.4 1 0
scanner_eth/fetch/fetcher.go:534.9,536.4 1 0
scanner_eth/fetch/fetcher.go:540.3,549.43 8 0
scanner_eth/fetch/fetcher.go:549.43,552.4 2 0
scanner_eth/fetch/fetcher.go:553.3,553.32 1 0
scanner_eth/fetch/fetcher.go:553.32,555.4 1 0
scanner_eth/fetch/fetcher.go:556.3,556.40 1 0
scanner_eth/fetch/fetcher.go:556.40,558.4 1 0
scanner_eth/fetch/fetcher.go:561.3,583.19 3 0
scanner_eth/fetch/fetcher.go:583.19,585.4 1 0
scanner_eth/fetch/fetcher.go:587.3,589.38 2 0
scanner_eth/fetch/fetcher.go:589.38,592.29 2 0
scanner_eth/fetch/fetcher.go:593.11,594.35 1 0
scanner_eth/fetch/fetcher.go:595.11,597.35 2 0
scanner_eth/fetch/fetcher.go:598.11,601.35 3 0
scanner_eth/fetch/fetcher.go:602.11,606.35 4 0
scanner_eth/fetch/fetcher.go:608.4,634.33 8 0
scanner_eth/fetch/fetcher.go:634.33,640.41 4 0
scanner_eth/fetch/fetcher.go:640.41,641.51 1 0
scanner_eth/fetch/fetcher.go:641.51,643.7 1 0
scanner_eth/fetch/fetcher.go:644.6,644.53 1 0
scanner_eth/fetch/fetcher.go:644.53,646.7 1 0
scanner_eth/fetch/fetcher.go:648.6,649.62 2 0
scanner_eth/fetch/fetcher.go:652.5,652.41 1 0
scanner_eth/fetch/fetcher.go:652.41,654.6 1 0
scanner_eth/fetch/fetcher.go:656.5,660.13 4 0
scanner_eth/fetch/fetcher.go:664.4,665.34 2 0
scanner_eth/fetch/fetcher.go:665.34,674.41 4 0
scanner_eth/fetch/fetcher.go:674.41,676.6 1 0
scanner_eth/fetch/fetcher.go:678.5,682.13 4 0
scanner_eth/fetch/fetcher.go:686.4,687.35 2 0
scanner_eth/fetch/fetcher.go:687.35,697.79 8 0
scanner_eth/fetch/fetcher.go:697.79,699.6 1 0
scanner_eth/fetch/fetcher.go:700.5,700.54 1 0
scanner_eth/fetch/fetcher.go:700.54,702.6 1 0
scanner_eth/fetch/fetcher.go:703.5,703.52 1 0
scanner_eth/fetch/fetcher.go:703.52,705.6 1 0
scanner_eth/fetch/fetcher.go:707.5,707.13 1 0
scanner_eth/fetch/fetcher.go:711.4,712.38 2 0
scanner_eth/fetch/fetcher.go:712.38,715.52 2 0
scanner_eth/fetch/fetcher.go:715.52,721.68 5 0
scanner_eth/fetch/fetcher.go:721.68,723.7 1 0
scanner_eth/fetch/fetcher.go:724.6,724.43 1 0
scanner_eth/fetch/fetcher.go:724.43,726.7 1 0
scanner_eth/fetch/fetcher.go:727.6,727.41 1 0
scanner_eth/fetch/fetcher.go:727.41,729.7 1 0
scanner_eth/fetch/fetcher.go:732.5,732.13 1 0
scanner_eth/fetch/fetcher.go:736.4,737.32 2 0
scanner_eth/fetch/fetcher.go:737.32,739.13 2 0
scanner_eth/fetch/fetcher.go:743.4,744.24 2 0
scanner_eth/fetch/fetcher.go:744.24,746.13 2 0
scanner_eth/fetch/fetcher.go:750.4,751.29 2 0
scanner_eth/fetch/fetcher.go:751.29,754.104 2 0
scanner_eth/fetch/fetcher.go:754.104,756.6 1 0
scanner_eth/fetch/fetcher.go:757.5,757.13 1 0
scanner_eth/fetch/fetcher.go:761.4,762.29 2 0
scanner_eth/fetch/fetcher.go:762.29,771.13 2 0
scanner_eth/fetch/fetcher.go:775.4,776.34 2 0
scanner_eth/fetch/fetcher.go:776.34,778.13 2 0
scanner_eth/fetch/fetcher.go:782.3,788.43 2 0
scanner_eth/fetch/fetcher.go:791.2,803.23 2 0
scanner_eth/fetch/fetcher.go:806.48,807.32 1 0
scanner_eth/fetch/fetcher.go:807.32,809.3 1 0
scanner_eth/fetch/fetcher.go:810.2,810.57 1 0
scanner_eth/fetch/fetcher.go:813.52,814.18 1 0
scanner_eth/fetch/fetcher.go:814.18,816.3 1 0
scanner_eth/fetch/fetcher.go:817.2,817.26 1 0
scanner_eth/fetch/fetcher.go:820.224,821.18 1 0
scanner_eth/fetch/fetcher.go:821.18,823.3 1 0
scanner_eth/fetch/fetcher.go:825.2,848.106 8 0
scanner_eth/fetch/fetcher.go:848.106,855.3 1 0
scanner_eth/fetch/fetcher.go:857.2,857.33 1 0
scanner_eth/fetch/fetcher.go:857.33,858.21 1 0
scanner_eth/fetch/fetcher.go:858.21,860.4 1 0
scanner_eth/fetch/fetcher.go:861.3,861.19 1 0
scanner_eth/fetch/fetcher.go:861.19,863.4 1 0
scanner_eth/fetch/fetcher.go:866.2,866.37 1 0
scanner_eth/fetch/fetcher.go:866.37,869.3 2 0
scanner_eth/fetch/fetcher.go:872.109,879.49 5 0
scanner_eth/fetch/fetcher.go:879.49,880.25 1 0
scanner_eth/fetch/fetcher.go:880.25,881.12 1 0
scanner_eth/fetch/fetcher.go:883.3,883.30 1 0
scanner_eth/fetch/fetcher.go:883.30,885.12 2 0
scanner_eth/fetch/fetcher.go:887.3,887.32 1 0
scanner_eth/fetch/fetcher.go:887.32,888.12 1 0
scanner_eth/fetch/fetcher.go:891.3,892.136 2 0
scanner_eth/fetch/fetcher.go:895.2,901.30 2 0
scanner_eth/fetch/hash_utils.go:5.40,6.16 1 2673
scanner_eth/fetch/hash_utils.go:6.16,8.3 1 37
scanner_eth/fetch/hash_utils.go:9.2,9.30 1 2636
scanner_eth/fetch/header_notifier.go:21.132,28.2 1 0
scanner_eth/fetch/header_notifier.go:30.33,32.12 1 0
scanner_eth/fetch/header_notifier.go:32.12,34.49 1 0
scanner_eth/fetch/header_notifier.go:34.49,37.4 2 0
scanner_eth/fetch/header_notifier.go:37.9,40.4 2 0
scanner_eth/fetch/header_notifier.go:44.42,49.1 3 0
scanner_eth/fetch/header_notifier.go:50.2,52.17 2 0
scanner_eth/fetch/header_notifier.go:52.17,55.18 3 0
scanner_eth/fetch/header_notifier.go:58.3,60.7 2 0
scanner_eth/fetch/header_notifier.go:60.7,61.11 1 0
scanner_eth/fetch/header_notifier.go:62.28,65.19 3 0
scanner_eth/fetch/header_notifier.go:66.36,67.22 1 0
scanner_eth/fetch/header_notifier.go:67.22,71.20 4 0
scanner_eth/fetch/header_notifier.go:74.5,87.6 6 0
scanner_eth/fetch/header_notifier.go:93.37,94.6 1 0
scanner_eth/fetch/header_notifier.go:94.6,96.17 2 0
scanner_eth/fetch/header_notifier.go:96.17,99.12 3 0
scanner_eth/fetch/header_notifier.go:101.3,101.20 1 0
scanner_eth/fetch/header_notifier.go:101.20,104.12 3 0
scanner_eth/fetch/header_notifier.go:107.3,124.38 6 0
scanner_eth/fetch/header_notifier.go:128.66,129.19 1 0
scanner_eth/fetch/header_notifier.go:129.19,131.3 1 0
scanner_eth/fetch/header_notifier.go:133.2,134.30 2 0
scanner_eth/fetch/header_notifier.go:134.30,136.3 1 0
scanner_eth/fetch/header_notifier.go:138.2,139.26 2 0
scanner_eth/fetch/header_notifier.go:139.26,141.3 1 0
scanner_eth/fetch/header_notifier.go:143.2,148.3 1 0
scanner_eth/fetch/node_manager.go:17.43,20.2 2 0
scanner_eth/fetch/node_manager.go:27.63,29.33 2 22
scanner_eth/fetch/node_manager.go:29.33,36.3 1 20
scanner_eth/fetch/node_manager.go:37.2,39.3 1 22
scanner_eth/fetch/node_manager.go:42.40,46.2 3 0
scanner_eth/fetch/node_manager.go:48.54,53.32 4 1
scanner_eth/fetch/node_manager.go:53.32,54.18 1 1
scanner_eth/fetch/node_manager.go:54.18,55.12 1 0
scanner_eth/fetch/node_manager.go:57.3,57.27 1 1
scanner_eth/fetch/node_manager.go:59.2,59.16 1 1
scanner_eth/fetch/node_manager.go:63.80,67.35 3 35
scanner_eth/fetch/node_manager.go:67.35,69.3 1 0
scanner_eth/fetch/node_manager.go:70.2,72.19 3 35
scanner_eth/fetch/node_manager.go:75.75,79.35 3 38
scanner_eth/fetch/node_manager.go:79.35,81.3 1 0
scanner_eth/fetch/node_manager.go:83.2,85.22 3 38
scanner_eth/fetch/node_manager.go:89.48,93.35 3 0
scanner_eth/fetch/node_manager.go:93.35,95.3 1 0
scanner_eth/fetch/node_manager.go:96.2,96.28 1 0
scanner_eth/fetch/node_manager.go:100.45,104.35 3 0
scanner_eth/fetch/node_manager.go:104.35,106.3 1 0
scanner_eth/fetch/node_manager.go:107.2,107.27 1 0
scanner_eth/fetch/node_manager.go:111.42,115.32 3 3
scanner_eth/fetch/node_manager.go:115.32,116.18 1 3
scanner_eth/fetch/node_manager.go:116.18,117.12 1 0
scanner_eth/fetch/node_manager.go:119.3,120.20 2 3
scanner_eth/fetch/node_manager.go:125.49,130.32 4 80
scanner_eth/fetch/node_manager.go:130.32,131.53 1 80
scanner_eth/fetch/node_manager.go:131.53,133.4 1 80
scanner_eth/fetch/node_manager.go:135.2,135.15 1 80
scanner_eth/fetch/node_manager.go:139.83,145.32 5 150
scanner_eth/fetch/node_manager.go:145.32,146.18 1 150
scanner_eth/fetch/node_manager.go:146.18,147.12 1 0
scanner_eth/fetch/node_manager.go:149.3,149.18 1 150
scanner_eth/fetch/node_manager.go:149.18,150.12 1 73
scanner_eth/fetch/node_manager.go:152.3,153.28 2 77
scanner_eth/fetch/node_manager.go:153.28,154.12 1 0
scanner_eth/fetch/node_manager.go:156.3,156.45 1 77
scanner_eth/fetch/node_manager.go:156.45,159.4 2 77
scanner_eth/fetch/node_manager.go:161.2,161.18 1 150
scanner_eth/fetch/node_manager.go:161.18,163.3 1 73
scanner_eth/fetch/node_manager.go:164.2,164.45 1 77
scanner_eth/fetch/node_operation.go:30.130,31.21 1 0
scanner_eth/fetch/node_operation.go:31.21,33.3 1 0
scanner_eth/fetch/node_operation.go:35.2,41.33 5 0
scanner_eth/fetch/node_operation.go:41.33,42.29 1 0
scanner_eth/fetch/node_operation.go:42.29,44.18 2 0
scanner_eth/fetch/node_operation.go:44.18,46.5 1 0
scanner_eth/fetch/node_operation.go:47.4,58.6 2 0
scanner_eth/fetch/node_operation.go:62.2,62.72 1 0
scanner_eth/fetch/node_operation.go:62.72,64.3 1 0
scanner_eth/fetch/node_operation.go:66.2,67.33 2 0
scanner_eth/fetch/node_operation.go:67.33,70.29 3 0
scanner_eth/fetch/node_operation.go:70.29,72.31 2 0
scanner_eth/fetch/node_operation.go:72.31,74.5 1 0
scanner_eth/fetch/node_operation.go:75.4,76.18 2 0
scanner_eth/fetch/node_operation.go:76.18,79.5 2 0
scanner_eth/fetch/node_operation.go:80.4,80.26 1 0
scanner_eth/fetch/node_operation.go:80.26,82.5 1 0
scanner_eth/fetch/node_operation.go:83.4,84.11 2 0
scanner_eth/fetch/node_operation.go:84.11,86.5 1 0
scanner_eth/fetch/node_operation.go:87.4,87.13 1 0
scanner_eth/fetch/node_operation.go:88.19,89.24 1 0
scanner_eth/fetch/node_operation.go:90.18,91.23 1 0
scanner_eth/fetch/node_operation.go:92.18,93.23 1 0
scanner_eth/fetch/node_operation.go:96.3,96.18 1 0
scanner_eth/fetch/node_operation.go:98.2,98.17 1 0
scanner_eth/fetch/node_operation.go:101.110,105.36 3 0
scanner_eth/fetch/node_operation.go:105.36,112.3 2 0
scanner_eth/fetch/node_operation.go:114.2,122.48 4 0
scanner_eth/fetch/node_operation.go:122.48,127.17 4 0
scanner_eth/fetch/node_operation.go:127.17,129.4 1 0
scanner_eth/fetch/node_operation.go:131.3,131.27 1 0
scanner_eth/fetch/node_operation.go:131.27,132.22 1 0
scanner_eth/fetch/node_operation.go:132.22,134.5 1 0
scanner_eth/fetch/node_operation.go:137.3,137.35 1 0
scanner_eth/fetch/node_operation.go:137.35,139.4 1 0
scanner_eth/fetch/node_operation.go:141.3,141.37 1 0
scanner_eth/fetch/node_operation.go:141.37,144.4 2 0
scanner_eth/fetch/node_operation.go:146.3,146.13 1 0
scanner_eth/fetch/node_operation.go:149.2,149.16 1 0
scanner_eth/fetch/node_operation.go:149.16,151.3 1 0
scanner_eth/fetch/node_operation.go:153.2,153.12 1 0
scanner_eth/fetch/node_operation.go:156.102,159.23 3 0
scanner_eth/fetch/node_operation.go:159.23,162.17 3 0
scanner_eth/fetch/node_operation.go:162.17,164.4 1 0
scanner_eth/fetch/node_operation.go:165.3,176.30 3 0
scanner_eth/fetch/node_operation.go:179.2,188.16 5 0
scanner_eth/fetch/node_operation.go:188.16,190.3 1 0
scanner_eth/fetch/node_operation.go:192.2,192.29 1 0
scanner_eth/fetch/node_operation.go:192.29,193.66 1 0
scanner_eth/fetch/node_operation.go:193.66,195.4 1 0
scanner_eth/fetch/node_operation.go:198.2,198.34 1 0
scanner_eth/fetch/node_operation.go:198.34,200.3 1 0
scanner_eth/fetch/node_operation.go:202.2,202.23 1 0
scanner_eth/fetch/node_operation.go:202.23,204.31 2 0
scanner_eth/fetch/node_operation.go:204.31,206.12 2 0
scanner_eth/fetch/node_operation.go:209.3,210.17 2 0
scanner_eth/fetch/node_operation.go:210.17,212.12 2 0
scanner_eth/fetch/node_operation.go:214.3,214.21 1 0
scanner_eth/fetch/node_operation.go:214.21,216.12 2 0
scanner_eth/fetch/node_operation.go:219.3,219.38 1 0
scanner_eth/fetch/node_operation.go:219.38,221.4 1 0
scanner_eth/fetch/node_operation.go:221.9,223.4 1 0
scanner_eth/fetch/node_operation.go:226.2,226.12 1 0
scanner_eth/fetch/node_operation.go:229.106,232.23 3 0
scanner_eth/fetch/node_operation.go:232.23,239.17 5 0
scanner_eth/fetch/node_operation.go:239.17,241.4 1 0
scanner_eth/fetch/node_operation.go:242.3,253.30 3 0
scanner_eth/fetch/node_operation.go:256.2,265.16 5 0
scanner_eth/fetch/node_operation.go:265.16,267.3 1 0
scanner_eth/fetch/node_operation.go:269.2,269.29 1 0
scanner_eth/fetch/node_operation.go:269.29,270.66 1 0
scanner_eth/fetch/node_operation.go:270.66,272.4 1 0
scanner_eth/fetch/node_operation.go:275.2,275.34 1 0
scanner_eth/fetch/node_operation.go:275.34,277.3 1 0
scanner_eth/fetch/node_operation.go:279.2,279.23 1 0
scanner_eth/fetch/node_operation.go:279.23,281.31 2 0
scanner_eth/fetch/node_operation.go:281.31,283.12 2 0
scanner_eth/fetch/node_operation.go:286.3,287.17 2 0
scanner_eth/fetch/node_operation.go:287.17,289.12 2 0
scanner_eth/fetch/node_operation.go:291.3,291.21 1 0
scanner_eth/fetch/node_operation.go:291.21,293.12 2 0
scanner_eth/fetch/node_operation.go:296.3,296.38 1 0
scanner_eth/fetch/node_operation.go:296.38,298.4 1 0
scanner_eth/fetch/node_operation.go:298.9,300.4 1 0
scanner_eth/fetch/node_operation.go:303.2,303.12 1 0
scanner_eth/fetch/node_operation.go:306.50,311.23 2 0
scanner_eth/fetch/node_operation.go:311.23,313.3 1 0
scanner_eth/fetch/node_operation.go:314.2,314.22 1 0
scanner_eth/fetch/node_operation.go:314.22,316.3 1 0
scanner_eth/fetch/node_operation.go:317.2,317.18 1 0
scanner_eth/fetch/node_operation.go:317.18,319.3 1 0
scanner_eth/fetch/node_operation.go:320.2,320.25 1 0
scanner_eth/fetch/node_operation.go:320.25,322.3 1 0
scanner_eth/fetch/node_operation.go:323.2,323.12 1 0
scanner_eth/fetch/node_operation.go:326.117,329.33 3 0
scanner_eth/fetch/node_operation.go:329.33,342.3 5 0
scanner_eth/fetch/node_operation.go:344.2,353.16 5 0
scanner_eth/fetch/node_operation.go:353.16,355.3 1 0
scanner_eth/fetch/node_operation.go:357.2,357.34 1 0
scanner_eth/fetch/node_operation.go:357.34,359.3 1 0
scanner_eth/fetch/node_operation.go:361.2,364.29 3 0
scanner_eth/fetch/node_operation.go:364.29,365.39 1 0
scanner_eth/fetch/node_operation.go:365.39,366.12 1 0
scanner_eth/fetch/node_operation.go:369.3,369.24 1 0
scanner_eth/fetch/node_operation.go:369.24,371.12 2 0
scanner_eth/fetch/node_operation.go:374.3,375.35 2 0
scanner_eth/fetch/node_operation.go:375.35,377.12 2 0
scanner_eth/fetch/node_operation.go:380.3,381.17 2 0
scanner_eth/fetch/node_operation.go:381.17,383.12 2 0
scanner_eth/fetch/node_operation.go:386.3,386.21 1 0
scanner_eth/fetch/node_operation.go:386.21,388.12 2 0
scanner_eth/fetch/node_operation.go:391.3,391.12 1 0
scanner_eth/fetch/node_operation.go:392.10,393.40 1 0
scanner_eth/fetch/node_operation.go:393.40,395.5 1 0
scanner_eth/fetch/node_operation.go:395.10,397.5 1 0
scanner_eth/fetch/node_operation.go:398.10,399.42 1 0
scanner_eth/fetch/node_operation.go:399.42,401.5 1 0
scanner_eth/fetch/node_operation.go:401.10,403.5 1 0
scanner_eth/fetch/node_operation.go:404.10,405.43 1 0
scanner_eth/fetch/node_operation.go:405.43,407.5 1 0
scanner_eth/fetch/node_operation.go:407.10,409.5 1 0
scanner_eth/fetch/node_operation.go:410.10,411.49 1 0
scanner_eth/fetch/node_operation.go:411.49,413.5 1 0
scanner_eth/fetch/node_operation.go:413.10,415.5 1 0
scanner_eth/fetch/node_operation.go:419.2,419.27 1 0
scanner_eth/fetch/node_operation.go:422.51,427.23 2 0
scanner_eth/fetch/node_operation.go:427.23,429.3 1 0
scanner_eth/fetch/node_operation.go:430.2,430.22 1 0
scanner_eth/fetch/node_operation.go:430.22,432.3 1 0
scanner_eth/fetch/node_operation.go:433.2,433.18 1 0
scanner_eth/fetch/node_operation.go:433.18,435.3 1 0
scanner_eth/fetch/node_operation.go:436.2,436.25 1 0
scanner_eth/fetch/node_operation.go:436.25,438.3 1 0
scanner_eth/fetch/node_operation.go:440.2,440.12 1 0
scanner_eth/fetch/node_operation.go:443.104,446.33 3 0
scanner_eth/fetch/node_operation.go:446.33,459.3 5 0
scanner_eth/fetch/node_operation.go:461.2,462.16 2 0
scanner_eth/fetch/node_operation.go:462.16,464.3 1 0
scanner_eth/fetch/node_operation.go:466.2,469.29 3 0
scanner_eth/fetch/node_operation.go:469.29,470.24 1 0
scanner_eth/fetch/node_operation.go:470.24,472.12 2 0
scanner_eth/fetch/node_operation.go:474.3,475.35 2 0
scanner_eth/fetch/node_operation.go:475.35,477.12 2 0
scanner_eth/fetch/node_operation.go:479.3,480.17 2 0
scanner_eth/fetch/node_operation.go:480.17,482.12 2 0
scanner_eth/fetch/node_operation.go:484.3,484.21 1 0
scanner_eth/fetch/node_operation.go:484.21,486.12 2 0
scanner_eth/fetch/node_operation.go:489.3,489.12 1 0
scanner_eth/fetch/node_operation.go:490.10,491.40 1 0
scanner_eth/fetch/node_operation.go:491.40,493.5 1 0
scanner_eth/fetch/node_operation.go:493.10,495.5 1 0
scanner_eth/fetch/node_operation.go:496.10,497.42 1 0
scanner_eth/fetch/node_operation.go:497.42,499.5 1 0
scanner_eth/fetch/node_operation.go:499.10,501.5 1 0
scanner_eth/fetch/node_operation.go:505.2,505.28 1 0
scanner_eth/fetch/node_operation.go:508.124,511.33 3 0
scanner_eth/fetch/node_operation.go:511.33,524.3 5 0
scanner_eth/fetch/node_operation.go:526.2,535.16 5 0
scanner_eth/fetch/node_operation.go:535.16,537.3 1 0
scanner_eth/fetch/node_operation.go:539.2,544.29 5 0
scanner_eth/fetch/node_operation.go:544.29,545.39 1 0
scanner_eth/fetch/node_operation.go:545.39,546.12 1 0
scanner_eth/fetch/node_operation.go:549.3,549.24 1 0
scanner_eth/fetch/node_operation.go:549.24,551.12 2 0
scanner_eth/fetch/node_operation.go:553.3,554.35 2 0
scanner_eth/fetch/node_operation.go:554.35,556.12 2 0
scanner_eth/fetch/node_operation.go:558.3,559.17 2 0
scanner_eth/fetch/node_operation.go:559.17,561.12 2 0
scanner_eth/fetch/node_operation.go:563.3,563.21 1 0
scanner_eth/fetch/node_operation.go:563.21,565.12 2 0
scanner_eth/fetch/node_operation.go:568.3,568.12 1 0
scanner_eth/fetch/node_operation.go:569.10,570.49 1 0
scanner_eth/fetch/node_operation.go:570.49,572.5 1 0
scanner_eth/fetch/node_operation.go:572.10,574.5 1 0
scanner_eth/fetch/node_operation.go:575.10,576.44 1 0
scanner_eth/fetch/node_operation.go:576.44,578.5 1 0
scanner_eth/fetch/node_operation.go:578.10,580.5 1 0
scanner_eth/fetch/node_operation.go:584.2,584.25 1 0
scanner_eth/fetch/prune_state.go:21.73,22.38 1 18
scanner_eth/fetch/prune_state.go:22.38,24.3 1 0
scanner_eth/fetch/prune_state.go:26.2,30.17 3 18
scanner_eth/fetch/prune_state.go:30.17,36.3 1 18
scanner_eth/fetch/prune_state.go:38.2,39.34 2 18
scanner_eth/fetch/prune_state.go:39.34,40.27 1 19
scanner_eth/fetch/prune_state.go:40.27,41.12 1 0
scanner_eth/fetch/prune_state.go:43.3,50.5 1 19
scanner_eth/fetch/prune_state.go:53.2,53.14 1 18
scanner_eth/fetch/prune_state.go:56.86,57.21 1 18
scanner_eth/fetch/prune_state.go:57.21,60.3 2 0
scanner_eth/fetch/prune_state.go:62.2,62.26 1 18
scanner_eth/fetch/prune_state.go:62.26,64.3 1 0
scanner_eth/fetch/prune_state.go:64.8,73.3 1 18
scanner_eth/fetch/prune_state.go:75.2,75.43 1 18
scanner_eth/fetch/prune_state.go:75.43,85.3 1 19
scanner_eth/fetch/prune_state.go:88.74,93.33 5 62
scanner_eth/fetch/prune_state.go:93.33,94.16 1 401
scanner_eth/fetch/prune_state.go:94.16,95.12 1 0
scanner_eth/fetch/prune_state.go:97.3,98.33 2 401
scanner_eth/fetch/prune_state.go:98.33,99.12 1 92
scanner_eth/fetch/prune_state.go:101.3,101.17 1 309
scanner_eth/fetch/prune_state.go:101.17,105.12 4 52
scanner_eth/fetch/prune_state.go:107.3,107.28 1 257
scanner_eth/fetch/prune_state.go:107.28,109.4 1 36
scanner_eth/fetch/prune_state.go:110.3,110.28 1 257
scanner_eth/fetch/prune_state.go:110.28,112.4 1 155
scanner_eth/fetch/prune_state.go:114.2,114.40 1 62
scanner_eth/fetch/prune_state.go:117.45,118.32 1 61
scanner_eth/fetch/prune_state.go:118.32,120.3 1 0
scanner_eth/fetch/prune_state.go:122.2,123.9 2 61
scanner_eth/fetch/prune_state.go:123.9,125.3 1 10
scanner_eth/fetch/prune_state.go:127.2,128.49 2 51
scanner_eth/fetch/prune_state.go:128.49,130.3 1 22
scanner_eth/fetch/prune_state.go:132.2,133.24 2 29
scanner_eth/fetch/prune_state.go:133.24,135.3 1 20
scanner_eth/fetch/prune_state.go:137.2,140.27 4 9
scanner_eth/fetch/prune_state.go:140.27,142.3 1 0
scanner_eth/fetch/prune_state.go:143.2,145.33 2 9
scanner_eth/fetch/prune_state.go:145.33,146.16 1 23
scanner_eth/fetch/prune_state.go:146.16,147.12 1 0
scanner_eth/fetch/prune_state.go:149.3,151.28 3 23
scanner_eth/fetch/prune_state.go:154.2,156.42 3 9
scanner_eth/fetch/remote_chain.go:8.36,10.2 1 20
scanner_eth/fetch/remote_chain.go:12.58,15.2 2 35
scanner_eth/fetch/remote_chain.go:17.55,19.2 1 157
scanner_eth/fetch/restore_tree.go:19.77,20.22 1 6
scanner_eth/fetch/restore_tree.go:20.22,22.3 1 2
scanner_eth/fetch/restore_tree.go:24.2,26.24 3 4
scanner_eth/fetch/restore_tree.go:26.24,29.17 3 10
scanner_eth/fetch/restore_tree.go:29.17,30.12 1 0
scanner_eth/fetch/restore_tree.go:32.3,34.75 3 10
scanner_eth/fetch/restore_tree.go:37.2,37.51 1 4
scanner_eth/fetch/restore_tree.go:37.51,38.40 1 14
scanner_eth/fetch/restore_tree.go:38.40,39.40 1 0
scanner_eth/fetch/restore_tree.go:39.40,41.5 1 0
scanner_eth/fetch/restore_tree.go:42.4,42.68 1 0
scanner_eth/fetch/restore_tree.go:45.2,45.39 1 4
scanner_eth/fetch/restore_tree.go:45.39,47.3 1 10
scanner_eth/fetch/restore_tree.go:49.2,50.24 2 4
scanner_eth/fetch/restore_tree.go:50.24,53.17 3 10
scanner_eth/fetch/restore_tree.go:53.17,54.12 1 0
scanner_eth/fetch/restore_tree.go:56.3,57.23 2 10
scanner_eth/fetch/restore_tree.go:57.23,59.12 2 3
scanner_eth/fetch/restore_tree.go:61.3,61.45 1 7
scanner_eth/fetch/restore_tree.go:61.45,63.4 1 1
scanner_eth/fetch/restore_tree.go:65.2,69.70 4 4
scanner_eth/fetch/restore_tree.go:69.70,70.17 1 10
scanner_eth/fetch/restore_tree.go:70.17,72.4 1 0
scanner_eth/fetch/restore_tree.go:73.3,77.25 4 10
scanner_eth/fetch/restore_tree.go:77.25,82.4 4 4
scanner_eth/fetch/restore_tree.go:84.3,84.34 1 6
scanner_eth/fetch/restore_tree.go:84.34,86.4 1 6
scanner_eth/fetch/restore_tree.go:89.2,89.31 1 4
scanner_eth/fetch/restore_tree.go:89.31,91.3 1 4
scanner_eth/fetch/restore_tree.go:93.2,93.43 1 4
scanner_eth/fetch/restore_tree.go:93.43,94.47 1 0
scanner_eth/fetch/restore_tree.go:94.47,96.4 1 0
scanner_eth/fetch/restore_tree.go:97.3,99.35 3 0
scanner_eth/fetch/restore_tree.go:99.35,101.4 1 0
scanner_eth/fetch/restore_tree.go:102.3,102.63 1 0
scanner_eth/fetch/restore_tree.go:105.2,105.34 1 4
scanner_eth/fetch/restore_tree.go:105.34,106.36 1 4
scanner_eth/fetch/restore_tree.go:106.36,108.51 2 8
scanner_eth/fetch/restore_tree.go:108.51,109.13 1 0
scanner_eth/fetch/restore_tree.go:112.4,114.51 3 8
scanner_eth/fetch/restore_tree.go:114.51,116.5 1 1
scanner_eth/fetch/restore_tree.go:118.4,120.30 3 7
scanner_eth/fetch/restore_tree.go:120.30,122.5 1 7
scanner_eth/fetch/restore_tree.go:123.4,132.20 3 7
scanner_eth/fetch/restore_tree.go:132.20,134.5 1 5
scanner_eth/fetch/restore_tree.go:138.2,138.25 1 3
scanner_eth/fetch/restore_tree.go:141.55,142.41 1 17
scanner_eth/fetch/restore_tree.go:142.41,144.3 1 0
scanner_eth/fetch/restore_tree.go:145.2,146.16 2 17
scanner_eth/fetch/restore_tree.go:146.16,148.3 1 0
scanner_eth/fetch/restore_tree.go:149.2,149.10 1 17
scanner_eth/fetch/scan_flow.go:29.44,30.15 1 0
scanner_eth/fetch/scan_flow.go:31.35,32.28 1 0
scanner_eth/fetch/scan_flow.go:33.33,34.26 1 0
scanner_eth/fetch/scan_flow.go:35.25,36.16 1 0
scanner_eth/fetch/scan_flow.go:37.10,38.19 1 0
scanner_eth/fetch/scan_flow.go:47.57,48.33 1 59
scanner_eth/fetch/scan_flow.go:48.33,50.3 1 0
scanner_eth/fetch/scan_flow.go:51.2,51.24 1 59
scanner_eth/fetch/scan_flow.go:54.70,55.22 1 59
scanner_eth/fetch/scan_flow.go:55.22,57.3 1 0
scanner_eth/fetch/scan_flow.go:59.2,61.39 3 59
scanner_eth/fetch/scan_flow.go:61.39,63.117 2 31
scanner_eth/fetch/scan_flow.go:63.117,65.22 2 31
scanner_eth/fetch/scan_flow.go:65.22,67.5 1 1
scanner_eth/fetch/scan_flow.go:68.4,69.20 2 30
scanner_eth/fetch/scan_flow.go:73.2,74.36 2 59
scanner_eth/fetch/scan_flow.go:74.36,76.113 2 2
scanner_eth/fetch/scan_flow.go:76.113,78.22 2 2
scanner_eth/fetch/scan_flow.go:78.22,80.5 1 0
scanner_eth/fetch/scan_flow.go:81.4,82.20 2 2
scanner_eth/fetch/scan_flow.go:86.2,87.26 2 59
scanner_eth/fetch/scan_flow.go:87.26,88.121 1 54
scanner_eth/fetch/scan_flow.go:88.121,90.21 2 54
scanner_eth/fetch/scan_flow.go:90.21,92.5 1 54
scanner_eth/fetch/scan_flow.go:96.2,96.13 1 59
scanner_eth/fetch/scan_flow.go:99.140,100.12 1 87
scanner_eth/fetch/scan_flow.go:100.12,104.19 4 87
scanner_eth/fetch/scan_flow.go:104.19,106.4 1 87
scanner_eth/fetch/scan_flow.go:109.2,109.13 1 87
scanner_eth/fetch/scan_flow.go:112.65,114.15 2 59
scanner_eth/fetch/scan_flow.go:114.15,115.47 1 2
scanner_eth/fetch/scan_flow.go:115.47,117.4 1 0
scanner_eth/fetch/scan_flow.go:118.3,118.34 1 2
scanner_eth/fetch/scan_flow.go:121.2,122.66 2 57
scanner_eth/fetch/scan_flow.go:122.66,124.3 1 32
scanner_eth/fetch/scan_flow.go:126.2,127.26 2 25
scanner_eth/fetch/scan_flow.go:127.26,129.3 1 0
scanner_eth/fetch/scan_flow.go:131.2,133.23 3 25
scanner_eth/fetch/scan_flow.go:133.23,135.3 1 0
scanner_eth/fetch/scan_flow.go:136.2,136.27 1 25
scanner_eth/fetch/scan_flow.go:136.27,138.3 1 24
scanner_eth/fetch/scan_flow.go:140.2,140.19 1 25
scanner_eth/fetch/scan_flow.go:140.19,142.3 1 0
scanner_eth/fetch/scan_flow.go:144.2,145.37 2 25
scanner_eth/fetch/scan_flow.go:145.37,146.34 1 29
scanner_eth/fetch/scan_flow.go:146.34,147.12 1 0
scanner_eth/fetch/scan_flow.go:149.3,149.31 1 29
scanner_eth/fetch/scan_flow.go:151.2,151.16 1 25
scanner_eth/fetch/scan_flow.go:154.63,156.61 2 59
scanner_eth/fetch/scan_flow.go:156.61,158.71 2 2
scanner_eth/fetch/scan_flow.go:158.71,160.4 1 2
scanner_eth/fetch/scan_flow.go:162.2,162.15 1 59
scanner_eth/fetch/scan_flow.go:165.55,169.34 4 59
scanner_eth/fetch/scan_flow.go:169.34,170.47 1 58
scanner_eth/fetch/scan_flow.go:170.47,172.19 2 377
scanner_eth/fetch/scan_flow.go:172.19,173.13 1 0
scanner_eth/fetch/scan_flow.go:175.4,176.11 2 377
scanner_eth/fetch/scan_flow.go:176.11,177.13 1 297
scanner_eth/fetch/scan_flow.go:179.4,179.24 1 80
scanner_eth/fetch/scan_flow.go:179.24,180.47 1 52
scanner_eth/fetch/scan_flow.go:180.47,183.6 2 52
scanner_eth/fetch/scan_flow.go:184.5,184.13 1 52
scanner_eth/fetch/scan_flow.go:186.4,186.36 1 28
scanner_eth/fetch/scan_flow.go:186.36,187.47 1 28
scanner_eth/fetch/scan_flow.go:187.47,190.6 2 28
scanner_eth/fetch/scan_flow.go:194.2,194.16 1 59
scanner_eth/fetch/scan_flow.go:197.80,199.16 2 31
scanner_eth/fetch/scan_flow.go:199.16,201.3 1 0
scanner_eth/fetch/scan_flow.go:202.2,203.19 2 31
scanner_eth/fetch/scan_flow.go:203.19,205.3 1 1
scanner_eth/fetch/scan_flow.go:206.2,206.17 1 30
scanner_eth/fetch/scan_flow.go:209.78,211.16 2 2
scanner_eth/fetch/scan_flow.go:211.16,213.3 1 0
scanner_eth/fetch/scan_flow.go:214.2,214.42 1 2
scanner_eth/fetch/scan_flow.go:214.42,216.3 1 0
scanner_eth/fetch/scan_flow.go:217.2,217.17 1 2
scanner_eth/fetch/scan_flow.go:220.70,221.37 1 54
scanner_eth/fetch/scan_flow.go:221.37,223.3 1 0
scanner_eth/fetch/scan_flow.go:224.2,225.29 2 54
scanner_eth/fetch/scan_flow.go:225.29,227.17 2 80
scanner_eth/fetch/scan_flow.go:227.17,228.12 1 0
scanner_eth/fetch/scan_flow.go:230.3,231.18 2 80
scanner_eth/fetch/scan_flow.go:231.18,232.12 1 0
scanner_eth/fetch/scan_flow.go:234.3,235.10 2 80
scanner_eth/fetch/scan_flow.go:235.10,236.12 1 0
scanner_eth/fetch/scan_flow.go:238.3,238.23 1 80
scanner_eth/fetch/scan_flow.go:238.23,240.12 2 52
scanner_eth/fetch/scan_flow.go:242.3,242.58 1 28
scanner_eth/fetch/scan_flow.go:242.58,243.12 1 0
scanner_eth/fetch/scan_flow.go:245.3,245.36 1 28
scanner_eth/fetch/scan_flow.go:247.2,247.17 1 54
scanner_eth/fetch/scan_flow.go:250.56,253.34 3 0
scanner_eth/fetch/scan_flow.go:253.34,254.47 1 0
scanner_eth/fetch/scan_flow.go:254.47,256.19 2 0
scanner_eth/fetch/scan_flow.go:256.19,257.13 1 0
scanner_eth/fetch/scan_flow.go:260.4,261.11 2 0
scanner_eth/fetch/scan_flow.go:261.11,262.13 1 0
scanner_eth/fetch/scan_flow.go:265.4,265.24 1 0
scanner_eth/fetch/scan_flow.go:265.24,267.13 2 0
scanner_eth/fetch/scan_flow.go:270.4,270.26 1 0
scanner_eth/fetch/scan_flow.go:270.26,271.13 1 0
scanner_eth/fetch/scan_flow.go:274.4,274.36 1 0
scanner_eth/fetch/scan_flow.go:274.36,276.5 1 0
scanner_eth/fetch/scan_flow.go:279.2,279.14 1 0
scanner_eth/fetch/scan_flow.go:282.54,285.35 3 0
scanner_eth/fetch/scan_flow.go:285.35,286.18 1 0
scanner_eth/fetch/scan_flow.go:286.18,287.12 1 0
scanner_eth/fetch/scan_flow.go:289.3,289.36 1 0
scanner_eth/fetch/scan_flow.go:289.36,291.4 1 0
scanner_eth/fetch/scan_flow.go:293.2,293.14 1 0
scanner_eth/fetch/scan_flow.go:296.65,297.19 1 87
scanner_eth/fetch/scan_flow.go:297.19,300.3 2 86
scanner_eth/fetch/scan_flow.go:301.2,301.155 1 1
scanner_eth/fetch/scan_flow.go:304.61,306.9 2 145
scanner_eth/fetch/scan_flow.go:306.9,309.3 2 2
scanner_eth/fetch/scan_flow.go:311.2,312.96 2 143
scanner_eth/fetch/scan_flow.go:315.54,317.8 2 1
scanner_eth/fetch/scan_flow.go:317.8,319.3 1 0
scanner_eth/fetch/scan_flow.go:321.2,324.33 4 1
scanner_eth/fetch/scan_flow.go:324.33,326.20 2 1
scanner_eth/fetch/scan_flow.go:326.20,327.12 1 0
scanner_eth/fetch/scan_flow.go:329.3,331.17 3 1
scanner_eth/fetch/scan_flow.go:333.2,333.14 1 1
scanner_eth/fetch/scan_flow.go:333.14,335.3 1 0
scanner_eth/fetch/scan_flow.go:336.2,336.16 1 1
scanner_eth/fetch/scan_flow.go:339.44,341.9 2 0
scanner_eth/fetch/scan_flow.go:341.9,343.3 1 0
scanner_eth/fetch/scan_flow.go:345.2,345.6 1 0
scanner_eth/fetch/scan_flow.go:345.6,347.16 2 0
scanner_eth/fetch/scan_flow.go:347.16,350.21 3 0
scanner_eth/fetch/scan_flow.go:350.21,352.5 1 0
scanner_eth/fetch/scan_flow.go:353.4,354.12 2 0
scanner_eth/fetch/scan_flow.go:356.3,356.60 1 0
scanner_eth/fetch/scan_flow.go:356.60,358.4 1 0
scanner_eth/fetch/scan_flow.go:360.3,361.57 2 0
scanner_eth/fetch/scan_flow.go:361.57,363.4 1 0
scanner_eth/fetch/scan_flow.go:367.65,368.32 1 57
scanner_eth/fetch/scan_flow.go:368.32,370.3 1 0
scanner_eth/fetch/scan_flow.go:372.2,373.21 2 57
scanner_eth/fetch/scan_flow.go:373.21,375.3 1 0
scanner_eth/fetch/scan_flow.go:377.2,377.25 1 57
scanner_eth/fetch/scan_flow.go:380.102,382.26 2 57
scanner_eth/fetch/scan_flow.go:382.26,384.3 1 2
scanner_eth/fetch/scan_flow.go:386.2,387.49 2 55
scanner_eth/fetch/scan_flow.go:390.86,391.42 1 31
scanner_eth/fetch/scan_flow.go:391.42,393.3 1 0
scanner_eth/fetch/scan_flow.go:394.2,397.16 3 31
scanner_eth/fetch/scan_flow.go:397.16,399.3 1 0
scanner_eth/fetch/scan_flow.go:401.2,402.19 2 31
scanner_eth/fetch/scan_flow.go:402.19,404.3 1 1
scanner_eth/fetch/scan_flow.go:406.2,407.15 2 30
scanner_eth/fetch/scan_flow.go:410.45,411.61 1 0
scanner_eth/fetch/scan_flow.go:411.61,413.39 2 0
scanner_eth/fetch/scan_flow.go:413.39,414.12 1 0
scanner_eth/fetch/scan_flow.go:416.3,416.38 1 0
scanner_eth/fetch/scan_flow.go:420.66,421.16 1 2
scanner_eth/fetch/scan_flow.go:421.16,423.3 1 0
scanner_eth/fetch/scan_flow.go:424.2,424.38 1 2
scanner_eth/fetch/scan_flow.go:427.70,429.16 2 2
scanner_eth/fetch/scan_flow.go:429.16,431.3 1 0
scanner_eth/fetch/scan_flow.go:432.2,432.38 1 2
scanner_eth/fetch/scan_flow.go:432.38,434.3 1 0
scanner_eth/fetch/scan_flow.go:435.2,438.16 3 2
scanner_eth/fetch/scan_flow.go:438.16,440.3 1 0
scanner_eth/fetch/scan_flow.go:442.2,443.19 2 2
scanner_eth/fetch/scan_flow.go:443.19,445.3 1 0
scanner_eth/fetch/scan_flow.go:447.2,448.13 2 2
scanner_eth/fetch/scan_flow.go:451.70,454.36 3 31
scanner_eth/fetch/scan_flow.go:454.36,456.3 1 3
scanner_eth/fetch/scan_flow.go:457.2,457.58 1 31
scanner_eth/fetch/scan_flow.go:457.58,459.3 1 0
scanner_eth/fetch/scan_flow.go:460.2,461.13 2 31
scanner_eth/fetch/scan_flow.go:464.63,468.2 3 31
scanner_eth/fetch/scan_flow.go:470.67,475.2 4 31
scanner_eth/fetch/scan_flow.go:477.66,480.35 3 2
scanner_eth/fetch/scan_flow.go:480.35,482.3 1 2
scanner_eth/fetch/scan_flow.go:483.2,483.55 1 2
scanner_eth/fetch/scan_flow.go:483.55,485.3 1 0
scanner_eth/fetch/scan_flow.go:486.2,487.13 2 2
scanner_eth/fetch/scan_flow.go:490.59,494.2 3 2
scanner_eth/fetch/scan_flow.go:496.63,501.2 4 2
scanner_eth/fetch/scan_flow.go:503.52,505.34 2 2
scanner_eth/fetch/scan_flow.go:505.34,506.47 1 2
scanner_eth/fetch/scan_flow.go:506.47,508.4 1 5
scanner_eth/fetch/scan_flow.go:512.71,513.17 1 5
scanner_eth/fetch/scan_flow.go:513.17,515.3 1 0
scanner_eth/fetch/scan_flow.go:517.2,518.9 2 5
scanner_eth/fetch/scan_flow.go:518.9,520.3 1 1
scanner_eth/fetch/scan_flow.go:522.2,522.22 1 4
scanner_eth/fetch/scan_flow.go:522.22,525.3 2 1
scanner_eth/fetch/scan_flow.go:527.2,527.35 1 3
scanner_eth/fetch/scan_flow.go:530.104,532.45 2 462
scanner_eth/fetch/scan_flow.go:532.45,534.3 1 298
scanner_eth/fetch/scan_flow.go:536.2,541.9 3 164
scanner_eth/fetch/scan_flow.go:544.71,546.23 2 53
scanner_eth/fetch/scan_flow.go:546.23,548.3 1 39
scanner_eth/fetch/scan_flow.go:549.2,549.59 1 53
scanner_eth/fetch/scan_flow.go:552.97,553.35 1 31
scanner_eth/fetch/scan_flow.go:553.35,555.3 1 0
scanner_eth/fetch/scan_flow.go:556.2,558.24 2 31
scanner_eth/fetch/scan_flow.go:558.24,560.3 1 2
scanner_eth/fetch/scan_flow.go:562.2,562.64 1 29
scanner_eth/fetch/scan_flow.go:562.64,565.3 2 1
scanner_eth/fetch/scan_flow.go:566.2,566.33 1 28
scanner_eth/fetch/scan_flow.go:569.78,570.17 1 87
scanner_eth/fetch/scan_flow.go:570.17,572.3 1 0
scanner_eth/fetch/scan_flow.go:573.2,574.29 2 87
scanner_eth/fetch/scan_flow.go:574.29,576.3 1 0
scanner_eth/fetch/scan_flow.go:577.2,577.80 1 87
scanner_eth/fetch/store_worker.go:22.63,24.21 2 0
scanner_eth/fetch/store_worker.go:24.21,26.3 1 0
scanner_eth/fetch/store_worker.go:28.2,29.22 2 0
scanner_eth/fetch/store_worker.go:29.22,31.3 1 0
scanner_eth/fetch/store_worker.go:33.2,35.35 3 0
scanner_eth/fetch/store_worker.go:35.35,37.3 1 0
scanner_eth/fetch/store_worker.go:40.72,41.34 1 1
scanner_eth/fetch/store_worker.go:41.34,43.3 1 0
scanner_eth/fetch/store_worker.go:44.2,44.42 1 1
scanner_eth/fetch/store_worker.go:44.42,46.3 1 0
scanner_eth/fetch/store_worker.go:47.2,47.40 1 1
scanner_eth/fetch/store_worker.go:47.40,49.3 1 0
scanner_eth/fetch/store_worker.go:50.2,50.50 1 1
scanner_eth/fetch/store_worker.go:50.50,52.3 1 0
scanner_eth/fetch/store_worker.go:53.2,53.51 1 1
scanner_eth/fetch/store_worker.go:53.51,55.3 1 0
scanner_eth/fetch/store_worker.go:56.2,56.52 1 1
scanner_eth/fetch/store_worker.go:56.52,58.3 1 0
scanner_eth/fetch/store_worker.go:59.2,59.40 1 1
scanner_eth/fetch/store_worker.go:59.40,61.3 1 0
scanner_eth/fetch/store_worker.go:64.114,69.89 3 2
scanner_eth/fetch/store_worker.go:69.89,71.3 1 0
scanner_eth/fetch/store_worker.go:73.2,76.16 3 2
scanner_eth/fetch/store_worker.go:76.16,78.3 1 0
scanner_eth/fetch/store_worker.go:80.2,82.102 3 2
scanner_eth/fetch/store_worker.go:82.102,86.3 3 0
scanner_eth/fetch/store_worker.go:88.2,89.81 2 2
scanner_eth/fetch/store_worker.go:89.81,92.3 2 0
scanner_eth/fetch/store_worker.go:93.2,93.26 1 2
scanner_eth/fetch/store_worker.go:93.26,96.3 2 1
scanner_eth/fetch/store_worker.go:97.2,100.18 3 1
scanner_eth/fetch/store_worker.go:100.18,103.3 2 0
scanner_eth/fetch/store_worker.go:104.2,122.29 17 1
scanner_eth/fetch/store_worker.go:122.29,124.3 1 0
scanner_eth/fetch/store_worker.go:126.2,126.12 1 1
scanner_eth/fetch/store_worker.go:126.12,127.30 1 1
scanner_eth/fetch/store_worker.go:127.30,129.4 1 0
scanner_eth/fetch/store_worker.go:132.2,134.12 2 1
scanner_eth/fetch/store_worker.go:134.12,136.7 1 1
scanner_eth/fetch/store_worker.go:136.7,137.11 1 1
scanner_eth/fetch/store_worker.go:138.37,139.21 1 0
scanner_eth/fetch/store_worker.go:139.21,141.6 1 0
scanner_eth/fetch/store_worker.go:143.5,144.26 2 0
scanner_eth/fetch/store_worker.go:144.26,145.16 1 0
scanner_eth/fetch/store_worker.go:151.2,151.17 1 1
scanner_eth/fetch/store_worker.go:151.17,154.3 2 0
scanner_eth/fetch/store_worker.go:156.2,166.51 3 1
scanner_eth/fetch/store_worker.go:166.51,167.58 1 1
scanner_eth/fetch/store_worker.go:167.58,170.4 2 0
scanner_eth/fetch/store_worker.go:172.3,172.155 1 1
scanner_eth/fetch/store_worker.go:172.155,175.4 2 0
scanner_eth/fetch/store_worker.go:177.3,178.32 2 1
scanner_eth/fetch/store_worker.go:178.32,181.4 2 0
scanner_eth/fetch/store_worker.go:182.3,182.37 1 1
scanner_eth/fetch/store_worker.go:182.37,185.4 2 0
scanner_eth/fetch/store_worker.go:187.3,187.13 1 1
scanner_eth/fetch/store_worker.go:188.17,191.3 2 0
scanner_eth/fetch/store_worker.go:193.2,195.32 2 1
scanner_eth/fetch/store_worker.go:198.108,204.29 5 13
scanner_eth/fetch/store_worker.go:204.29,213.3 3 0
scanner_eth/fetch/store_worker.go:214.2,214.14 1 13
scanner_eth/fetch/store_worker.go:214.14,223.3 3 0
scanner_eth/fetch/store_worker.go:224.2,224.14 1 13
scanner_eth/fetch/store_worker.go:227.51,229.22 2 13
scanner_eth/fetch/store_worker.go:229.22,231.3 1 0
scanner_eth/fetch/store_worker.go:232.2,232.10 1 13
scanner_eth/fetch/store_worker.go:272.131,279.2 1 0
scanner_eth/fetch/store_worker.go:281.30,282.12 1 0
scanner_eth/fetch/store_worker.go:282.12,283.7 1 0
scanner_eth/fetch/store_worker.go:283.7,284.41 1 0
scanner_eth/fetch/store_worker.go:284.41,286.4 2 0
scanner_eth/fetch/store_worker.go:287.5,295.21 7 0
scanner_eth/fetch/store_worker.go:296.13,298.33 2 0
scanner_eth/fetch/store_worker.go:298.33,300.7 1 0
scanner_eth/fetch/store_worker.go:301.6,301.80 1 0
scanner_eth/fetch/store_worker.go:302.24,304.33 2 0
scanner_eth/fetch/store_worker.go:304.33,306.7 1 0
scanner_eth/fetch/store_worker.go:307.6,307.36 1 0
scanner_eth/fetch/store_worker.go:308.19,310.33 2 0
scanner_eth/fetch/store_worker.go:310.33,312.7 1 0
scanner_eth/fetch/store_worker.go:313.6,313.80 1 0
scanner_eth/fetch/store_worker.go:314.29,316.33 2 0
scanner_eth/fetch/store_worker.go:316.33,318.7 1 0
scanner_eth/fetch/store_worker.go:319.6,319.80 1 0
scanner_eth/fetch/store_worker.go:320.30,322.33 2 0
scanner_eth/fetch/store_worker.go:322.33,324.7 1 0
scanner_eth/fetch/store_worker.go:325.6,325.80 1 0
scanner_eth/fetch/store_worker.go:326.31,328.33 2 0
scanner_eth/fetch/store_worker.go:328.33,330.7 1 0
scanner_eth/fetch/store_worker.go:331.6,331.80 1 0
scanner_eth/fetch/store_worker.go:332.24,334.33 2 0
scanner_eth/fetch/store_worker.go:334.33,336.7 1 0
scanner_eth/fetch/store_worker.go:338.6,338.138 1 0
scanner_eth/fetch/store_worker.go:339.23,341.33 2 0
scanner_eth/fetch/store_worker.go:341.33,343.7 1 0
scanner_eth/fetch/store_worker.go:345.6,345.138 1 0
scanner_eth/fetch/store_worker.go:346.25,348.33 2 0
scanner_eth/fetch/store_worker.go:348.33,350.7 1 0
scanner_eth/fetch/store_worker.go:352.6,352.146 1 0
scanner_eth/fetch/store_worker.go:353.22,355.33 2 0
scanner_eth/fetch/store_worker.go:355.33,357.7 1 0
scanner_eth/fetch/store_worker.go:359.6,359.173 1 0
scanner_eth/fetch/store_worker.go:360.19,362.33 2 0
scanner_eth/fetch/store_worker.go:362.33,364.7 1 0
scanner_eth/fetch/store_worker.go:365.6,365.80 1 0
scanner_eth/fetch/store_worker.go:366.24,368.33 2 0
scanner_eth/fetch/store_worker.go:368.33,370.7 1 0
scanner_eth/fetch/store_worker.go:371.6,371.80 1 0
scanner_eth/fetch/store_worker.go:372.25,374.33 2 0
scanner_eth/fetch/store_worker.go:374.33,376.7 1 0
scanner_eth/fetch/store_worker.go:377.6,377.80 1 0
scanner_eth/fetch/store_worker.go:378.13,379.32 1 0
scanner_eth/fetch/store_worker.go:382.5,382.19 1 0
scanner_eth/fetch/store_worker.go:382.19,385.23 2 0
scanner_eth/fetch/store_worker.go:385.23,387.17 2 0
scanner_eth/fetch/store_worker.go:391.5,391.72 1 0
scanner_eth/fetch/stored_block_state.go:10.45,14.2 1 22
scanner_eth/fetch/stored_block_state.go:16.36,20.2 3 3
scanner_eth/fetch/stored_block_state.go:22.50,24.16 2 1040
scanner_eth/fetch/stored_block_state.go:24.16,26.3 1 0
scanner_eth/fetch/stored_block_state.go:28.2,31.15 4 1040
scanner_eth/fetch/stored_block_state.go:34.45,36.16 2 59
scanner_eth/fetch/stored_block_state.go:36.16,38.3 1 0
scanner_eth/fetch/stored_block_state.go:40.2,42.15 3 59
scanner_eth/fetch/stored_block_state.go:45.45,47.16 2 23
scanner_eth/fetch/stored_block_state.go:47.16,49.3 1 0
scanner_eth/fetch/stored_block_state.go:51.2,53.15 3 23
scanner_eth/fetch/sync_block_data.go:9.62,11.16 2 116
scanner_eth/fetch/sync_block_data.go:11.16,13.3 1 0
scanner_eth/fetch/sync_block_data.go:15.2,16.17 2 116
scanner_eth/fetch/sync_block_data.go:16.17,18.3 1 0
scanner_eth/fetch/sync_block_data.go:20.2,21.49 2 116
scanner_eth/fetch/sync_block_data.go:21.49,23.3 1 107
scanner_eth/fetch/sync_block_data.go:24.2,24.19 1 116
scanner_eth/fetch/sync_block_data.go:24.19,26.17 2 9
scanner_eth/fetch/sync_block_data.go:26.17,28.4 1 3
scanner_eth/fetch/sync_block_data.go:29.3,30.20 2 6
scanner_eth/fetch/sync_block_data.go:30.20,32.4 1 5
scanner_eth/fetch/sync_block_data.go:33.3,33.39 1 1
scanner_eth/fetch/sync_block_data.go:36.2,37.16 2 108
scanner_eth/fetch/sync_block_data.go:37.16,39.3 1 0
scanner_eth/fetch/sync_block_data.go:41.2,42.16 2 108
scanner_eth/fetch/sync_block_data.go:42.16,44.3 1 70
scanner_eth/fetch/sync_block_data.go:46.2,49.22 4 38
scanner_eth/fetch/sync_block_data.go:49.22,52.3 2 11
scanner_eth/fetch/sync_block_data.go:54.2,60.13 4 27
scanner_eth/fetch/sync_block_data.go:63.63,64.19 1 35
scanner_eth/fetch/sync_block_data.go:64.19,66.3 1 0
scanner_eth/fetch/sync_block_data.go:68.2,69.16 2 35
scanner_eth/fetch/sync_block_data.go:69.16,71.3 1 0
scanner_eth/fetch/sync_block_data.go:73.2,76.66 4 35
scanner_eth/fetch/sync_block_data.go:79.51,80.46 1 35
scanner_eth/fetch/sync_block_data.go:80.46,82.3 1 0
scanner_eth/fetch/sync_block_data.go:83.2,84.45 2 35
scanner_eth/fetch/sync_block_data.go:84.45,86.3 1 0
scanner_eth/fetch/sync_block_data.go:87.2,87.19 1 35
scanner_eth/fetch/sync_block_data.go:87.19,89.3 1 0
scanner_eth/fetch/sync_block_data.go:90.2,90.19 1 35
scanner_eth/fetch/task_pool.go:46.89,47.30 1 25
scanner_eth/fetch/task_pool.go:47.30,49.3 1 3
scanner_eth/fetch/task_pool.go:50.2,50.30 1 25
scanner_eth/fetch/task_pool.go:50.30,52.3 1 2
scanner_eth/fetch/task_pool.go:53.2,53.32 1 25
scanner_eth/fetch/task_pool.go:53.32,55.3 1 3
scanner_eth/fetch/task_pool.go:56.2,56.34 1 25
scanner_eth/fetch/task_pool.go:56.34,58.3 1 3
scanner_eth/fetch/task_pool.go:59.2,59.26 1 25
scanner_eth/fetch/task_pool.go:59.26,61.3 1 0
scanner_eth/fetch/task_pool.go:62.2,62.27 1 25
scanner_eth/fetch/task_pool.go:62.27,64.3 1 3
scanner_eth/fetch/task_pool.go:65.2,65.34 1 25
scanner_eth/fetch/task_pool.go:65.34,67.3 1 0
scanner_eth/fetch/task_pool.go:68.2,68.16 1 25
scanner_eth/fetch/task_pool.go:94.109,106.2 2 22
scanner_eth/fetch/task_pool.go:108.50,109.16 1 79
scanner_eth/fetch/task_pool.go:109.16,111.3 1 0
scanner_eth/fetch/task_pool.go:112.2,115.11 4 79
scanner_eth/fetch/task_pool.go:118.45,119.16 1 74
scanner_eth/fetch/task_pool.go:119.16,121.3 1 0
scanner_eth/fetch/task_pool.go:122.2,123.23 2 74
scanner_eth/fetch/task_pool.go:123.23,125.3 1 0
scanner_eth/fetch/task_pool.go:126.2,127.16 2 74
scanner_eth/fetch/task_pool.go:130.45,131.16 1 79
scanner_eth/fetch/task_pool.go:131.16,133.3 1 0
scanner_eth/fetch/task_pool.go:134.2,136.16 3 79
scanner_eth/fetch/task_pool.go:139.36,143.2 3 0
scanner_eth/fetch/task_pool.go:145.40,150.2 4 2
scanner_eth/fetch/task_pool.go:152.47,154.2 1 79
scanner_eth/fetch/task_pool.go:156.42,158.2 1 74
scanner_eth/fetch/task_pool.go:160.42,162.2 1 79
scanner_eth/fetch/task_pool.go:164.46,166.2 1 3
scanner_eth/fetch/task_pool.go:168.72,171.36 3 56
scanner_eth/fetch/task_pool.go:171.36,173.3 1 2
scanner_eth/fetch/task_pool.go:174.2,175.72 2 54
scanner_eth/fetch/task_pool.go:178.69,179.36 1 116
scanner_eth/fetch/task_pool.go:179.36,181.3 1 0
scanner_eth/fetch/task_pool.go:182.2,182.39 1 116
scanner_eth/fetch/task_pool.go:182.39,184.3 1 39
scanner_eth/fetch/task_pool.go:186.2,187.39 2 116
scanner_eth/fetch/task_pool.go:187.39,188.10 1 77
scanner_eth/fetch/task_pool.go:189.29,190.15 1 77
scanner_eth/fetch/task_pool.go:191.11,191.11 0 0
scanner_eth/fetch/task_pool.go:194.2,194.11 1 116
scanner_eth/fetch/task_pool.go:194.11,195.10 1 39
scanner_eth/fetch/task_pool.go:196.31,197.15 1 39
scanner_eth/fetch/task_pool.go:198.11,198.11 0 0
scanner_eth/fetch/task_pool.go:202.2,202.10 1 116
scanner_eth/fetch/task_pool.go:202.10,205.3 2 116
scanner_eth/fetch/task_pool.go:207.2,208.17 2 0
scanner_eth/fetch/task_pool.go:208.17,210.3 1 0
scanner_eth/fetch/task_pool.go:211.2,212.14 2 0
scanner_eth/fetch/task_pool.go:215.29,216.20 1 61
scanner_eth/fetch/task_pool.go:216.20,218.26 2 10
scanner_eth/fetch/task_pool.go:218.26,220.4 1 0
scanner_eth/fetch/task_pool.go:221.3,221.26 1 10
scanner_eth/fetch/task_pool.go:221.26,223.4 1 0
scanner_eth/fetch/task_pool.go:224.3,224.28 1 10
scanner_eth/fetch/task_pool.go:224.28,226.4 1 0
scanner_eth/fetch/task_pool.go:227.3,227.23 1 10
scanner_eth/fetch/task_pool.go:227.23,229.4 1 0
scanner_eth/fetch/task_pool.go:230.3,230.30 1 10
scanner_eth/fetch/task_pool.go:230.30,232.4 1 0
scanner_eth/fetch/task_pool.go:233.3,233.39 1 10
scanner_eth/fetch/task_pool.go:233.39,236.4 2 10
scanner_eth/fetch/task_pool.go:240.44,244.6 3 0
scanner_eth/fetch/task_pool.go:244.6,245.10 1 0
scanner_eth/fetch/task_pool.go:246.20,247.10 1 0
scanner_eth/fetch/task_pool.go:248.19,262.5 2 0
scanner_eth/fetch/task_pool.go:267.37,269.6 2 10
scanner_eth/fetch/task_pool.go:269.6,272.10 2 126
scanner_eth/fetch/task_pool.go:273.20,274.10 1 0
scanner_eth/fetch/task_pool.go:275.30,275.30 0 44
scanner_eth/fetch/task_pool.go:276.11,277.11 1 82
scanner_eth/fetch/task_pool.go:278.21,279.11 1 4
scanner_eth/fetch/task_pool.go:280.31,280.31 0 33
scanner_eth/fetch/task_pool.go:281.33,281.33 0 39
scanner_eth/fetch/task_pool.go:285.3,285.18 1 116
scanner_eth/fetch/task_pool.go:285.18,286.12 1 0
scanner_eth/fetch/task_pool.go:288.3,291.14 3 116
scanner_eth/fetch/task_pool.go:291.14,294.12 3 27
scanner_eth/fetch/task_pool.go:297.3,297.31 1 89
scanner_eth/fetch/task_pool.go:297.31,300.32 3 60
scanner_eth/fetch/task_pool.go:300.32,301.13 1 60
scanner_eth/fetch/task_pool.go:305.3,306.24 2 29
scanner_eth/fetch/task_pool.go:310.53,311.36 1 116
scanner_eth/fetch/task_pool.go:311.36,313.3 1 0
scanner_eth/fetch/task_pool.go:314.2,317.20 4 116
scanner_eth/fetch/task_pool.go:317.20,319.3 1 0
scanner_eth/fetch/task_pool.go:320.2,320.22 1 116
scanner_eth/fetch/task_pool.go:323.28,324.17 1 7
scanner_eth/fetch/task_pool.go:324.17,326.3 1 3
scanner_eth/fetch/task_pool.go:327.2,327.24 1 4
scanner_eth/fetch/task_pool.go:327.24,328.23 1 4
scanner_eth/fetch/task_pool.go:328.23,330.4 1 4
scanner_eth/fetch/task_pool.go:331.3,332.21 2 4
scanner_eth/fetch/task_pool.go:336.36,339.50 3 3
scanner_eth/fetch/task_pool.go:339.50,341.3 1 3
scanner_eth/fetch/task_pool.go:342.2,342.54 1 3
scanner_eth/fetch/task_pool.go:342.54,344.3 1 3
scanner_eth/fetch/task_pool.go:346.2,361.16 16 3
scanner_eth/fetch/task_pool.go:364.43,382.2 2 2
scanner_eth/leader/election.go:31.73,41.2 3 0
scanner_eth/leader/election.go:44.55,45.12 1 6
scanner_eth/leader/election.go:45.12,49.7 3 6
scanner_eth/leader/election.go:49.7,50.11 1 6
scanner_eth/leader/election.go:51.22,52.11 1 6
scanner_eth/leader/election.go:54.20,55.23 1 0
scanner_eth/leader/election.go:55.23,57.6 1 0
scanner_eth/leader/election.go:60.5,60.31 1 0
scanner_eth/leader/election.go:60.31,61.28 1 0
scanner_eth/leader/election.go:61.28,64.7 2 0
scanner_eth/leader/election.go:65.11,65.54 1 0
scanner_eth/leader/election.go:65.54,68.6 2 0
scanner_eth/leader/election.go:75.83,76.32 1 7
scanner_eth/leader/election.go:76.32,78.3 1 7
scanner_eth/leader/election.go:80.2,87.47 2 0
scanner_eth/leader/election.go:87.47,89.3 1 0
scanner_eth/leader/election.go:91.2,92.13 2 0
scanner_eth/leader/election.go:96.41,97.30 1 9
scanner_eth/leader/election.go:97.30,99.3 1 9
scanner_eth/leader/election.go:100.2,100.20 1 0
scanner_eth/leader/election.go:100.20,102.3 1 0
scanner_eth/leader/election.go:103.2,103.71 1 0
scanner_eth/leader/election.go:107.36,108.30 1 11
scanner_eth/leader/election.go:108.30,111.3 2 11
scanner_eth/leader/election.go:112.2,112.20 1 0
scanner_eth/leader/election.go:112.20,114.17 2 0
scanner_eth/leader/election.go:114.17,116.4 1 0
scanner_eth/leader/election.go:117.3,117.16 1 0
scanner_eth/leader/election.go:123.40,125.26 2 4
scanner_eth/leader/election.go:125.26,127.3 1 0
scanner_eth/leader/election.go:128.2,128.9 1 4
scanner_eth/leader/election.go:129.35,129.35 0 4
scanner_eth/leader/election.go:130.10,130.10 0 0
scanner_eth/leader/election.go:141.3,142.6 1 4
scanner_eth/leader/election.go:142.6,143.10 1 8
scanner_eth/leader/election.go:144.21,145.10 1 1
scanner_eth/leader/election.go:146.11,146.11 0 7
scanner_eth/leader/election.go:149.3,149.44 1 7
scanner_eth/leader/election.go:149.44,151.12 2 0
scanner_eth/leader/election.go:154.3,155.28 2 7
scanner_eth/leader/election.go:155.28,156.46 1 7
scanner_eth/leader/election.go:156.46,159.13 3 1
scanner_eth/leader/election.go:163.3,165.26 2 6
scanner_eth/leader/election.go:165.26,167.4 1 6
scanner_eth/leader/election.go:169.3,169.23 1 6
scanner_eth/leader/election.go:169.23,171.4 1 3
scanner_eth/leader/election.go:173.3,173.80 1 3
scanner_eth/leader/election.go:177.93,182.23 4 6
scanner_eth/leader/election.go:182.23,184.3 1 0
scanner_eth/leader/election.go:186.2,189.6 3 6
scanner_eth/leader/election.go:189.6,190.10 1 13
scanner_eth/leader/election.go:191.21,193.10 2 2
scanner_eth/leader/election.go:194.24,196.10 2 2
scanner_eth/leader/election.go:197.19,198.26 1 9
scanner_eth/leader/election.go:198.26,201.5 2 2
